[2022-05-07 19:30:22.263] [exthost] [info] Extension host with pid 823 started
[2022-05-07 19:30:22.289] [exthost] [info] Lock '/home/alicja/.vscode-server/data/User/workspaceStorage/46e07aa4dd2b1af7a16d134b471a94ab/vscode.lock': Lock acquired.
[2022-05-07 19:30:22.383] [exthost] [info] ExtensionService#_doActivateExtension vscode.extension-editing, startup: false, activationEvent: 'onLanguage:markdown'
[2022-05-07 19:30:22.423] [exthost] [info] ExtensionService#_doActivateExtension vscode.markdown-language-features, startup: false, activationEvent: 'onLanguage:markdown'
[2022-05-07 19:30:22.564] [exthost] [info] ExtensionService#_doActivateExtension vscode.debug-auto-launch, startup: true, activationEvent: '*'
[2022-05-07 19:30:22.573] [exthost] [info] ExtensionService#_doActivateExtension vscode.git-base, startup: true, activationEvent: '*', root cause: vscode.git
[2022-05-07 19:30:22.585] [exthost] [info] ExtensionService#_doActivateExtension vscode.ipynb, startup: true, activationEvent: '*'
[2022-05-07 19:30:22.621] [exthost] [info] ExtensionService#_doActivateExtension vscode.npm, startup: true, activationEvent: 'workspaceContains:package.json'
[2022-05-07 19:30:23.045] [exthost] [info] ExtensionService#_doActivateExtension vscode.git, startup: true, activationEvent: '*'
[2022-05-07 19:30:23.258] [exthost] [info] ExtensionService#_doActivateExtension vscode.github, startup: true, activationEvent: '*'
[2022-05-07 19:30:23.561] [exthost] [info] ExtensionService#_doActivateExtension vscode.markdown-math, startup: false, activationEvent: 'api', root cause: vscode.markdown-language-features
[2022-05-07 19:30:23.739] [exthost] [info] ExtensionService#_doActivateExtension vscode.configuration-editing, startup: false, activationEvent: 'onLanguage:json'
[2022-05-07 19:30:23.761] [exthost] [info] ExtensionService#_doActivateExtension vscode.json-language-features, startup: false, activationEvent: 'onLanguage:json'
[2022-05-07 19:30:24.516] [exthost] [info] ExtensionService#_doActivateExtension vscode.emmet, startup: false, activationEvent: 'onStartupFinished'
[2022-05-07 19:30:24.562] [exthost] [info] ExtensionService#_doActivateExtension vscode.merge-conflict, startup: false, activationEvent: 'onStartupFinished'
[2022-05-07 19:30:24.570] [exthost] [info] Eager extensions activated
[2022-05-07 19:30:25.129] [exthost] [info] ExtensionService#_doActivateExtension vscode.typescript-language-features, startup: false, activationEvent: 'onLanguage:jsonc'
[2022-05-08 17:57:58.479] [exthost] [info] extension host terminating: received terminate message from renderer
[2022-05-08 17:57:59.001] [exthost] [info] Lock '/home/alicja/.vscode-server/data/User/workspaceStorage/46e07aa4dd2b1af7a16d134b471a94ab/vscode.lock': Marking the lockfile as scheduled to be released in 6000 ms.
[2022-05-08 17:57:59.653] [exthost] [info] Extension host with pid 823 exiting with code 0
