[2022-05-14T08:52:41.245Z] Validating found git in: git
[2022-05-14T08:52:41.335Z] Using git 2.25.1 from git
[2022-05-14T08:52:41.427Z] > git rev-parse --show-toplevel [74ms]
[2022-05-14T08:52:41.445Z] > git rev-parse --git-dir --git-common-dir [3ms]
[2022-05-14T08:52:41.463Z] Open repository: /home/alicja/My-First-Blog-Post
[2022-05-14T08:52:41.532Z] > git status -z -uall [53ms]
[2022-05-14T08:52:41.604Z] > git symbolic-ref --short HEAD [63ms]
[2022-05-14T08:52:41.626Z] > git for-each-ref --format=%(refname)%00%(upstream:short)%00%(objectname)%00%(upstream:track)%00%(upstream:remotename)%00%(upstream:remoteref) refs/heads/main refs/remotes/main [13ms]
[2022-05-14T08:52:41.667Z] > git remote --verbose [18ms]
[2022-05-14T08:52:41.669Z] > git for-each-ref --sort -committerdate --format %(refname) %(objectname) %(*objectname) [31ms]
[2022-05-14T08:52:41.691Z] > git config --get commit.template [5ms]
[2022-05-14T08:52:42.135Z] > git check-ignore -v -z --stdin [3ms]
[2022-05-14T08:52:52.604Z] > git show --textconv :README.md [8ms]
[2022-05-14T08:52:52.604Z] > git ls-files --stage -- /home/alicja/My-First-Blog-Post/README.md [2ms]
[2022-05-14T08:52:52.611Z] > git cat-file -s 8f96f0c61c4eadd2a4e721a07e171ae8b89e346c [2ms]
[2022-05-14T08:52:53.896Z] > git show --textconv :My_website [10ms]
[2022-05-14T08:52:53.896Z] > git ls-files --stage -- /home/alicja/My-First-Blog-Post/My_website [2ms]
[2022-05-14T08:52:54.819Z] > git show --textconv :README.md [12ms]
[2022-05-14T08:52:54.823Z] > git ls-files --stage -- /home/alicja/My-First-Blog-Post/README.md [7ms]
[2022-05-14T08:52:54.837Z] > git cat-file -s 8f96f0c61c4eadd2a4e721a07e171ae8b89e346c [3ms]
[2022-05-14T08:52:57.390Z] > git show --textconv :My_website [20ms]
[2022-05-14T08:52:57.395Z] > git ls-files --stage -- /home/alicja/My-First-Blog-Post/My_website [8ms]
[2022-05-14T08:58:53.290Z] > git check-ignore -v -z --stdin [5ms]
[2022-05-14T09:01:41.046Z] > git status -z -uall [8ms]
[2022-05-14T09:01:41.063Z] > git symbolic-ref --short HEAD [4ms]
[2022-05-14T09:01:41.080Z] > git for-each-ref --format=%(refname)%00%(upstream:short)%00%(objectname)%00%(upstream:track)%00%(upstream:remotename)%00%(upstream:remoteref) refs/heads/main refs/remotes/main [5ms]
[2022-05-14T09:01:41.098Z] > git for-each-ref --sort -committerdate --format %(refname) %(objectname) %(*objectname) [9ms]
[2022-05-14T09:01:41.101Z] > git remote --verbose [5ms]
[2022-05-14T09:01:41.116Z] > git config --get commit.template [2ms]
[2022-05-14T09:01:49.440Z] > git status -z -uall [5ms]
[2022-05-14T09:01:49.459Z] > git symbolic-ref --short HEAD [4ms]
[2022-05-14T09:01:49.478Z] > git for-each-ref --format=%(refname)%00%(upstream:short)%00%(objectname)%00%(upstream:track)%00%(upstream:remotename)%00%(upstream:remoteref) refs/heads/main refs/remotes/main [5ms]
[2022-05-14T09:01:49.513Z] > git remote --verbose [7ms]
[2022-05-14T09:01:49.517Z] > git for-each-ref --sort -committerdate --format %(refname) %(objectname) %(*objectname) [23ms]
[2022-05-14T09:01:49.548Z] > git config --get commit.template [4ms]
[2022-05-14T09:01:54.579Z] > git status -z -uall [6ms]
[2022-05-14T09:01:54.602Z] > git symbolic-ref --short HEAD [7ms]
[2022-05-14T09:01:54.620Z] > git for-each-ref --format=%(refname)%00%(upstream:short)%00%(objectname)%00%(upstream:track)%00%(upstream:remotename)%00%(upstream:remoteref) refs/heads/main refs/remotes/main [5ms]
[2022-05-14T09:01:54.651Z] > git remote --verbose [5ms]
[2022-05-14T09:01:54.653Z] > git for-each-ref --sort -committerdate --format %(refname) %(objectname) %(*objectname) [20ms]
[2022-05-14T09:01:54.683Z] > git config --get commit.template [7ms]
[2022-05-14T09:01:59.707Z] > git status -z -uall [6ms]
[2022-05-14T09:01:59.724Z] > git symbolic-ref --short HEAD [4ms]
[2022-05-14T09:01:59.741Z] > git for-each-ref --format=%(refname)%00%(upstream:short)%00%(objectname)%00%(upstream:track)%00%(upstream:remotename)%00%(upstream:remoteref) refs/heads/main refs/remotes/main [5ms]
[2022-05-14T09:01:59.769Z] > git remote --verbose [4ms]
[2022-05-14T09:01:59.771Z] > git for-each-ref --sort -committerdate --format %(refname) %(objectname) %(*objectname) [18ms]
[2022-05-14T09:01:59.797Z] > git config --get commit.template [3ms]
