0 verbose cli /home/alicja/.nvm/versions/node/v18.0.0/bin/node /home/alicja/.nvm/versions/node/v18.0.0/bin/npm
1 info using npm@8.6.0
2 info using node@v18.0.0
3 timing npm:load:whichnode Completed in 1ms
4 timing config:load:defaults Completed in 3ms
5 timing config:load:file:/home/alicja/.nvm/versions/node/v18.0.0/lib/node_modules/npm/npmrc Completed in 3ms
6 timing config:load:builtin Completed in 3ms
7 timing config:load:cli Completed in 6ms
8 timing config:load:env Completed in 1ms
9 timing config:load:project Completed in 8ms
10 timing config:load:file:/home/alicja/.npmrc Completed in 0ms
11 timing config:load:user Completed in 1ms
12 timing config:load:file:/home/alicja/.nvm/versions/node/v18.0.0/etc/npmrc Completed in 1ms
13 timing config:load:global Completed in 1ms
14 timing config:load:validate Completed in 0ms
15 timing config:load:credentials Completed in 3ms
16 timing config:load:setEnvs Completed in 2ms
17 timing config:load Completed in 31ms
18 timing npm:load:configload Completed in 31ms
19 timing npm:load:mkdirpcache Completed in 3ms
20 timing npm:load:mkdirplogs Completed in 2ms
21 verbose title npm install
22 verbose argv "install"
23 timing npm:load:setTitle Completed in 2ms
24 timing config:load:flatten Completed in 7ms
25 timing npm:load:display Completed in 10ms
26 verbose logfile logs-max:10 dir:/home/alicja/.npm/_logs
27 verbose logfile /home/alicja/.npm/_logs/2022-05-22T08_43_50_700Z-debug-0.log
28 timing npm:load:logFile Completed in 9ms
29 timing npm:load:timers Completed in 0ms
30 timing npm:load:configScope Completed in 0ms
31 timing npm:load Completed in 59ms
32 timing arborist:ctor Completed in 2ms
33 silly logfile start cleaning logs, removing 3 files
34 silly logfile done cleaning log files
35 timing idealTree:init Completed in 19ms
36 timing idealTree:userRequests Completed in 0ms
37 silly idealTree buildDeps
38 timing idealTree:#root Completed in 0ms
39 timing idealTree:buildDeps Completed in 3ms
40 timing idealTree:fixDepFlags Completed in 0ms
41 timing idealTree Completed in 25ms
42 timing reify:loadTrees Completed in 32ms
43 timing reify:diffTrees Completed in 1ms
44 silly reify moves {}
45 timing reify:retireShallow Completed in 2ms
46 timing reify:createSparse Completed in 0ms
47 timing reify:loadBundles Completed in 0ms
48 silly audit report null
49 timing reify:audit Completed in 1ms
50 timing reify:unpack Completed in 1ms
51 timing reify:unretire Completed in 0ms
52 timing build:queue Completed in 0ms
53 timing build:deps Completed in 1ms
54 timing build Completed in 1ms
55 timing reify:build Completed in 2ms
56 timing reify:trash Completed in 0ms
57 timing reify:save Completed in 3ms
58 timing reify Completed in 84ms
59 timing command:install Completed in 94ms
60 verbose stack Error: ENOENT: no such file or directory, open '/home/alicja/package.json'
61 verbose cwd /home/alicja
62 verbose Linux 5.10.16.3-microsoft-standard-WSL2
63 verbose node v18.0.0
64 verbose npm  v8.6.0
65 error code ENOENT
66 error syscall open
67 error path /home/alicja/package.json
68 error errno -2
69 error enoent ENOENT: no such file or directory, open '/home/alicja/package.json'
70 error enoent This is related to npm not being able to find a file.
70 error enoent
71 verbose exit -2
72 timing npm Completed in 537ms
73 verbose code -2
74 error A complete log of this run can be found in:
74 error     /home/alicja/.npm/_logs/2022-05-22T08_43_50_700Z-debug-0.log
