0 verbose cli /home/alicja/.nvm/versions/node/v18.0.0/bin/node /home/alicja/.nvm/versions/node/v18.0.0/bin/npm
1 info using npm@8.6.0
2 info using node@v18.0.0
3 timing npm:load:whichnode Completed in 0ms
4 timing config:load:defaults Completed in 11ms
5 timing config:load:file:/home/alicja/.nvm/versions/node/v18.0.0/lib/node_modules/npm/npmrc Completed in 12ms
6 timing config:load:builtin Completed in 14ms
7 timing config:load:cli Completed in 5ms
8 timing config:load:env Completed in 1ms
9 timing config:load:file:/home/alicja/.cache/typescript/4.6/.npmrc Completed in 1ms
10 timing config:load:project Completed in 29ms
11 timing config:load:file:/home/alicja/.npmrc Completed in 1ms
12 timing config:load:user Completed in 1ms
13 timing config:load:file:/home/alicja/.nvm/versions/node/v18.0.0/etc/npmrc Completed in 0ms
14 timing config:load:global Completed in 1ms
15 timing config:load:validate Completed in 0ms
16 timing config:load:credentials Completed in 2ms
17 timing config:load:setEnvs Completed in 7ms
18 timing config:load Completed in 75ms
19 timing npm:load:configload Completed in 75ms
20 timing npm:load:mkdirpcache Completed in 3ms
21 timing npm:load:mkdirplogs Completed in 1ms
22 verbose title npm install types-registry@latest
23 verbose argv "install" "--ignore-scripts" "types-registry@latest"
24 timing npm:load:setTitle Completed in 2ms
25 timing config:load:flatten Completed in 11ms
26 timing npm:load:display Completed in 14ms
27 verbose logfile logs-max:10 dir:/home/alicja/.npm/_logs
28 verbose logfile /home/alicja/.npm/_logs/2022-05-17T10_50_39_149Z-debug-0.log
29 timing npm:load:logFile Completed in 19ms
30 timing npm:load:timers Completed in 0ms
31 timing npm:load:configScope Completed in 0ms
32 timing npm:load Completed in 117ms
33 timing arborist:ctor Completed in 1ms
34 silly logfile start cleaning logs, removing 4 files
35 timing idealTree:init Completed in 61ms
36 silly logfile done cleaning log files
37 timing arborist:ctor Completed in 0ms
38 http fetch GET 200 https://registry.npmjs.org/types-registry 1125ms (cache revalidated)
39 timing idealTree:userRequests Completed in 1166ms
40 silly idealTree buildDeps
41 silly fetch manifest types-registry@0.1.592
42 silly placeDep ROOT types-registry@0.1.592 REPLACE for:  want: 0.1.592
43 timing idealTree:#root Completed in 31ms
44 timing idealTree:node_modules/types-registry Completed in 0ms
45 timing idealTree:buildDeps Completed in 36ms
46 timing idealTree:fixDepFlags Completed in 1ms
47 timing idealTree Completed in 1270ms
48 timing reify:loadTrees Completed in 1270ms
49 timing reify:diffTrees Completed in 10ms
50 silly reify moves {}
51 timing reify:retireShallow Completed in 5ms
52 timing reify:createSparse Completed in 0ms
53 timing reify:loadBundles Completed in 0ms
54 silly audit bulk request {
54 silly audit   '@types/chai': [ '4.3.1' ],
54 silly audit   '@types/chai-fs': [ '2.0.2' ],
54 silly audit   '@types/jsdom': [ '16.2.14' ],
54 silly audit   '@types/mocha': [ '9.1.1' ],
54 silly audit   '@types/node': [ '17.0.31' ],
54 silly audit   '@types/parse5': [ '6.0.3' ],
54 silly audit   '@types/tough-cookie': [ '4.0.2' ],
54 silly audit   'types-registry': [ '0.1.592' ]
54 silly audit }
55 timing reify:unpack Completed in 3ms
56 timing reify:unretire Completed in 0ms
57 timing build:queue Completed in 0ms
58 timing build:deps Completed in 1ms
59 timing build Completed in 2ms
60 timing reify:build Completed in 3ms
61 timing reify:trash Completed in 0ms
62 timing reify:save Completed in 44ms
63 http fetch POST 200 https://registry.npmjs.org/-/npm/v1/security/advisories/bulk 324ms
64 timing auditReport:getReport Completed in 333ms
65 silly audit report {}
66 timing auditReport:init Completed in 0ms
67 timing reify:audit Completed in 335ms
68 timing reify Completed in 1634ms
69 timing command:install Completed in 1646ms
70 verbose exit 0
71 timing npm Completed in 1957ms
72 info ok
