0 verbose cli /home/alicja/.nvm/versions/node/v18.0.0/bin/node /home/alicja/.nvm/versions/node/v18.0.0/bin/npm
1 info using npm@8.6.0
2 info using node@v18.0.0
3 timing npm:load:whichnode Completed in 1ms
4 timing config:load:defaults Completed in 5ms
5 timing config:load:file:/home/alicja/.nvm/versions/node/v18.0.0/lib/node_modules/npm/npmrc Completed in 3ms
6 timing config:load:builtin Completed in 5ms
7 timing config:load:cli Completed in 8ms
8 timing config:load:env Completed in 1ms
9 timing config:load:file:/home/alicja/.cache/typescript/4.6/.npmrc Completed in 1ms
10 timing config:load:project Completed in 31ms
11 timing config:load:file:/home/alicja/.npmrc Completed in 0ms
12 timing config:load:user Completed in 1ms
13 timing config:load:file:/home/alicja/.nvm/versions/node/v18.0.0/etc/npmrc Completed in 0ms
14 timing config:load:global Completed in 1ms
15 timing config:load:validate Completed in 1ms
16 timing config:load:credentials Completed in 3ms
17 timing config:load:setEnvs Completed in 2ms
18 timing config:load Completed in 61ms
19 timing npm:load:configload Completed in 62ms
20 timing npm:load:mkdirpcache Completed in 4ms
21 timing npm:load:mkdirplogs Completed in 1ms
22 verbose title npm install types-registry@latest
23 verbose argv "install" "--ignore-scripts" "types-registry@latest"
24 timing npm:load:setTitle Completed in 3ms
25 timing config:load:flatten Completed in 8ms
26 timing npm:load:display Completed in 11ms
27 verbose logfile logs-max:10 dir:/home/alicja/.npm/_logs
28 verbose logfile /home/alicja/.npm/_logs/2022-05-19T09_34_45_626Z-debug-0.log
29 timing npm:load:logFile Completed in 12ms
30 timing npm:load:timers Completed in 1ms
31 timing npm:load:configScope Completed in 0ms
32 timing npm:load Completed in 98ms
33 timing arborist:ctor Completed in 2ms
34 silly logfile start cleaning logs, removing 3 files
35 silly logfile done cleaning log files
36 timing idealTree:init Completed in 88ms
37 timing arborist:ctor Completed in 1ms
38 http fetch GET 200 https://registry.npmjs.org/types-registry 567ms (cache updated)
39 timing idealTree:userRequests Completed in 605ms
40 silly idealTree buildDeps
41 silly fetch manifest types-registry@0.1.593
42 silly placeDep ROOT types-registry@0.1.593 REPLACE for:  want: 0.1.593
43 timing idealTree:#root Completed in 17ms
44 timing idealTree:node_modules/types-registry Completed in 0ms
45 timing idealTree:buildDeps Completed in 20ms
46 timing idealTree:fixDepFlags Completed in 0ms
47 timing idealTree Completed in 717ms
48 timing reify:loadTrees Completed in 719ms
49 timing reify:diffTrees Completed in 3ms
50 silly reify mark retired [ '/home/alicja/.cache/typescript/4.6/node_modules/types-registry' ]
51 silly reify moves {
51 silly reify   '/home/alicja/.cache/typescript/4.6/node_modules/types-registry': '/home/alicja/.cache/typescript/4.6/node_modules/.types-registry-Bnh9e6vB'
51 silly reify }
52 timing reify:retireShallow Completed in 10ms
53 timing reify:createSparse Completed in 2ms
54 timing reify:loadBundles Completed in 0ms
55 silly audit bulk request {
55 silly audit   '@types/chai': [ '4.3.1' ],
55 silly audit   '@types/chai-fs': [ '2.0.2' ],
55 silly audit   '@types/jsdom': [ '16.2.14' ],
55 silly audit   '@types/mocha': [ '9.1.1' ],
55 silly audit   '@types/node': [ '17.0.31' ],
55 silly audit   '@types/parse5': [ '6.0.3' ],
55 silly audit   '@types/tough-cookie': [ '4.0.2' ],
55 silly audit   'types-registry': [ '0.1.593' ]
55 silly audit }
56 silly tarball no local data for types-registry@https://registry.npmjs.org/types-registry/-/types-registry-0.1.593.tgz. Extracting by manifest.
57 http fetch GET 200 https://registry.npmjs.org/types-registry/-/types-registry-0.1.593.tgz 170ms (cache miss)
58 timing reifyNode:node_modules/types-registry Completed in 181ms
59 timing reify:unpack Completed in 181ms
60 timing reify:unretire Completed in 0ms
61 timing build:queue Completed in 1ms
62 timing build:deps Completed in 1ms
63 timing build Completed in 1ms
64 timing reify:build Completed in 1ms
65 timing reify:trash Completed in 3ms
66 timing reify:save Completed in 13ms
67 http fetch POST 200 https://registry.npmjs.org/-/npm/v1/security/advisories/bulk 256ms
68 timing auditReport:getReport Completed in 258ms
69 silly audit report {}
70 timing auditReport:init Completed in 0ms
71 timing reify:audit Completed in 260ms
72 timing reify Completed in 1014ms
73 silly CHANGE node_modules/types-registry
74 timing command:install Completed in 1033ms
75 verbose exit 0
76 timing npm Completed in 1523ms
77 info ok
