[2022-05-04 18:51:28.511] [exthost] [info] Extension host with pid 954 started
[2022-05-04 18:51:28.532] [exthost] [info] Lock '/home/alicja/.vscode-server/data/User/workspaceStorage/46e07aa4dd2b1af7a16d134b471a94ab/vscode.lock': Lock acquired.
[2022-05-04 18:51:28.602] [exthost] [info] ExtensionService#_doActivateExtension vscode.debug-auto-launch, startup: true, activationEvent: '*'
[2022-05-04 18:51:28.622] [exthost] [info] ExtensionService#_doActivateExtension vscode.git-base, startup: true, activationEvent: '*', root cause: vscode.git
[2022-05-04 18:51:28.641] [exthost] [info] ExtensionService#_doActivateExtension vscode.ipynb, startup: true, activationEvent: '*'
[2022-05-04 18:51:28.686] [exthost] [info] ExtensionService#_doActivateExtension vscode.npm, startup: true, activationEvent: 'workspaceContains:package.json'
[2022-05-04 18:51:28.803] [exthost] [info] ExtensionService#_doActivateExtension vscode.git, startup: true, activationEvent: '*'
[2022-05-04 18:51:28.908] [exthost] [info] ExtensionService#_doActivateExtension vscode.github, startup: true, activationEvent: '*'
[2022-05-04 18:51:29.226] [exthost] [info] ExtensionService#_doActivateExtension vscode.emmet, startup: false, activationEvent: 'onStartupFinished'
[2022-05-04 18:51:29.259] [exthost] [info] ExtensionService#_doActivateExtension vscode.merge-conflict, startup: false, activationEvent: 'onStartupFinished'
[2022-05-04 18:51:29.265] [exthost] [info] Eager extensions activated
[2022-05-04 19:11:23.343] [exthost] [info] ExtensionService#_doActivateExtension vscode.extension-editing, startup: false, activationEvent: 'onLanguage:markdown'
[2022-05-04 19:11:23.390] [exthost] [info] ExtensionService#_doActivateExtension vscode.markdown-language-features, startup: false, activationEvent: 'onLanguage:markdown'
[2022-05-04 19:11:23.883] [exthost] [info] ExtensionService#_doActivateExtension vscode.markdown-math, startup: false, activationEvent: 'api', root cause: vscode.markdown-language-features
[2022-05-04 19:11:24.277] [exthost] [info] ExtensionService#_doActivateExtension vscode.configuration-editing, startup: false, activationEvent: 'onLanguage:json'
[2022-05-04 19:11:24.294] [exthost] [info] ExtensionService#_doActivateExtension vscode.json-language-features, startup: false, activationEvent: 'onLanguage:json'
[2022-05-04 19:11:25.193] [exthost] [info] ExtensionService#_doActivateExtension vscode.typescript-language-features, startup: false, activationEvent: 'onLanguage:jsonc'
[2022-05-04 19:12:31.213] [exthost] [info] ExtensionService#_doActivateExtension vscode.html-language-features, startup: false, activationEvent: 'onLanguage:html'
[2022-05-04 21:28:17.401] [exthost] [info] extension host terminating: received terminate message from renderer
[2022-05-04 21:28:17.414] [exthost] [info] Lock '/home/alicja/.vscode-server/data/User/workspaceStorage/46e07aa4dd2b1af7a16d134b471a94ab/vscode.lock': Marking the lockfile as scheduled to be released in 6000 ms.
[2022-05-04 21:28:17.678] [exthost] [info] Extension host with pid 954 exiting with code 0
