[2022-05-03T11:38:03.677Z] Validating found git in: git
[2022-05-03T11:38:03.720Z] Using git 2.25.1 from git
[2022-05-03T11:38:03.761Z] > git rev-parse --git-dir [8ms]
[2022-05-03T11:38:03.769Z] Open repository: /home/alicja/development/code/phase-0-completing-assignments
[2022-05-03T11:38:03.807Z] > git symbolic-ref --short HEAD [3ms]
[2022-05-03T11:38:03.815Z] > git for-each-ref --format=%(refname)%00%(upstream:short)%00%(objectname)%00%(upstream:track) refs/heads/master refs/remotes/master [2ms]
[2022-05-03T11:38:03.825Z] > git remote --verbose [2ms]
[2022-05-03T11:38:03.826Z] > git for-each-ref --sort -committerdate --format %(refname) %(objectname) %(*objectname) [7ms]
[2022-05-03T11:38:03.835Z] > git config --get commit.template [2ms]
[2022-05-03T11:38:14.364Z] > git ls-files --stage -- /home/alicja/development/code/phase-0-completing-assignments/README.md [166ms]
[2022-05-03T11:38:14.377Z] > git cat-file -s 2c818843ce69a5a45943fbef0842648440fed51a [5ms]
[2022-05-03T12:19:25.724Z] > git ls-files --stage -- /home/alicja/development/code/phase-0-completing-assignments/.learn [4ms]
[2022-05-03T12:19:25.750Z] > git cat-file -s fbe474ad100540e1382e5e1de850de0207b9fffb [4ms]
[2022-05-03T12:19:26.560Z] > git ls-files --stage -- /home/alicja/development/code/phase-0-completing-assignments/LICENSE.md [3ms]
[2022-05-03T12:19:26.567Z] > git cat-file -s fbd16f948ec894632fb9e66eff2f5590ee3ff5e8 [1ms]
[2022-05-03T12:19:27.685Z] > git ls-files --stage -- /home/alicja/development/code/phase-0-completing-assignments/package.json [4ms]
[2022-05-03T12:19:27.692Z] > git cat-file -s 22fb8f9c4a8454ab4b5eecaace4b1909a09375e8 [1ms]
[2022-05-03T12:19:31.144Z] > git ls-files --stage -- /home/alicja/development/code/phase-0-completing-assignments/.github/workflows/canvas-sync-html.yml [1ms]
[2022-05-03T12:19:31.151Z] > git cat-file -s a4e40c1215147698113d4abbf62b45486df18d3f [1ms]
[2022-05-03T12:19:39.876Z] > git ls-files --stage -- /home/alicja/development/code/phase-0-completing-assignments/.learn [2ms]
[2022-05-03T12:19:39.885Z] > git cat-file -s fbe474ad100540e1382e5e1de850de0207b9fffb [2ms]
[2022-05-03T12:20:49.322Z] > git symbolic-ref --short HEAD [3ms]
[2022-05-03T12:20:49.332Z] > git for-each-ref --format=%(refname)%00%(upstream:short)%00%(objectname)%00%(upstream:track) refs/heads/master refs/remotes/master [2ms]
[2022-05-03T12:20:49.358Z] > git remote --verbose [3ms]
[2022-05-03T12:20:49.358Z] > git for-each-ref --sort -committerdate --format %(refname) %(objectname) %(*objectname) [12ms]
[2022-05-03T12:20:49.370Z] > git config --get commit.template [1ms]
[2022-05-03T12:23:31.595Z] > git ls-files --stage -- /home/alicja/development/code/phase-0-completing-assignments/README.md [1ms]
[2022-05-03T12:23:31.603Z] > git cat-file -s 2c818843ce69a5a45943fbef0842648440fed51a [2ms]
[2022-05-04T08:23:54.184Z] > git ls-files --stage -- /home/alicja/development/code/phase-0-completing-assignments/.canvas [2ms]
[2022-05-04T08:23:54.205Z] > git cat-file -s a2f73b530d4413f50f51dd1f8806942c9c186884 [2ms]
[2022-05-04T08:23:55.553Z] > git ls-files --stage -- /home/alicja/development/code/phase-0-completing-assignments/.gitignore [1ms]
[2022-05-04T08:23:55.567Z] > git cat-file -s eaf1b33eb5b5a366fde107ff057ce2e40c3a7946 [2ms]
[2022-05-04T08:23:56.672Z] > git ls-files --stage -- /home/alicja/development/code/phase-0-completing-assignments/.learn [4ms]
[2022-05-04T08:23:56.679Z] > git cat-file -s fbe474ad100540e1382e5e1de850de0207b9fffb [2ms]
[2022-05-04T08:24:29.751Z] > git ls-files --stage -- /home/alicja/development/code/phase-0-completing-assignments/README.md [2ms]
[2022-05-04T08:24:29.764Z] > git cat-file -s 2c818843ce69a5a45943fbef0842648440fed51a [1ms]
[2022-05-04T08:26:19.244Z] > git ls-files --stage -- /home/alicja/development/code/phase-0-completing-assignments/.github/workflows/canvas-sync-html.yml [3ms]
[2022-05-04T08:26:19.263Z] > git cat-file -s a4e40c1215147698113d4abbf62b45486df18d3f [5ms]
[2022-05-04T08:26:26.827Z] > git ls-files --stage -- /home/alicja/development/code/phase-0-completing-assignments/README.md [2ms]
[2022-05-04T08:26:26.836Z] > git cat-file -s 2c818843ce69a5a45943fbef0842648440fed51a [1ms]
[2022-05-04T08:27:07.693Z] > git ls-files --stage -- /home/alicja/development/code/phase-0-completing-assignments/test/index-test.js [3ms]
[2022-05-04T08:27:07.707Z] > git cat-file -s 218657a59c29a85f67784d1b7c157dd069b21608 [3ms]
[2022-05-04T08:27:17.390Z] > git ls-files --stage -- /home/alicja/development/code/phase-0-completing-assignments/.canvas [4ms]
[2022-05-04T08:27:17.402Z] > git cat-file -s a2f73b530d4413f50f51dd1f8806942c9c186884 [2ms]
