[2022-05-19T10:19:16.273Z] Validating found git in: git
[2022-05-19T10:19:16.330Z] Using git 2.25.1 from git
[2022-05-19T10:19:16.388Z] > git rev-parse --show-toplevel [48ms]
[2022-05-19T10:19:16.431Z] > git rev-parse --git-dir --git-common-dir [33ms]
[2022-05-19T10:19:16.441Z] Open repository: /home/alicja
[2022-05-19T10:19:17.373Z] > git status -z -uall [919ms]
[2022-05-19T10:19:17.381Z] > git symbolic-ref --short HEAD [2ms]
[2022-05-19T10:19:17.392Z] > git for-each-ref --format=%(refname)%00%(upstream:short)%00%(objectname)%00%(upstream:track)%00%(upstream:remotename)%00%(upstream:remoteref) refs/heads/main refs/remotes/main [2ms]
[2022-05-19T10:19:17.405Z] > git remote --verbose [2ms]
[2022-05-19T10:19:17.407Z] > git for-each-ref --sort -committerdate --format %(refname) %(objectname) %(*objectname) [9ms]
[2022-05-19T10:19:17.505Z] > git config --get commit.template [1ms]
[2022-05-19T10:19:40.861Z] > git status -z -uall [68ms]
[2022-05-19T10:19:40.869Z] > git symbolic-ref --short HEAD [1ms]
[2022-05-19T10:19:40.878Z] > git for-each-ref --format=%(refname)%00%(upstream:short)%00%(objectname)%00%(upstream:track)%00%(upstream:remotename)%00%(upstream:remoteref) refs/heads/main refs/remotes/main [2ms]
[2022-05-19T10:19:40.891Z] > git remote --verbose [1ms]
[2022-05-19T10:19:40.892Z] > git for-each-ref --sort -committerdate --format %(refname) %(objectname) %(*objectname) [9ms]
[2022-05-19T10:19:40.965Z] > git config --get commit.template [9ms]
[2022-05-19T10:19:46.019Z] > git status -z -uall [42ms]
[2022-05-19T10:19:46.029Z] > git symbolic-ref --short HEAD [2ms]
[2022-05-19T10:19:46.037Z] > git for-each-ref --format=%(refname)%00%(upstream:short)%00%(objectname)%00%(upstream:track)%00%(upstream:remotename)%00%(upstream:remoteref) refs/heads/main refs/remotes/main [2ms]
[2022-05-19T10:19:46.049Z] > git remote --verbose [1ms]
[2022-05-19T10:19:46.050Z] > git for-each-ref --sort -committerdate --format %(refname) %(objectname) %(*objectname) [7ms]
[2022-05-19T10:19:46.104Z] > git config --get commit.template [8ms]
[2022-05-19T10:19:51.151Z] > git status -z -uall [37ms]
[2022-05-19T10:19:51.158Z] > git symbolic-ref --short HEAD [1ms]
[2022-05-19T10:19:51.166Z] > git for-each-ref --format=%(refname)%00%(upstream:short)%00%(objectname)%00%(upstream:track)%00%(upstream:remotename)%00%(upstream:remoteref) refs/heads/main refs/remotes/main [1ms]
[2022-05-19T10:19:51.197Z] > git remote --verbose [5ms]
[2022-05-19T10:19:51.198Z] > git for-each-ref --sort -committerdate --format %(refname) %(objectname) %(*objectname) [26ms]
[2022-05-19T10:19:51.258Z] > git config --get commit.template [2ms]
[2022-05-19T10:19:57.076Z] > git status -z -uall [53ms]
[2022-05-19T10:19:57.084Z] > git symbolic-ref --short HEAD [1ms]
[2022-05-19T10:19:57.092Z] > git for-each-ref --format=%(refname)%00%(upstream:short)%00%(objectname)%00%(upstream:track)%00%(upstream:remotename)%00%(upstream:remoteref) refs/heads/main refs/remotes/main [2ms]
[2022-05-19T10:19:57.108Z] > git remote --verbose [1ms]
[2022-05-19T10:19:57.109Z] > git for-each-ref --sort -committerdate --format %(refname) %(objectname) %(*objectname) [8ms]
[2022-05-19T10:19:57.157Z] > git config --get commit.template [1ms]
[2022-05-19T10:20:02.203Z] > git status -z -uall [38ms]
[2022-05-19T10:20:02.209Z] > git symbolic-ref --short HEAD [1ms]
[2022-05-19T10:20:02.217Z] > git for-each-ref --format=%(refname)%00%(upstream:short)%00%(objectname)%00%(upstream:track)%00%(upstream:remotename)%00%(upstream:remoteref) refs/heads/main refs/remotes/main [1ms]
[2022-05-19T10:20:02.228Z] > git remote --verbose [1ms]
[2022-05-19T10:20:02.229Z] > git for-each-ref --sort -committerdate --format %(refname) %(objectname) %(*objectname) [7ms]
[2022-05-19T10:20:02.289Z] > git config --get commit.template [1ms]
[2022-05-19T10:20:04.682Z] > git check-ignore -v -z --stdin [4ms]
[2022-05-19T10:20:04.757Z] > git show --textconv :hello/app.js [19ms]
[2022-05-19T10:20:04.760Z] > git ls-files --stage -- /home/alicja/hello/app.js [6ms]
[2022-05-19T10:20:32.775Z] > git status -z -uall [74ms]
[2022-05-19T10:20:32.782Z] > git symbolic-ref --short HEAD [1ms]
[2022-05-19T10:20:32.791Z] > git for-each-ref --format=%(refname)%00%(upstream:short)%00%(objectname)%00%(upstream:track)%00%(upstream:remotename)%00%(upstream:remoteref) refs/heads/main refs/remotes/main [2ms]
[2022-05-19T10:20:32.804Z] > git for-each-ref --sort -committerdate --format %(refname) %(objectname) %(*objectname) [7ms]
[2022-05-19T10:20:32.805Z] > git remote --verbose [2ms]
[2022-05-19T10:20:32.870Z] > git config --get commit.template [1ms]
[2022-05-19T10:20:37.939Z] > git status -z -uall [59ms]
[2022-05-19T10:20:37.959Z] > git symbolic-ref --short HEAD [12ms]
[2022-05-19T10:20:37.969Z] > git for-each-ref --format=%(refname)%00%(upstream:short)%00%(objectname)%00%(upstream:track)%00%(upstream:remotename)%00%(upstream:remoteref) refs/heads/main refs/remotes/main [2ms]
[2022-05-19T10:20:37.989Z] > git remote --verbose [6ms]
[2022-05-19T10:20:37.990Z] > git for-each-ref --sort -committerdate --format %(refname) %(objectname) %(*objectname) [13ms]
[2022-05-19T10:20:38.062Z] > git config --get commit.template [5ms]
[2022-05-19T10:20:43.111Z] > git status -z -uall [39ms]
[2022-05-19T10:20:43.121Z] > git symbolic-ref --short HEAD [3ms]
[2022-05-19T10:20:43.129Z] > git for-each-ref --format=%(refname)%00%(upstream:short)%00%(objectname)%00%(upstream:track)%00%(upstream:remotename)%00%(upstream:remoteref) refs/heads/main refs/remotes/main [1ms]
[2022-05-19T10:20:43.144Z] > git remote --verbose [2ms]
[2022-05-19T10:20:43.145Z] > git for-each-ref --sort -committerdate --format %(refname) %(objectname) %(*objectname) [9ms]
[2022-05-19T10:20:43.204Z] > git config --get commit.template [8ms]
[2022-05-19T10:20:48.261Z] > git status -z -uall [44ms]
[2022-05-19T10:20:48.269Z] > git symbolic-ref --short HEAD [1ms]
[2022-05-19T10:20:48.278Z] > git for-each-ref --format=%(refname)%00%(upstream:short)%00%(objectname)%00%(upstream:track)%00%(upstream:remotename)%00%(upstream:remoteref) refs/heads/main refs/remotes/main [1ms]
[2022-05-19T10:20:48.291Z] > git remote --verbose [1ms]
[2022-05-19T10:20:48.292Z] > git for-each-ref --sort -committerdate --format %(refname) %(objectname) %(*objectname) [8ms]
[2022-05-19T10:20:48.369Z] > git config --get commit.template [13ms]
[2022-05-19T10:20:53.424Z] > git status -z -uall [46ms]
[2022-05-19T10:20:53.431Z] > git symbolic-ref --short HEAD [1ms]
[2022-05-19T10:20:53.440Z] > git for-each-ref --format=%(refname)%00%(upstream:short)%00%(objectname)%00%(upstream:track)%00%(upstream:remotename)%00%(upstream:remoteref) refs/heads/main refs/remotes/main [1ms]
[2022-05-19T10:20:53.455Z] > git remote --verbose [1ms]
[2022-05-19T10:20:53.456Z] > git for-each-ref --sort -committerdate --format %(refname) %(objectname) %(*objectname) [8ms]
[2022-05-19T10:20:53.510Z] > git config --get commit.template [10ms]
[2022-05-19T10:20:58.575Z] > git status -z -uall [54ms]
[2022-05-19T10:20:58.586Z] > git symbolic-ref --short HEAD [1ms]
[2022-05-19T10:20:58.600Z] > git for-each-ref --format=%(refname)%00%(upstream:short)%00%(objectname)%00%(upstream:track)%00%(upstream:remotename)%00%(upstream:remoteref) refs/heads/main refs/remotes/main [1ms]
[2022-05-19T10:20:58.621Z] > git remote --verbose [2ms]
[2022-05-19T10:20:58.622Z] > git for-each-ref --sort -committerdate --format %(refname) %(objectname) %(*objectname) [12ms]
[2022-05-19T10:20:58.696Z] > git config --get commit.template [8ms]
[2022-05-19T10:21:29.503Z] > git status -z -uall [119ms]
[2022-05-19T10:21:29.514Z] > git symbolic-ref --short HEAD [2ms]
[2022-05-19T10:21:29.523Z] > git for-each-ref --format=%(refname)%00%(upstream:short)%00%(objectname)%00%(upstream:track)%00%(upstream:remotename)%00%(upstream:remoteref) refs/heads/main refs/remotes/main [2ms]
[2022-05-19T10:21:29.541Z] > git remote --verbose [4ms]
[2022-05-19T10:21:29.541Z] > git for-each-ref --sort -committerdate --format %(refname) %(objectname) %(*objectname) [11ms]
[2022-05-19T10:21:29.667Z] > git config --get commit.template [3ms]
[2022-05-19T10:21:34.710Z] > git status -z -uall [35ms]
[2022-05-19T10:21:34.719Z] > git symbolic-ref --short HEAD [1ms]
[2022-05-19T10:21:34.726Z] > git for-each-ref --format=%(refname)%00%(upstream:short)%00%(objectname)%00%(upstream:track)%00%(upstream:remotename)%00%(upstream:remoteref) refs/heads/main refs/remotes/main [1ms]
[2022-05-19T10:21:34.737Z] > git for-each-ref --sort -committerdate --format %(refname) %(objectname) %(*objectname) [6ms]
[2022-05-19T10:21:34.737Z] > git remote --verbose [1ms]
[2022-05-19T10:21:34.794Z] > git config --get commit.template [8ms]
[2022-05-19T10:21:39.850Z] > git status -z -uall [47ms]
[2022-05-19T10:21:39.862Z] > git symbolic-ref --short HEAD [1ms]
[2022-05-19T10:21:39.871Z] > git for-each-ref --format=%(refname)%00%(upstream:short)%00%(objectname)%00%(upstream:track)%00%(upstream:remotename)%00%(upstream:remoteref) refs/heads/main refs/remotes/main [1ms]
[2022-05-19T10:21:39.885Z] > git remote --verbose [2ms]
[2022-05-19T10:21:39.885Z] > git for-each-ref --sort -committerdate --format %(refname) %(objectname) %(*objectname) [8ms]
[2022-05-19T10:21:39.937Z] > git config --get commit.template [5ms]
[2022-05-19T10:21:44.990Z] > git status -z -uall [45ms]
[2022-05-19T10:21:44.997Z] > git symbolic-ref --short HEAD [1ms]
[2022-05-19T10:21:45.006Z] > git for-each-ref --format=%(refname)%00%(upstream:short)%00%(objectname)%00%(upstream:track)%00%(upstream:remotename)%00%(upstream:remoteref) refs/heads/main refs/remotes/main [1ms]
[2022-05-19T10:21:45.019Z] > git remote --verbose [2ms]
[2022-05-19T10:21:45.019Z] > git for-each-ref --sort -committerdate --format %(refname) %(objectname) %(*objectname) [7ms]
[2022-05-19T10:21:45.070Z] > git config --get commit.template [1ms]
[2022-05-19T10:22:16.932Z] > git status -z -uall [117ms]
[2022-05-19T10:22:16.948Z] > git symbolic-ref --short HEAD [4ms]
[2022-05-19T10:22:16.961Z] > git for-each-ref --format=%(refname)%00%(upstream:short)%00%(objectname)%00%(upstream:track)%00%(upstream:remotename)%00%(upstream:remoteref) refs/heads/main refs/remotes/main [2ms]
[2022-05-19T10:22:16.984Z] > git for-each-ref --sort -committerdate --format %(refname) %(objectname) %(*objectname) [12ms]
[2022-05-19T10:22:16.984Z] > git remote --verbose [3ms]
[2022-05-19T10:22:17.052Z] > git config --get commit.template [3ms]
[2022-05-19T10:22:22.094Z] > git status -z -uall [34ms]
[2022-05-19T10:22:22.100Z] > git symbolic-ref --short HEAD [1ms]
[2022-05-19T10:22:22.113Z] > git for-each-ref --format=%(refname)%00%(upstream:short)%00%(objectname)%00%(upstream:track)%00%(upstream:remotename)%00%(upstream:remoteref) refs/heads/main refs/remotes/main [5ms]
[2022-05-19T10:22:22.131Z] > git for-each-ref --sort -committerdate --format %(refname) %(objectname) %(*objectname) [8ms]
[2022-05-19T10:22:22.131Z] > git remote --verbose [1ms]
[2022-05-19T10:22:22.184Z] > git config --get commit.template [8ms]
[2022-05-19T10:22:27.237Z] > git status -z -uall [43ms]
[2022-05-19T10:22:27.245Z] > git symbolic-ref --short HEAD [2ms]
[2022-05-19T10:22:27.254Z] > git for-each-ref --format=%(refname)%00%(upstream:short)%00%(objectname)%00%(upstream:track)%00%(upstream:remotename)%00%(upstream:remoteref) refs/heads/main refs/remotes/main [1ms]
[2022-05-19T10:22:27.274Z] > git for-each-ref --sort -committerdate --format %(refname) %(objectname) %(*objectname) [11ms]
[2022-05-19T10:22:27.274Z] > git remote --verbose [3ms]
[2022-05-19T10:22:27.327Z] > git config --get commit.template [2ms]
[2022-05-19T10:22:39.854Z] > git status -z -uall [98ms]
[2022-05-19T10:22:39.866Z] > git symbolic-ref --short HEAD [2ms]
[2022-05-19T10:22:39.878Z] > git for-each-ref --format=%(refname)%00%(upstream:short)%00%(objectname)%00%(upstream:track)%00%(upstream:remotename)%00%(upstream:remoteref) refs/heads/main refs/remotes/main [3ms]
[2022-05-19T10:22:39.900Z] > git remote --verbose [2ms]
[2022-05-19T10:22:39.900Z] > git for-each-ref --sort -committerdate --format %(refname) %(objectname) %(*objectname) [13ms]
[2022-05-19T10:22:40.026Z] > git config --get commit.template [3ms]
[2022-05-19T10:22:45.108Z] > git status -z -uall [68ms]
[2022-05-19T10:22:45.121Z] > git symbolic-ref --short HEAD [2ms]
[2022-05-19T10:22:45.134Z] > git for-each-ref --format=%(refname)%00%(upstream:short)%00%(objectname)%00%(upstream:track)%00%(upstream:remotename)%00%(upstream:remoteref) refs/heads/main refs/remotes/main [2ms]
[2022-05-19T10:22:45.152Z] > git remote --verbose [2ms]
[2022-05-19T10:22:45.152Z] > git for-each-ref --sort -committerdate --format %(refname) %(objectname) %(*objectname) [11ms]
[2022-05-19T10:22:45.208Z] > git config --get commit.template [1ms]
[2022-05-19T10:22:54.579Z] > git status -z -uall [56ms]
[2022-05-19T10:22:54.589Z] > git symbolic-ref --short HEAD [2ms]
[2022-05-19T10:22:54.598Z] > git for-each-ref --format=%(refname)%00%(upstream:short)%00%(objectname)%00%(upstream:track)%00%(upstream:remotename)%00%(upstream:remoteref) refs/heads/main refs/remotes/main [1ms]
[2022-05-19T10:22:54.618Z] > git for-each-ref --sort -committerdate --format %(refname) %(objectname) %(*objectname) [10ms]
[2022-05-19T10:22:54.619Z] > git remote --verbose [4ms]
[2022-05-19T10:22:54.720Z] > git config --get commit.template [3ms]
[2022-05-19T10:22:59.770Z] > git status -z -uall [42ms]
[2022-05-19T10:22:59.780Z] > git symbolic-ref --short HEAD [1ms]
[2022-05-19T10:22:59.789Z] > git for-each-ref --format=%(refname)%00%(upstream:short)%00%(objectname)%00%(upstream:track)%00%(upstream:remotename)%00%(upstream:remoteref) refs/heads/main refs/remotes/main [1ms]
[2022-05-19T10:22:59.806Z] > git for-each-ref --sort -committerdate --format %(refname) %(objectname) %(*objectname) [9ms]
[2022-05-19T10:22:59.806Z] > git remote --verbose [2ms]
[2022-05-19T10:22:59.858Z] > git config --get commit.template [2ms]
[2022-05-19T10:23:04.902Z] > git status -z -uall [37ms]
[2022-05-19T10:23:04.912Z] > git symbolic-ref --short HEAD [2ms]
[2022-05-19T10:23:04.921Z] > git for-each-ref --format=%(refname)%00%(upstream:short)%00%(objectname)%00%(upstream:track)%00%(upstream:remotename)%00%(upstream:remoteref) refs/heads/main refs/remotes/main [2ms]
[2022-05-19T10:23:04.936Z] > git remote --verbose [2ms]
[2022-05-19T10:23:04.936Z] > git for-each-ref --sort -committerdate --format %(refname) %(objectname) %(*objectname) [8ms]
[2022-05-19T10:23:05.040Z] > git config --get commit.template [2ms]
[2022-05-19T10:23:10.085Z] > git status -z -uall [37ms]
[2022-05-19T10:23:10.092Z] > git symbolic-ref --short HEAD [1ms]
[2022-05-19T10:23:10.100Z] > git for-each-ref --format=%(refname)%00%(upstream:short)%00%(objectname)%00%(upstream:track)%00%(upstream:remotename)%00%(upstream:remoteref) refs/heads/main refs/remotes/main [1ms]
[2022-05-19T10:23:10.114Z] > git for-each-ref --sort -committerdate --format %(refname) %(objectname) %(*objectname) [8ms]
[2022-05-19T10:23:10.114Z] > git remote --verbose [1ms]
[2022-05-19T10:23:10.160Z] > git config --get commit.template [1ms]
[2022-05-19T10:23:15.211Z] > git status -z -uall [40ms]
[2022-05-19T10:23:15.220Z] > git symbolic-ref --short HEAD [2ms]
[2022-05-19T10:23:15.229Z] > git for-each-ref --format=%(refname)%00%(upstream:short)%00%(objectname)%00%(upstream:track)%00%(upstream:remotename)%00%(upstream:remoteref) refs/heads/main refs/remotes/main [1ms]
[2022-05-19T10:23:15.244Z] > git remote --verbose [1ms]
[2022-05-19T10:23:15.245Z] > git for-each-ref --sort -committerdate --format %(refname) %(objectname) %(*objectname) [9ms]
[2022-05-19T10:23:15.291Z] > git config --get commit.template [1ms]
[2022-05-19T10:25:09.206Z] > git status -z -uall [94ms]
[2022-05-19T10:25:09.217Z] > git symbolic-ref --short HEAD [2ms]
[2022-05-19T10:25:09.226Z] > git for-each-ref --format=%(refname)%00%(upstream:short)%00%(objectname)%00%(upstream:track)%00%(upstream:remotename)%00%(upstream:remoteref) refs/heads/main refs/remotes/main [1ms]
[2022-05-19T10:25:09.240Z] > git remote --verbose [2ms]
[2022-05-19T10:25:09.240Z] > git for-each-ref --sort -committerdate --format %(refname) %(objectname) %(*objectname) [7ms]
[2022-05-19T10:25:09.342Z] > git config --get commit.template [3ms]
[2022-05-19T10:25:14.404Z] > git status -z -uall [49ms]
[2022-05-19T10:25:14.413Z] > git symbolic-ref --short HEAD [1ms]
[2022-05-19T10:25:14.426Z] > git for-each-ref --format=%(refname)%00%(upstream:short)%00%(objectname)%00%(upstream:track)%00%(upstream:remotename)%00%(upstream:remoteref) refs/heads/main refs/remotes/main [1ms]
[2022-05-19T10:25:14.443Z] > git remote --verbose [1ms]
[2022-05-19T10:25:14.443Z] > git for-each-ref --sort -committerdate --format %(refname) %(objectname) %(*objectname) [9ms]
[2022-05-19T10:25:14.519Z] > git config --get commit.template [2ms]
[2022-05-19T10:25:19.568Z] > git status -z -uall [38ms]
[2022-05-19T10:25:19.576Z] > git symbolic-ref --short HEAD [1ms]
[2022-05-19T10:25:19.586Z] > git for-each-ref --format=%(refname)%00%(upstream:short)%00%(objectname)%00%(upstream:track)%00%(upstream:remotename)%00%(upstream:remoteref) refs/heads/main refs/remotes/main [2ms]
[2022-05-19T10:25:19.614Z] > git remote --verbose [5ms]
[2022-05-19T10:25:19.614Z] > git for-each-ref --sort -committerdate --format %(refname) %(objectname) %(*objectname) [21ms]
[2022-05-19T10:25:19.728Z] > git config --get commit.template [3ms]
[2022-05-19T10:25:26.310Z] > git status -z -uall [36ms]
[2022-05-19T10:25:26.319Z] > git symbolic-ref --short HEAD [1ms]
[2022-05-19T10:25:26.328Z] > git for-each-ref --format=%(refname)%00%(upstream:short)%00%(objectname)%00%(upstream:track)%00%(upstream:remotename)%00%(upstream:remoteref) refs/heads/main refs/remotes/main [1ms]
[2022-05-19T10:25:26.342Z] > git remote --verbose [1ms]
[2022-05-19T10:25:26.343Z] > git for-each-ref --sort -committerdate --format %(refname) %(objectname) %(*objectname) [8ms]
[2022-05-19T10:25:26.386Z] > git config --get commit.template [1ms]
[2022-05-19T10:25:31.435Z] > git status -z -uall [39ms]
[2022-05-19T10:25:31.449Z] > git symbolic-ref --short HEAD [4ms]
[2022-05-19T10:25:31.462Z] > git for-each-ref --format=%(refname)%00%(upstream:short)%00%(objectname)%00%(upstream:track)%00%(upstream:remotename)%00%(upstream:remoteref) refs/heads/main refs/remotes/main [2ms]
[2022-05-19T10:25:31.481Z] > git remote --verbose [2ms]
[2022-05-19T10:25:31.481Z] > git for-each-ref --sort -committerdate --format %(refname) %(objectname) %(*objectname) [11ms]
[2022-05-19T10:25:33.115Z] > git config --get commit.template [1550ms]
[2022-05-19T10:25:38.185Z] > git status -z -uall [46ms]
[2022-05-19T10:25:38.194Z] > git symbolic-ref --short HEAD [1ms]
[2022-05-19T10:25:38.204Z] > git for-each-ref --format=%(refname)%00%(upstream:short)%00%(objectname)%00%(upstream:track)%00%(upstream:remotename)%00%(upstream:remoteref) refs/heads/main refs/remotes/main [1ms]
[2022-05-19T10:25:38.223Z] > git remote --verbose [2ms]
[2022-05-19T10:25:38.224Z] > git for-each-ref --sort -committerdate --format %(refname) %(objectname) %(*objectname) [13ms]
[2022-05-19T10:25:38.300Z] > git config --get commit.template [6ms]
[2022-05-19T10:25:43.362Z] > git status -z -uall [48ms]
[2022-05-19T10:25:43.376Z] > git symbolic-ref --short HEAD [1ms]
[2022-05-19T10:25:43.387Z] > git for-each-ref --format=%(refname)%00%(upstream:short)%00%(objectname)%00%(upstream:track)%00%(upstream:remotename)%00%(upstream:remoteref) refs/heads/main refs/remotes/main [2ms]
[2022-05-19T10:25:43.402Z] > git for-each-ref --sort -committerdate --format %(refname) %(objectname) %(*objectname) [8ms]
[2022-05-19T10:25:43.402Z] > git remote --verbose [2ms]
[2022-05-19T10:25:43.463Z] > git config --get commit.template [7ms]
[2022-05-19T10:25:48.510Z] > git status -z -uall [38ms]
[2022-05-19T10:25:48.521Z] > git symbolic-ref --short HEAD [1ms]
[2022-05-19T10:25:48.532Z] > git for-each-ref --format=%(refname)%00%(upstream:short)%00%(objectname)%00%(upstream:track)%00%(upstream:remotename)%00%(upstream:remoteref) refs/heads/main refs/remotes/main [1ms]
[2022-05-19T10:25:48.556Z] > git remote --verbose [2ms]
[2022-05-19T10:25:48.556Z] > git for-each-ref --sort -committerdate --format %(refname) %(objectname) %(*objectname) [13ms]
[2022-05-19T10:25:48.621Z] > git config --get commit.template [7ms]
[2022-05-19T10:25:53.668Z] > git status -z -uall [37ms]
[2022-05-19T10:25:53.679Z] > git symbolic-ref --short HEAD [1ms]
[2022-05-19T10:25:53.690Z] > git for-each-ref --format=%(refname)%00%(upstream:short)%00%(objectname)%00%(upstream:track)%00%(upstream:remotename)%00%(upstream:remoteref) refs/heads/main refs/remotes/main [3ms]
[2022-05-19T10:25:53.705Z] > git for-each-ref --sort -committerdate --format %(refname) %(objectname) %(*objectname) [9ms]
[2022-05-19T10:25:53.707Z] > git remote --verbose [5ms]
[2022-05-19T10:25:53.817Z] > git config --get commit.template [6ms]
[2022-05-19T10:25:58.880Z] > git status -z -uall [52ms]
[2022-05-19T10:25:58.905Z] > git symbolic-ref --short HEAD [2ms]
[2022-05-19T10:25:58.917Z] > git for-each-ref --format=%(refname)%00%(upstream:short)%00%(objectname)%00%(upstream:track)%00%(upstream:remotename)%00%(upstream:remoteref) refs/heads/main refs/remotes/main [1ms]
[2022-05-19T10:25:58.931Z] > git remote --verbose [1ms]
[2022-05-19T10:25:58.932Z] > git for-each-ref --sort -committerdate --format %(refname) %(objectname) %(*objectname) [9ms]
[2022-05-19T10:25:58.980Z] > git config --get commit.template [6ms]
[2022-05-19T10:26:04.034Z] > git status -z -uall [44ms]
[2022-05-19T10:26:04.046Z] > git symbolic-ref --short HEAD [2ms]
[2022-05-19T10:26:04.055Z] > git for-each-ref --format=%(refname)%00%(upstream:short)%00%(objectname)%00%(upstream:track)%00%(upstream:remotename)%00%(upstream:remoteref) refs/heads/main refs/remotes/main [2ms]
[2022-05-19T10:26:04.070Z] > git remote --verbose [3ms]
[2022-05-19T10:26:04.070Z] > git for-each-ref --sort -committerdate --format %(refname) %(objectname) %(*objectname) [9ms]
[2022-05-19T10:26:04.174Z] > git config --get commit.template [6ms]
[2022-05-19T10:26:09.220Z] > git status -z -uall [38ms]
[2022-05-19T10:26:09.231Z] > git symbolic-ref --short HEAD [1ms]
[2022-05-19T10:26:09.240Z] > git for-each-ref --format=%(refname)%00%(upstream:short)%00%(objectname)%00%(upstream:track)%00%(upstream:remotename)%00%(upstream:remoteref) refs/heads/main refs/remotes/main [1ms]
[2022-05-19T10:26:09.256Z] > git remote --verbose [1ms]
[2022-05-19T10:26:09.257Z] > git for-each-ref --sort -committerdate --format %(refname) %(objectname) %(*objectname) [11ms]
[2022-05-19T10:26:09.306Z] > git config --get commit.template [5ms]
[2022-05-19T10:26:14.350Z] > git status -z -uall [35ms]
[2022-05-19T10:26:14.361Z] > git symbolic-ref --short HEAD [2ms]
[2022-05-19T10:26:14.370Z] > git for-each-ref --format=%(refname)%00%(upstream:short)%00%(objectname)%00%(upstream:track)%00%(upstream:remotename)%00%(upstream:remoteref) refs/heads/main refs/remotes/main [1ms]
[2022-05-19T10:26:14.386Z] > git remote --verbose [2ms]
[2022-05-19T10:26:14.386Z] > git for-each-ref --sort -committerdate --format %(refname) %(objectname) %(*objectname) [10ms]
[2022-05-19T10:26:14.481Z] > git config --get commit.template [2ms]
[2022-05-19T10:26:19.525Z] > git status -z -uall [36ms]
[2022-05-19T10:26:19.537Z] > git symbolic-ref --short HEAD [2ms]
[2022-05-19T10:26:19.545Z] > git for-each-ref --format=%(refname)%00%(upstream:short)%00%(objectname)%00%(upstream:track)%00%(upstream:remotename)%00%(upstream:remoteref) refs/heads/main refs/remotes/main [1ms]
[2022-05-19T10:26:19.559Z] > git remote --verbose [1ms]
[2022-05-19T10:26:19.560Z] > git for-each-ref --sort -committerdate --format %(refname) %(objectname) %(*objectname) [9ms]
[2022-05-19T10:26:19.612Z] > git config --get commit.template [7ms]
[2022-05-19T10:26:24.669Z] > git status -z -uall [37ms]
[2022-05-19T10:26:24.683Z] > git symbolic-ref --short HEAD [3ms]
[2022-05-19T10:26:24.694Z] > git for-each-ref --format=%(refname)%00%(upstream:short)%00%(objectname)%00%(upstream:track)%00%(upstream:remotename)%00%(upstream:remoteref) refs/heads/main refs/remotes/main [3ms]
[2022-05-19T10:26:24.712Z] > git remote --verbose [3ms]
[2022-05-19T10:26:24.712Z] > git for-each-ref --sort -committerdate --format %(refname) %(objectname) %(*objectname) [11ms]
[2022-05-19T10:26:24.822Z] > git config --get commit.template [11ms]
[2022-05-19T10:26:30.329Z] > git status -z -uall [35ms]
[2022-05-19T10:26:30.337Z] > git symbolic-ref --short HEAD [1ms]
[2022-05-19T10:26:30.345Z] > git for-each-ref --format=%(refname)%00%(upstream:short)%00%(objectname)%00%(upstream:track)%00%(upstream:remotename)%00%(upstream:remoteref) refs/heads/main refs/remotes/main [1ms]
[2022-05-19T10:26:30.359Z] > git remote --verbose [1ms]
[2022-05-19T10:26:30.360Z] > git for-each-ref --sort -committerdate --format %(refname) %(objectname) %(*objectname) [8ms]
[2022-05-19T10:26:30.405Z] > git config --get commit.template [1ms]
[2022-05-19T10:26:35.479Z] > git status -z -uall [62ms]
[2022-05-19T10:26:35.490Z] > git symbolic-ref --short HEAD [1ms]
[2022-05-19T10:26:35.501Z] > git for-each-ref --format=%(refname)%00%(upstream:short)%00%(objectname)%00%(upstream:track)%00%(upstream:remotename)%00%(upstream:remoteref) refs/heads/main refs/remotes/main [3ms]
[2022-05-19T10:26:35.534Z] > git remote --verbose [4ms]
[2022-05-19T10:26:35.535Z] > git for-each-ref --sort -committerdate --format %(refname) %(objectname) %(*objectname) [21ms]
[2022-05-19T10:26:37.937Z] > git config --get commit.template [22ms]
[2022-05-19T10:26:42.991Z] > git status -z -uall [43ms]
[2022-05-19T10:26:43.006Z] > git symbolic-ref --short HEAD [4ms]
[2022-05-19T10:26:43.016Z] > git for-each-ref --format=%(refname)%00%(upstream:short)%00%(objectname)%00%(upstream:track)%00%(upstream:remotename)%00%(upstream:remoteref) refs/heads/main refs/remotes/main [1ms]
[2022-05-19T10:26:43.030Z] > git remote --verbose [1ms]
[2022-05-19T10:26:43.031Z] > git for-each-ref --sort -committerdate --format %(refname) %(objectname) %(*objectname) [8ms]
[2022-05-19T10:26:43.078Z] > git config --get commit.template [3ms]
[2022-05-19T10:26:52.068Z] > git status -z -uall [60ms]
[2022-05-19T10:26:52.077Z] > git symbolic-ref --short HEAD [1ms]
[2022-05-19T10:26:52.087Z] > git for-each-ref --format=%(refname)%00%(upstream:short)%00%(objectname)%00%(upstream:track)%00%(upstream:remotename)%00%(upstream:remoteref) refs/heads/main refs/remotes/main [2ms]
[2022-05-19T10:26:52.105Z] > git remote --verbose [2ms]
[2022-05-19T10:26:52.106Z] > git for-each-ref --sort -committerdate --format %(refname) %(objectname) %(*objectname) [11ms]
[2022-05-19T10:26:52.200Z] > git config --get commit.template [19ms]
[2022-05-19T10:26:57.249Z] > git status -z -uall [37ms]
[2022-05-19T10:26:57.258Z] > git symbolic-ref --short HEAD [1ms]
[2022-05-19T10:26:57.268Z] > git for-each-ref --format=%(refname)%00%(upstream:short)%00%(objectname)%00%(upstream:track)%00%(upstream:remotename)%00%(upstream:remoteref) refs/heads/main refs/remotes/main [1ms]
[2022-05-19T10:26:57.291Z] > git remote --verbose [2ms]
[2022-05-19T10:26:57.291Z] > git for-each-ref --sort -committerdate --format %(refname) %(objectname) %(*objectname) [12ms]
[2022-05-19T10:26:57.337Z] > git config --get commit.template [1ms]
[2022-05-19T10:28:05.616Z] > git status -z -uall [61ms]
[2022-05-19T10:28:05.630Z] > git symbolic-ref --short HEAD [2ms]
[2022-05-19T10:28:05.644Z] > git for-each-ref --format=%(refname)%00%(upstream:short)%00%(objectname)%00%(upstream:track)%00%(upstream:remotename)%00%(upstream:remoteref) refs/heads/main refs/remotes/main [3ms]
[2022-05-19T10:28:05.675Z] > git remote --verbose [2ms]
[2022-05-19T10:28:05.675Z] > git for-each-ref --sort -committerdate --format %(refname) %(objectname) %(*objectname) [17ms]
[2022-05-19T10:28:05.773Z] > git config --get commit.template [10ms]
[2022-05-19T10:28:10.819Z] > git status -z -uall [37ms]
[2022-05-19T10:28:10.831Z] > git symbolic-ref --short HEAD [2ms]
[2022-05-19T10:28:10.844Z] > git for-each-ref --format=%(refname)%00%(upstream:short)%00%(objectname)%00%(upstream:track)%00%(upstream:remotename)%00%(upstream:remoteref) refs/heads/main refs/remotes/main [1ms]
[2022-05-19T10:28:10.859Z] > git remote --verbose [1ms]
[2022-05-19T10:28:10.859Z] > git for-each-ref --sort -committerdate --format %(refname) %(objectname) %(*objectname) [9ms]
[2022-05-19T10:28:10.932Z] > git config --get commit.template [7ms]
[2022-05-19T10:28:17.617Z] > git status -z -uall [48ms]
[2022-05-19T10:28:17.628Z] > git symbolic-ref --short HEAD [4ms]
[2022-05-19T10:28:17.639Z] > git for-each-ref --format=%(refname)%00%(upstream:short)%00%(objectname)%00%(upstream:track)%00%(upstream:remotename)%00%(upstream:remoteref) refs/heads/main refs/remotes/main [2ms]
[2022-05-19T10:28:17.660Z] > git remote --verbose [1ms]
[2022-05-19T10:28:17.661Z] > git for-each-ref --sort -committerdate --format %(refname) %(objectname) %(*objectname) [11ms]
[2022-05-19T10:28:17.716Z] > git config --get commit.template [10ms]
[2022-05-19T10:28:22.768Z] > git status -z -uall [42ms]
[2022-05-19T10:28:22.778Z] > git symbolic-ref --short HEAD [1ms]
[2022-05-19T10:28:22.788Z] > git for-each-ref --format=%(refname)%00%(upstream:short)%00%(objectname)%00%(upstream:track)%00%(upstream:remotename)%00%(upstream:remoteref) refs/heads/main refs/remotes/main [2ms]
[2022-05-19T10:28:22.802Z] > git remote --verbose [2ms]
[2022-05-19T10:28:22.802Z] > git for-each-ref --sort -committerdate --format %(refname) %(objectname) %(*objectname) [7ms]
[2022-05-19T10:28:22.869Z] > git config --get commit.template [4ms]
[2022-05-19T10:28:27.924Z] > git status -z -uall [42ms]
[2022-05-19T10:28:27.933Z] > git symbolic-ref --short HEAD [1ms]
[2022-05-19T10:28:27.942Z] > git for-each-ref --format=%(refname)%00%(upstream:short)%00%(objectname)%00%(upstream:track)%00%(upstream:remotename)%00%(upstream:remoteref) refs/heads/main refs/remotes/main [2ms]
[2022-05-19T10:28:27.960Z] > git remote --verbose [3ms]
[2022-05-19T10:28:27.961Z] > git for-each-ref --sort -committerdate --format %(refname) %(objectname) %(*objectname) [11ms]
[2022-05-19T10:28:28.033Z] > git config --get commit.template [24ms]
[2022-05-19T10:28:33.077Z] > git status -z -uall [36ms]
[2022-05-19T10:28:33.090Z] > git symbolic-ref --short HEAD [1ms]
[2022-05-19T10:28:33.099Z] > git for-each-ref --format=%(refname)%00%(upstream:short)%00%(objectname)%00%(upstream:track)%00%(upstream:remotename)%00%(upstream:remoteref) refs/heads/main refs/remotes/main [1ms]
[2022-05-19T10:28:33.114Z] > git for-each-ref --sort -committerdate --format %(refname) %(objectname) %(*objectname) [9ms]
[2022-05-19T10:28:33.115Z] > git remote --verbose [3ms]
[2022-05-19T10:28:33.184Z] > git config --get commit.template [5ms]
[2022-05-19T10:28:38.233Z] > git status -z -uall [40ms]
[2022-05-19T10:28:38.245Z] > git symbolic-ref --short HEAD [1ms]
[2022-05-19T10:28:38.253Z] > git for-each-ref --format=%(refname)%00%(upstream:short)%00%(objectname)%00%(upstream:track)%00%(upstream:remotename)%00%(upstream:remoteref) refs/heads/main refs/remotes/main [1ms]
[2022-05-19T10:28:38.266Z] > git remote --verbose [1ms]
[2022-05-19T10:28:38.267Z] > git for-each-ref --sort -committerdate --format %(refname) %(objectname) %(*objectname) [8ms]
[2022-05-19T10:28:38.315Z] > git config --get commit.template [4ms]
[2022-05-19T10:28:43.365Z] > git status -z -uall [37ms]
[2022-05-19T10:28:43.379Z] > git symbolic-ref --short HEAD [1ms]
[2022-05-19T10:28:43.388Z] > git for-each-ref --format=%(refname)%00%(upstream:short)%00%(objectname)%00%(upstream:track)%00%(upstream:remotename)%00%(upstream:remoteref) refs/heads/main refs/remotes/main [1ms]
[2022-05-19T10:28:43.408Z] > git remote --verbose [1ms]
[2022-05-19T10:28:43.409Z] > git for-each-ref --sort -committerdate --format %(refname) %(objectname) %(*objectname) [11ms]
[2022-05-19T10:28:43.474Z] > git config --get commit.template [6ms]
[2022-05-19T10:28:49.407Z] > git status -z -uall [37ms]
[2022-05-19T10:28:49.415Z] > git symbolic-ref --short HEAD [1ms]
[2022-05-19T10:28:49.425Z] > git for-each-ref --format=%(refname)%00%(upstream:short)%00%(objectname)%00%(upstream:track)%00%(upstream:remotename)%00%(upstream:remoteref) refs/heads/main refs/remotes/main [1ms]
[2022-05-19T10:28:49.440Z] > git remote --verbose [1ms]
[2022-05-19T10:28:49.440Z] > git for-each-ref --sort -committerdate --format %(refname) %(objectname) %(*objectname) [8ms]
[2022-05-19T10:28:49.499Z] > git config --get commit.template [6ms]
[2022-05-19T10:28:54.550Z] > git status -z -uall [42ms]
[2022-05-19T10:28:54.560Z] > git symbolic-ref --short HEAD [2ms]
[2022-05-19T10:28:54.573Z] > git for-each-ref --format=%(refname)%00%(upstream:short)%00%(objectname)%00%(upstream:track)%00%(upstream:remotename)%00%(upstream:remoteref) refs/heads/main refs/remotes/main [2ms]
[2022-05-19T10:28:54.592Z] > git remote --verbose [2ms]
[2022-05-19T10:28:54.592Z] > git for-each-ref --sort -committerdate --format %(refname) %(objectname) %(*objectname) [10ms]
[2022-05-19T10:28:54.657Z] > git config --get commit.template [1ms]
[2022-05-19T10:28:59.720Z] > git status -z -uall [49ms]
[2022-05-19T10:28:59.728Z] > git symbolic-ref --short HEAD [1ms]
[2022-05-19T10:28:59.741Z] > git for-each-ref --format=%(refname)%00%(upstream:short)%00%(objectname)%00%(upstream:track)%00%(upstream:remotename)%00%(upstream:remoteref) refs/heads/main refs/remotes/main [3ms]
[2022-05-19T10:28:59.759Z] > git remote --verbose [2ms]
[2022-05-19T10:28:59.760Z] > git for-each-ref --sort -committerdate --format %(refname) %(objectname) %(*objectname) [10ms]
[2022-05-19T10:28:59.861Z] > git config --get commit.template [7ms]
[2022-05-19T10:29:04.908Z] > git status -z -uall [37ms]
[2022-05-19T10:29:04.923Z] > git symbolic-ref --short HEAD [1ms]
[2022-05-19T10:29:04.934Z] > git for-each-ref --format=%(refname)%00%(upstream:short)%00%(objectname)%00%(upstream:track)%00%(upstream:remotename)%00%(upstream:remoteref) refs/heads/main refs/remotes/main [2ms]
[2022-05-19T10:29:04.949Z] > git remote --verbose [1ms]
[2022-05-19T10:29:04.950Z] > git for-each-ref --sort -committerdate --format %(refname) %(objectname) %(*objectname) [9ms]
[2022-05-19T10:29:05.008Z] > git config --get commit.template [7ms]
[2022-05-19T10:29:10.054Z] > git status -z -uall [36ms]
[2022-05-19T10:29:10.067Z] > git symbolic-ref --short HEAD [2ms]
[2022-05-19T10:29:10.075Z] > git for-each-ref --format=%(refname)%00%(upstream:short)%00%(objectname)%00%(upstream:track)%00%(upstream:remotename)%00%(upstream:remoteref) refs/heads/main refs/remotes/main [1ms]
[2022-05-19T10:29:10.091Z] > git for-each-ref --sort -committerdate --format %(refname) %(objectname) %(*objectname) [9ms]
[2022-05-19T10:29:10.093Z] > git remote --verbose [5ms]
[2022-05-19T10:29:10.198Z] > git config --get commit.template [9ms]
[2022-05-19T10:29:15.256Z] > git status -z -uall [50ms]
[2022-05-19T10:29:15.266Z] > git symbolic-ref --short HEAD [2ms]
[2022-05-19T10:29:15.274Z] > git for-each-ref --format=%(refname)%00%(upstream:short)%00%(objectname)%00%(upstream:track)%00%(upstream:remotename)%00%(upstream:remoteref) refs/heads/main refs/remotes/main [1ms]
[2022-05-19T10:29:15.287Z] > git remote --verbose [1ms]
[2022-05-19T10:29:15.287Z] > git for-each-ref --sort -committerdate --format %(refname) %(objectname) %(*objectname) [7ms]
[2022-05-19T10:29:15.335Z] > git config --get commit.template [4ms]
[2022-05-19T10:29:20.379Z] > git status -z -uall [36ms]
[2022-05-19T10:29:20.394Z] > git symbolic-ref --short HEAD [3ms]
[2022-05-19T10:29:20.408Z] > git for-each-ref --format=%(refname)%00%(upstream:short)%00%(objectname)%00%(upstream:track)%00%(upstream:remotename)%00%(upstream:remoteref) refs/heads/main refs/remotes/main [2ms]
[2022-05-19T10:29:20.426Z] > git remote --verbose [1ms]
[2022-05-19T10:29:20.426Z] > git for-each-ref --sort -committerdate --format %(refname) %(objectname) %(*objectname) [9ms]
[2022-05-19T10:29:20.477Z] > git config --get commit.template [1ms]
[2022-05-19T10:29:25.528Z] > git status -z -uall [40ms]
[2022-05-19T10:29:25.548Z] > git symbolic-ref --short HEAD [3ms]
[2022-05-19T10:29:25.564Z] > git for-each-ref --format=%(refname)%00%(upstream:short)%00%(objectname)%00%(upstream:track)%00%(upstream:remotename)%00%(upstream:remoteref) refs/heads/main refs/remotes/main [3ms]
[2022-05-19T10:29:25.581Z] > git remote --verbose [2ms]
[2022-05-19T10:29:25.581Z] > git for-each-ref --sort -committerdate --format %(refname) %(objectname) %(*objectname) [10ms]
[2022-05-19T10:29:27.155Z] > git config --get commit.template [16ms]
[2022-05-19T10:29:32.201Z] > git status -z -uall [37ms]
[2022-05-19T10:29:32.210Z] > git symbolic-ref --short HEAD [1ms]
[2022-05-19T10:29:32.220Z] > git for-each-ref --format=%(refname)%00%(upstream:short)%00%(objectname)%00%(upstream:track)%00%(upstream:remotename)%00%(upstream:remoteref) refs/heads/main refs/remotes/main [1ms]
[2022-05-19T10:29:32.237Z] > git remote --verbose [2ms]
[2022-05-19T10:29:32.237Z] > git for-each-ref --sort -committerdate --format %(refname) %(objectname) %(*objectname) [10ms]
[2022-05-19T10:29:32.288Z] > git config --get commit.template [5ms]
[2022-05-19T10:29:37.334Z] > git status -z -uall [36ms]
[2022-05-19T10:29:37.342Z] > git symbolic-ref --short HEAD [1ms]
[2022-05-19T10:29:37.350Z] > git for-each-ref --format=%(refname)%00%(upstream:short)%00%(objectname)%00%(upstream:track)%00%(upstream:remotename)%00%(upstream:remoteref) refs/heads/main refs/remotes/main [1ms]
[2022-05-19T10:29:37.367Z] > git remote --verbose [3ms]
[2022-05-19T10:29:37.367Z] > git for-each-ref --sort -committerdate --format %(refname) %(objectname) %(*objectname) [10ms]
[2022-05-19T10:29:37.466Z] > git config --get commit.template [5ms]
[2022-05-19T10:29:42.516Z] > git status -z -uall [40ms]
[2022-05-19T10:29:42.524Z] > git symbolic-ref --short HEAD [1ms]
[2022-05-19T10:29:42.536Z] > git for-each-ref --format=%(refname)%00%(upstream:short)%00%(objectname)%00%(upstream:track)%00%(upstream:remotename)%00%(upstream:remoteref) refs/heads/main refs/remotes/main [1ms]
[2022-05-19T10:29:42.556Z] > git remote --verbose [2ms]
[2022-05-19T10:29:42.556Z] > git for-each-ref --sort -committerdate --format %(refname) %(objectname) %(*objectname) [12ms]
[2022-05-19T10:29:42.606Z] > git config --get commit.template [4ms]
[2022-05-19T10:30:54.109Z] > git status -z -uall [49ms]
[2022-05-19T10:30:54.119Z] > git symbolic-ref --short HEAD [1ms]
[2022-05-19T10:30:54.128Z] > git for-each-ref --format=%(refname)%00%(upstream:short)%00%(objectname)%00%(upstream:track)%00%(upstream:remotename)%00%(upstream:remoteref) refs/heads/main refs/remotes/main [1ms]
[2022-05-19T10:30:54.145Z] > git for-each-ref --sort -committerdate --format %(refname) %(objectname) %(*objectname) [7ms]
[2022-05-19T10:30:54.145Z] > git remote --verbose [1ms]
[2022-05-19T10:30:54.207Z] > git config --get commit.template [2ms]
[2022-05-19T10:30:59.269Z] > git status -z -uall [52ms]
[2022-05-19T10:30:59.277Z] > git symbolic-ref --short HEAD [2ms]
[2022-05-19T10:30:59.286Z] > git for-each-ref --format=%(refname)%00%(upstream:short)%00%(objectname)%00%(upstream:track)%00%(upstream:remotename)%00%(upstream:remoteref) refs/heads/main refs/remotes/main [2ms]
[2022-05-19T10:30:59.302Z] > git remote --verbose [3ms]
[2022-05-19T10:30:59.303Z] > git for-each-ref --sort -committerdate --format %(refname) %(objectname) %(*objectname) [11ms]
[2022-05-19T10:30:59.362Z] > git config --get commit.template [1ms]
[2022-05-19T10:31:06.138Z] > git status -z -uall [44ms]
[2022-05-19T10:31:06.148Z] > git symbolic-ref --short HEAD [2ms]
[2022-05-19T10:31:06.158Z] > git for-each-ref --format=%(refname)%00%(upstream:short)%00%(objectname)%00%(upstream:track)%00%(upstream:remotename)%00%(upstream:remoteref) refs/heads/main refs/remotes/main [2ms]
[2022-05-19T10:31:06.175Z] > git remote --verbose [2ms]
[2022-05-19T10:31:06.175Z] > git for-each-ref --sort -committerdate --format %(refname) %(objectname) %(*objectname) [10ms]
[2022-05-19T10:31:06.236Z] > git config --get commit.template [1ms]
[2022-05-19T10:31:11.299Z] > git status -z -uall [52ms]
[2022-05-19T10:31:11.312Z] > git symbolic-ref --short HEAD [1ms]
[2022-05-19T10:31:11.321Z] > git for-each-ref --format=%(refname)%00%(upstream:short)%00%(objectname)%00%(upstream:track)%00%(upstream:remotename)%00%(upstream:remoteref) refs/heads/main refs/remotes/main [1ms]
[2022-05-19T10:31:11.343Z] > git remote --verbose [2ms]
[2022-05-19T10:31:11.343Z] > git for-each-ref --sort -committerdate --format %(refname) %(objectname) %(*objectname) [13ms]
[2022-05-19T10:31:11.413Z] > git config --get commit.template [7ms]
[2022-05-19T10:31:16.461Z] > git status -z -uall [38ms]
[2022-05-19T10:31:16.469Z] > git symbolic-ref --short HEAD [1ms]
[2022-05-19T10:31:16.478Z] > git for-each-ref --format=%(refname)%00%(upstream:short)%00%(objectname)%00%(upstream:track)%00%(upstream:remotename)%00%(upstream:remoteref) refs/heads/main refs/remotes/main [1ms]
[2022-05-19T10:31:16.505Z] > git remote --verbose [1ms]
[2022-05-19T10:31:16.505Z] > git for-each-ref --sort -committerdate --format %(refname) %(objectname) %(*objectname) [12ms]
[2022-05-19T10:31:16.566Z] > git config --get commit.template [5ms]
[2022-05-19T10:31:21.612Z] > git status -z -uall [36ms]
[2022-05-19T10:31:21.621Z] > git symbolic-ref --short HEAD [1ms]
[2022-05-19T10:31:21.630Z] > git for-each-ref --format=%(refname)%00%(upstream:short)%00%(objectname)%00%(upstream:track)%00%(upstream:remotename)%00%(upstream:remoteref) refs/heads/main refs/remotes/main [1ms]
[2022-05-19T10:31:21.655Z] > git remote --verbose [3ms]
[2022-05-19T10:31:21.655Z] > git for-each-ref --sort -committerdate --format %(refname) %(objectname) %(*objectname) [17ms]
[2022-05-19T10:31:21.713Z] > git config --get commit.template [2ms]
[2022-05-19T10:31:26.806Z] > git status -z -uall [53ms]
[2022-05-19T10:31:26.818Z] > git symbolic-ref --short HEAD [1ms]
[2022-05-19T10:31:26.831Z] > git for-each-ref --format=%(refname)%00%(upstream:short)%00%(objectname)%00%(upstream:track)%00%(upstream:remotename)%00%(upstream:remoteref) refs/heads/main refs/remotes/main [1ms]
[2022-05-19T10:31:26.858Z] > git remote --verbose [1ms]
[2022-05-19T10:31:26.859Z] > git for-each-ref --sort -committerdate --format %(refname) %(objectname) %(*objectname) [16ms]
[2022-05-19T10:31:26.921Z] > git config --get commit.template [4ms]
[2022-05-19T10:31:32.060Z] > git status -z -uall [36ms]
[2022-05-19T10:31:32.070Z] > git symbolic-ref --short HEAD [1ms]
[2022-05-19T10:31:32.082Z] > git for-each-ref --format=%(refname)%00%(upstream:short)%00%(objectname)%00%(upstream:track)%00%(upstream:remotename)%00%(upstream:remoteref) refs/heads/main refs/remotes/main [1ms]
[2022-05-19T10:31:32.104Z] > git remote --verbose [1ms]
[2022-05-19T10:31:32.104Z] > git for-each-ref --sort -committerdate --format %(refname) %(objectname) %(*objectname) [12ms]
[2022-05-19T10:31:32.158Z] > git config --get commit.template [5ms]
[2022-05-19T10:31:37.208Z] > git status -z -uall [36ms]
[2022-05-19T10:31:37.219Z] > git symbolic-ref --short HEAD [1ms]
[2022-05-19T10:31:37.231Z] > git for-each-ref --format=%(refname)%00%(upstream:short)%00%(objectname)%00%(upstream:track)%00%(upstream:remotename)%00%(upstream:remoteref) refs/heads/main refs/remotes/main [1ms]
[2022-05-19T10:31:37.258Z] > git remote --verbose [1ms]
[2022-05-19T10:31:37.258Z] > git for-each-ref --sort -committerdate --format %(refname) %(objectname) %(*objectname) [12ms]
[2022-05-19T10:31:37.311Z] > git config --get commit.template [11ms]
[2022-05-19T10:31:42.364Z] > git status -z -uall [41ms]
[2022-05-19T10:31:42.378Z] > git symbolic-ref --short HEAD [3ms]
[2022-05-19T10:31:42.392Z] > git for-each-ref --format=%(refname)%00%(upstream:short)%00%(objectname)%00%(upstream:track)%00%(upstream:remotename)%00%(upstream:remoteref) refs/heads/main refs/remotes/main [3ms]
[2022-05-19T10:31:42.428Z] > git remote --verbose [2ms]
[2022-05-19T10:31:42.429Z] > git for-each-ref --sort -committerdate --format %(refname) %(objectname) %(*objectname) [21ms]
[2022-05-19T10:31:42.490Z] > git config --get commit.template [8ms]
[2022-05-19T10:31:47.551Z] > git status -z -uall [43ms]
[2022-05-19T10:31:47.568Z] > git symbolic-ref --short HEAD [2ms]
[2022-05-19T10:31:47.587Z] > git for-each-ref --format=%(refname)%00%(upstream:short)%00%(objectname)%00%(upstream:track)%00%(upstream:remotename)%00%(upstream:remoteref) refs/heads/main refs/remotes/main [3ms]
[2022-05-19T10:31:47.627Z] > git remote --verbose [2ms]
[2022-05-19T10:31:47.627Z] > git for-each-ref --sort -committerdate --format %(refname) %(objectname) %(*objectname) [19ms]
[2022-05-19T10:31:47.724Z] > git config --get commit.template [5ms]
[2022-05-19T10:31:52.774Z] > git status -z -uall [37ms]
[2022-05-19T10:31:52.785Z] > git symbolic-ref --short HEAD [1ms]
[2022-05-19T10:31:52.797Z] > git for-each-ref --format=%(refname)%00%(upstream:short)%00%(objectname)%00%(upstream:track)%00%(upstream:remotename)%00%(upstream:remoteref) refs/heads/main refs/remotes/main [1ms]
[2022-05-19T10:31:52.821Z] > git remote --verbose [1ms]
[2022-05-19T10:31:52.822Z] > git for-each-ref --sort -committerdate --format %(refname) %(objectname) %(*objectname) [14ms]
[2022-05-19T10:31:52.901Z] > git config --get commit.template [6ms]
[2022-05-19T10:31:57.961Z] > git status -z -uall [48ms]
[2022-05-19T10:31:57.979Z] > git symbolic-ref --short HEAD [1ms]
[2022-05-19T10:31:57.998Z] > git for-each-ref --format=%(refname)%00%(upstream:short)%00%(objectname)%00%(upstream:track)%00%(upstream:remotename)%00%(upstream:remoteref) refs/heads/main refs/remotes/main [1ms]
[2022-05-19T10:31:58.024Z] > git remote --verbose [2ms]
[2022-05-19T10:31:58.024Z] > git for-each-ref --sort -committerdate --format %(refname) %(objectname) %(*objectname) [13ms]
[2022-05-19T10:31:58.075Z] > git config --get commit.template [3ms]
[2022-05-19T10:32:03.713Z] > git status -z -uall [50ms]
[2022-05-19T10:32:03.726Z] > git symbolic-ref --short HEAD [1ms]
[2022-05-19T10:32:03.747Z] > git for-each-ref --format=%(refname)%00%(upstream:short)%00%(objectname)%00%(upstream:track)%00%(upstream:remotename)%00%(upstream:remoteref) refs/heads/main refs/remotes/main [2ms]
[2022-05-19T10:32:03.770Z] > git remote --verbose [1ms]
[2022-05-19T10:32:03.771Z] > git for-each-ref --sort -committerdate --format %(refname) %(objectname) %(*objectname) [13ms]
[2022-05-19T10:32:03.830Z] > git config --get commit.template [6ms]
[2022-05-19T10:32:08.880Z] > git status -z -uall [40ms]
[2022-05-19T10:32:08.889Z] > git symbolic-ref --short HEAD [1ms]
[2022-05-19T10:32:08.899Z] > git for-each-ref --format=%(refname)%00%(upstream:short)%00%(objectname)%00%(upstream:track)%00%(upstream:remotename)%00%(upstream:remoteref) refs/heads/main refs/remotes/main [1ms]
[2022-05-19T10:32:08.916Z] > git remote --verbose [1ms]
[2022-05-19T10:32:08.917Z] > git for-each-ref --sort -committerdate --format %(refname) %(objectname) %(*objectname) [10ms]
[2022-05-19T10:32:08.973Z] > git config --get commit.template [4ms]
[2022-05-19T10:32:14.035Z] > git status -z -uall [52ms]
[2022-05-19T10:32:14.043Z] > git symbolic-ref --short HEAD [1ms]
[2022-05-19T10:32:14.051Z] > git for-each-ref --format=%(refname)%00%(upstream:short)%00%(objectname)%00%(upstream:track)%00%(upstream:remotename)%00%(upstream:remoteref) refs/heads/main refs/remotes/main [1ms]
[2022-05-19T10:32:14.066Z] > git remote --verbose [1ms]
[2022-05-19T10:32:14.066Z] > git for-each-ref --sort -committerdate --format %(refname) %(objectname) %(*objectname) [8ms]
[2022-05-19T10:32:14.117Z] > git config --get commit.template [8ms]
[2022-05-19T10:32:21.704Z] > git status -z -uall [44ms]
[2022-05-19T10:32:21.714Z] > git symbolic-ref --short HEAD [1ms]
[2022-05-19T10:32:21.723Z] > git for-each-ref --format=%(refname)%00%(upstream:short)%00%(objectname)%00%(upstream:track)%00%(upstream:remotename)%00%(upstream:remoteref) refs/heads/main refs/remotes/main [1ms]
[2022-05-19T10:32:21.740Z] > git remote --verbose [2ms]
[2022-05-19T10:32:21.740Z] > git for-each-ref --sort -committerdate --format %(refname) %(objectname) %(*objectname) [10ms]
[2022-05-19T10:32:21.794Z] > git config --get commit.template [4ms]
[2022-05-19T10:32:26.839Z] > git status -z -uall [34ms]
[2022-05-19T10:32:26.847Z] > git symbolic-ref --short HEAD [1ms]
[2022-05-19T10:32:26.856Z] > git for-each-ref --format=%(refname)%00%(upstream:short)%00%(objectname)%00%(upstream:track)%00%(upstream:remotename)%00%(upstream:remoteref) refs/heads/main refs/remotes/main [1ms]
[2022-05-19T10:32:26.873Z] > git remote --verbose [1ms]
[2022-05-19T10:32:26.873Z] > git for-each-ref --sort -committerdate --format %(refname) %(objectname) %(*objectname) [8ms]
[2022-05-19T10:32:26.922Z] > git config --get commit.template [4ms]
[2022-05-19T10:32:31.971Z] > git status -z -uall [36ms]
[2022-05-19T10:32:31.980Z] > git symbolic-ref --short HEAD [1ms]
[2022-05-19T10:32:31.991Z] > git for-each-ref --format=%(refname)%00%(upstream:short)%00%(objectname)%00%(upstream:track)%00%(upstream:remotename)%00%(upstream:remoteref) refs/heads/main refs/remotes/main [1ms]
[2022-05-19T10:32:32.006Z] > git remote --verbose [1ms]
[2022-05-19T10:32:32.006Z] > git for-each-ref --sort -committerdate --format %(refname) %(objectname) %(*objectname) [8ms]
[2022-05-19T10:32:32.054Z] > git config --get commit.template [3ms]
[2022-05-19T10:32:37.621Z] > git status -z -uall [35ms]
[2022-05-19T10:32:37.628Z] > git symbolic-ref --short HEAD [1ms]
[2022-05-19T10:32:37.636Z] > git for-each-ref --format=%(refname)%00%(upstream:short)%00%(objectname)%00%(upstream:track)%00%(upstream:remotename)%00%(upstream:remoteref) refs/heads/main refs/remotes/main [1ms]
[2022-05-19T10:32:37.652Z] > git for-each-ref --sort -committerdate --format %(refname) %(objectname) %(*objectname) [9ms]
[2022-05-19T10:32:37.653Z] > git remote --verbose [2ms]
[2022-05-19T10:32:37.697Z] > git config --get commit.template [1ms]
[2022-05-19T10:36:11.500Z] > git status -z -uall [146ms]
[2022-05-19T10:36:11.530Z] > git symbolic-ref --short HEAD [4ms]
[2022-05-19T10:36:11.554Z] > git for-each-ref --format=%(refname)%00%(upstream:short)%00%(objectname)%00%(upstream:track)%00%(upstream:remotename)%00%(upstream:remoteref) refs/heads/main refs/remotes/main [8ms]
[2022-05-19T10:36:11.606Z] > git for-each-ref --sort -committerdate --format %(refname) %(objectname) %(*objectname) [27ms]
[2022-05-19T10:36:11.610Z] > git remote --verbose [14ms]
[2022-05-19T10:36:11.714Z] > git config --get commit.template [1ms]
[2022-05-19T10:36:16.789Z] > git status -z -uall [63ms]
[2022-05-19T10:36:16.813Z] > git symbolic-ref --short HEAD [3ms]
[2022-05-19T10:36:16.823Z] > git for-each-ref --format=%(refname)%00%(upstream:short)%00%(objectname)%00%(upstream:track)%00%(upstream:remotename)%00%(upstream:remoteref) refs/heads/main refs/remotes/main [2ms]
[2022-05-19T10:36:16.847Z] > git for-each-ref --sort -committerdate --format %(refname) %(objectname) %(*objectname) [13ms]
[2022-05-19T10:36:16.848Z] > git remote --verbose [2ms]
[2022-05-19T10:36:16.942Z] > git config --get commit.template [10ms]
[2022-05-19T10:36:22.001Z] > git status -z -uall [50ms]
[2022-05-19T10:36:22.015Z] > git symbolic-ref --short HEAD [1ms]
[2022-05-19T10:36:22.028Z] > git for-each-ref --format=%(refname)%00%(upstream:short)%00%(objectname)%00%(upstream:track)%00%(upstream:remotename)%00%(upstream:remoteref) refs/heads/main refs/remotes/main [2ms]
[2022-05-19T10:36:22.048Z] > git for-each-ref --sort -committerdate --format %(refname) %(objectname) %(*objectname) [12ms]
[2022-05-19T10:36:22.049Z] > git remote --verbose [3ms]
[2022-05-19T10:36:22.126Z] > git config --get commit.template [7ms]
[2022-05-19T10:36:30.429Z] > git status -z -uall [91ms]
[2022-05-19T10:36:30.445Z] > git symbolic-ref --short HEAD [3ms]
[2022-05-19T10:36:30.457Z] > git for-each-ref --format=%(refname)%00%(upstream:short)%00%(objectname)%00%(upstream:track)%00%(upstream:remotename)%00%(upstream:remoteref) refs/heads/main refs/remotes/main [2ms]
[2022-05-19T10:36:30.481Z] > git remote --verbose [3ms]
[2022-05-19T10:36:30.482Z] > git for-each-ref --sort -committerdate --format %(refname) %(objectname) %(*objectname) [18ms]
[2022-05-19T10:36:30.564Z] > git config --get commit.template [15ms]
[2022-05-19T10:41:51.827Z] > git status -z -uall [208ms]
[2022-05-19T10:41:51.854Z] > git symbolic-ref --short HEAD [2ms]
[2022-05-19T10:41:51.878Z] > git for-each-ref --format=%(refname)%00%(upstream:short)%00%(objectname)%00%(upstream:track)%00%(upstream:remotename)%00%(upstream:remoteref) refs/heads/main refs/remotes/main [3ms]
[2022-05-19T10:41:51.916Z] > git for-each-ref --sort -committerdate --format %(refname) %(objectname) %(*objectname) [19ms]
[2022-05-19T10:41:51.917Z] > git remote --verbose [4ms]
[2022-05-19T10:41:55.677Z] > git config --get commit.template [24ms]
[2022-05-19T10:42:00.744Z] > git status -z -uall [52ms]
[2022-05-19T10:42:00.755Z] > git symbolic-ref --short HEAD [2ms]
[2022-05-19T10:42:00.771Z] > git for-each-ref --format=%(refname)%00%(upstream:short)%00%(objectname)%00%(upstream:track)%00%(upstream:remotename)%00%(upstream:remoteref) refs/heads/main refs/remotes/main [3ms]
[2022-05-19T10:42:00.792Z] > git remote --verbose [3ms]
[2022-05-19T10:42:00.793Z] > git for-each-ref --sort -committerdate --format %(refname) %(objectname) %(*objectname) [13ms]
[2022-05-19T10:42:03.349Z] > git config --get commit.template [2435ms]
[2022-05-19T10:42:08.423Z] > git status -z -uall [56ms]
[2022-05-19T10:42:08.437Z] > git symbolic-ref --short HEAD [2ms]
[2022-05-19T10:42:08.447Z] > git for-each-ref --format=%(refname)%00%(upstream:short)%00%(objectname)%00%(upstream:track)%00%(upstream:remotename)%00%(upstream:remoteref) refs/heads/main refs/remotes/main [2ms]
[2022-05-19T10:42:08.475Z] > git for-each-ref --sort -committerdate --format %(refname) %(objectname) %(*objectname) [15ms]
[2022-05-19T10:42:08.475Z] > git remote --verbose [2ms]
[2022-05-19T10:42:08.563Z] > git config --get commit.template [8ms]
[2022-05-19T10:48:53.588Z] > git status -z -uall [91ms]
[2022-05-19T10:48:53.601Z] > git symbolic-ref --short HEAD [3ms]
[2022-05-19T10:48:53.622Z] > git for-each-ref --format=%(refname)%00%(upstream:short)%00%(objectname)%00%(upstream:track)%00%(upstream:remotename)%00%(upstream:remoteref) refs/heads/main refs/remotes/main [3ms]
[2022-05-19T10:48:53.646Z] > git for-each-ref --sort -committerdate --format %(refname) %(objectname) %(*objectname) [11ms]
[2022-05-19T10:48:53.647Z] > git remote --verbose [3ms]
[2022-05-19T10:48:57.370Z] > git config --get commit.template [42ms]
[2022-05-19T10:49:02.454Z] > git status -z -uall [73ms]
[2022-05-19T10:49:02.467Z] > git symbolic-ref --short HEAD [2ms]
[2022-05-19T10:49:02.485Z] > git for-each-ref --format=%(refname)%00%(upstream:short)%00%(objectname)%00%(upstream:track)%00%(upstream:remotename)%00%(upstream:remoteref) refs/heads/main refs/remotes/main [3ms]
[2022-05-19T10:49:02.510Z] > git remote --verbose [3ms]
[2022-05-19T10:49:02.511Z] > git for-each-ref --sort -committerdate --format %(refname) %(objectname) %(*objectname) [16ms]
[2022-05-19T10:49:02.592Z] > git config --get commit.template [2ms]
[2022-05-19T10:49:07.654Z] > git status -z -uall [51ms]
[2022-05-19T10:49:07.667Z] > git symbolic-ref --short HEAD [2ms]
[2022-05-19T10:49:07.676Z] > git for-each-ref --format=%(refname)%00%(upstream:short)%00%(objectname)%00%(upstream:track)%00%(upstream:remotename)%00%(upstream:remoteref) refs/heads/main refs/remotes/main [1ms]
[2022-05-19T10:49:07.695Z] > git remote --verbose [2ms]
[2022-05-19T10:49:07.695Z] > git for-each-ref --sort -committerdate --format %(refname) %(objectname) %(*objectname) [10ms]
[2022-05-19T10:49:07.789Z] > git config --get commit.template [10ms]
[2022-05-19T10:49:12.905Z] > git status -z -uall [78ms]
[2022-05-19T10:49:12.918Z] > git symbolic-ref --short HEAD [2ms]
[2022-05-19T10:49:12.934Z] > git for-each-ref --format=%(refname)%00%(upstream:short)%00%(objectname)%00%(upstream:track)%00%(upstream:remotename)%00%(upstream:remoteref) refs/heads/main refs/remotes/main [3ms]
[2022-05-19T10:49:12.956Z] > git for-each-ref --sort -committerdate --format %(refname) %(objectname) %(*objectname) [12ms]
[2022-05-19T10:49:12.958Z] > git remote --verbose [5ms]
[2022-05-19T10:49:13.045Z] > git config --get commit.template [11ms]
[2022-05-19T10:49:18.639Z] > git status -z -uall [64ms]
[2022-05-19T10:49:18.660Z] > git symbolic-ref --short HEAD [3ms]
[2022-05-19T10:49:18.675Z] > git for-each-ref --format=%(refname)%00%(upstream:short)%00%(objectname)%00%(upstream:track)%00%(upstream:remotename)%00%(upstream:remoteref) refs/heads/main refs/remotes/main [1ms]
[2022-05-19T10:49:18.708Z] > git remote --verbose [2ms]
[2022-05-19T10:49:18.708Z] > git for-each-ref --sort -committerdate --format %(refname) %(objectname) %(*objectname) [11ms]
[2022-05-19T10:49:18.807Z] > git config --get commit.template [2ms]
[2022-05-19T10:49:29.046Z] > git status -z -uall [43ms]
[2022-05-19T10:49:29.054Z] > git symbolic-ref --short HEAD [1ms]
[2022-05-19T10:49:29.063Z] > git for-each-ref --format=%(refname)%00%(upstream:short)%00%(objectname)%00%(upstream:track)%00%(upstream:remotename)%00%(upstream:remoteref) refs/heads/main refs/remotes/main [1ms]
[2022-05-19T10:49:29.097Z] > git remote --verbose [1ms]
[2022-05-19T10:49:29.097Z] > git for-each-ref --sort -committerdate --format %(refname) %(objectname) %(*objectname) [21ms]
[2022-05-19T10:49:29.143Z] > git config --get commit.template [2ms]
[2022-05-19T10:49:34.195Z] > git status -z -uall [43ms]
[2022-05-19T10:49:34.210Z] > git symbolic-ref --short HEAD [2ms]
[2022-05-19T10:49:34.219Z] > git for-each-ref --format=%(refname)%00%(upstream:short)%00%(objectname)%00%(upstream:track)%00%(upstream:remotename)%00%(upstream:remoteref) refs/heads/main refs/remotes/main [2ms]
[2022-05-19T10:49:34.234Z] > git remote --verbose [1ms]
[2022-05-19T10:49:34.234Z] > git for-each-ref --sort -committerdate --format %(refname) %(objectname) %(*objectname) [9ms]
[2022-05-19T10:49:34.288Z] > git config --get commit.template [1ms]
[2022-05-19T10:49:39.337Z] > git status -z -uall [38ms]
[2022-05-19T10:49:39.345Z] > git symbolic-ref --short HEAD [1ms]
[2022-05-19T10:49:39.354Z] > git for-each-ref --format=%(refname)%00%(upstream:short)%00%(objectname)%00%(upstream:track)%00%(upstream:remotename)%00%(upstream:remoteref) refs/heads/main refs/remotes/main [1ms]
[2022-05-19T10:49:39.368Z] > git for-each-ref --sort -committerdate --format %(refname) %(objectname) %(*objectname) [6ms]
[2022-05-19T10:49:39.368Z] > git remote --verbose [1ms]
[2022-05-19T10:49:39.417Z] > git config --get commit.template [4ms]
[2022-05-19T10:49:44.469Z] > git status -z -uall [44ms]
[2022-05-19T10:49:44.479Z] > git symbolic-ref --short HEAD [1ms]
[2022-05-19T10:49:44.487Z] > git for-each-ref --format=%(refname)%00%(upstream:short)%00%(objectname)%00%(upstream:track)%00%(upstream:remotename)%00%(upstream:remoteref) refs/heads/main refs/remotes/main [1ms]
[2022-05-19T10:49:44.500Z] > git remote --verbose [1ms]
[2022-05-19T10:49:44.500Z] > git for-each-ref --sort -committerdate --format %(refname) %(objectname) %(*objectname) [8ms]
[2022-05-19T10:49:44.547Z] > git config --get commit.template [1ms]
[2022-05-19T10:49:49.602Z] > git status -z -uall [45ms]
[2022-05-19T10:49:49.610Z] > git symbolic-ref --short HEAD [2ms]
[2022-05-19T10:49:49.618Z] > git for-each-ref --format=%(refname)%00%(upstream:short)%00%(objectname)%00%(upstream:track)%00%(upstream:remotename)%00%(upstream:remoteref) refs/heads/main refs/remotes/main [1ms]
[2022-05-19T10:49:49.635Z] > git for-each-ref --sort -committerdate --format %(refname) %(objectname) %(*objectname) [10ms]
[2022-05-19T10:49:49.635Z] > git remote --verbose [2ms]
[2022-05-19T10:49:49.686Z] > git config --get commit.template [1ms]
[2022-05-19T10:49:54.732Z] > git status -z -uall [38ms]
[2022-05-19T10:49:54.742Z] > git symbolic-ref --short HEAD [1ms]
[2022-05-19T10:49:54.753Z] > git for-each-ref --format=%(refname)%00%(upstream:short)%00%(objectname)%00%(upstream:track)%00%(upstream:remotename)%00%(upstream:remoteref) refs/heads/main refs/remotes/main [2ms]
[2022-05-19T10:49:54.766Z] > git remote --verbose [2ms]
[2022-05-19T10:49:54.766Z] > git for-each-ref --sort -committerdate --format %(refname) %(objectname) %(*objectname) [7ms]
[2022-05-19T10:49:54.810Z] > git config --get commit.template [1ms]
[2022-05-19T10:49:59.860Z] > git status -z -uall [39ms]
[2022-05-19T10:49:59.873Z] > git symbolic-ref --short HEAD [2ms]
[2022-05-19T10:49:59.881Z] > git for-each-ref --format=%(refname)%00%(upstream:short)%00%(objectname)%00%(upstream:track)%00%(upstream:remotename)%00%(upstream:remoteref) refs/heads/main refs/remotes/main [1ms]
[2022-05-19T10:49:59.897Z] > git remote --verbose [2ms]
[2022-05-19T10:49:59.898Z] > git for-each-ref --sort -committerdate --format %(refname) %(objectname) %(*objectname) [12ms]
[2022-05-19T10:49:59.953Z] > git config --get commit.template [4ms]
[2022-05-19T10:50:05.002Z] > git status -z -uall [39ms]
[2022-05-19T10:50:05.013Z] > git symbolic-ref --short HEAD [1ms]
[2022-05-19T10:50:05.023Z] > git for-each-ref --format=%(refname)%00%(upstream:short)%00%(objectname)%00%(upstream:track)%00%(upstream:remotename)%00%(upstream:remoteref) refs/heads/main refs/remotes/main [1ms]
[2022-05-19T10:50:05.037Z] > git remote --verbose [1ms]
[2022-05-19T10:50:05.037Z] > git for-each-ref --sort -committerdate --format %(refname) %(objectname) %(*objectname) [7ms]
[2022-05-19T10:50:05.090Z] > git config --get commit.template [1ms]
[2022-05-19T10:50:13.674Z] > git status -z -uall [99ms]
[2022-05-19T10:50:13.686Z] > git symbolic-ref --short HEAD [1ms]
[2022-05-19T10:50:13.697Z] > git for-each-ref --format=%(refname)%00%(upstream:short)%00%(objectname)%00%(upstream:track)%00%(upstream:remotename)%00%(upstream:remoteref) refs/heads/main refs/remotes/main [2ms]
[2022-05-19T10:50:13.712Z] > git remote --verbose [1ms]
[2022-05-19T10:50:13.713Z] > git for-each-ref --sort -committerdate --format %(refname) %(objectname) %(*objectname) [8ms]
[2022-05-19T10:50:13.763Z] > git config --get commit.template [1ms]
[2022-05-19T10:51:44.650Z] > git status -z -uall [135ms]
[2022-05-19T10:51:44.669Z] > git symbolic-ref --short HEAD [4ms]
[2022-05-19T10:51:44.689Z] > git for-each-ref --format=%(refname)%00%(upstream:short)%00%(objectname)%00%(upstream:track)%00%(upstream:remotename)%00%(upstream:remoteref) refs/heads/main refs/remotes/main [6ms]
[2022-05-19T10:51:44.719Z] > git for-each-ref --sort -committerdate --format %(refname) %(objectname) %(*objectname) [16ms]
[2022-05-19T10:51:44.720Z] > git remote --verbose [4ms]
[2022-05-19T10:51:48.968Z] > git config --get commit.template [4134ms]
[2022-05-19T10:53:11.413Z] > git status -z -uall [84ms]
[2022-05-19T10:53:11.422Z] > git symbolic-ref --short HEAD [2ms]
[2022-05-19T10:53:11.432Z] > git for-each-ref --format=%(refname)%00%(upstream:short)%00%(objectname)%00%(upstream:track)%00%(upstream:remotename)%00%(upstream:remoteref) refs/heads/main refs/remotes/main [2ms]
[2022-05-19T10:53:11.448Z] > git for-each-ref --sort -committerdate --format %(refname) %(objectname) %(*objectname) [9ms]
[2022-05-19T10:53:11.448Z] > git remote --verbose [2ms]
[2022-05-19T10:53:11.553Z] > git config --get commit.template [10ms]
[2022-05-21T11:36:30.271Z] > git status -z -uall [725ms]
[2022-05-21T11:36:30.294Z] > git symbolic-ref --short HEAD [2ms]
[2022-05-21T11:36:30.339Z] > git for-each-ref --format=%(refname)%00%(upstream:short)%00%(objectname)%00%(upstream:track)%00%(upstream:remotename)%00%(upstream:remoteref) refs/heads/main refs/remotes/main [1ms]
[2022-05-21T11:36:30.429Z] > git remote --verbose [6ms]
[2022-05-21T11:36:30.430Z] > git for-each-ref --sort -committerdate --format %(refname) %(objectname) %(*objectname) [38ms]
[2022-05-21T11:36:30.574Z] > git config --get commit.template [8ms]
[2022-05-21T11:36:35.748Z] > git status -z -uall [106ms]
[2022-05-21T11:36:35.761Z] > git symbolic-ref --short HEAD [2ms]
[2022-05-21T11:36:35.779Z] > git for-each-ref --format=%(refname)%00%(upstream:short)%00%(objectname)%00%(upstream:track)%00%(upstream:remotename)%00%(upstream:remoteref) refs/heads/main refs/remotes/main [2ms]
[2022-05-21T11:36:35.831Z] > git for-each-ref --sort -committerdate --format %(refname) %(objectname) %(*objectname) [31ms]
[2022-05-21T11:36:35.832Z] > git remote --verbose [3ms]
[2022-05-21T11:36:35.941Z] > git config --get commit.template [3ms]
[2022-05-22T05:33:58.621Z] > git status -z -uall [794ms]
[2022-05-22T05:33:58.679Z] > git symbolic-ref --short HEAD [6ms]
[2022-05-22T05:33:58.731Z] > git for-each-ref --format=%(refname)%00%(upstream:short)%00%(objectname)%00%(upstream:track)%00%(upstream:remotename)%00%(upstream:remoteref) refs/heads/main refs/remotes/main [7ms]
[2022-05-22T05:33:58.828Z] > git remote --verbose [12ms]
[2022-05-22T05:33:58.830Z] > git for-each-ref --sort -committerdate --format %(refname) %(objectname) %(*objectname) [56ms]
