[2022-05-14T09:09:04.157Z] Validating found git in: git
[2022-05-14T09:09:04.237Z] Using git 2.25.1 from git
[2022-05-14T09:09:04.327Z] > git rev-parse --show-toplevel [68ms]
[2022-05-14T09:09:04.409Z] > git rev-parse --git-dir --git-common-dir [56ms]
[2022-05-14T09:09:04.427Z] Open repository: /home/alicja/my-first-website
[2022-05-14T09:09:04.461Z] > git status -z -uall [7ms]
[2022-05-14T09:09:04.476Z] > git symbolic-ref --short HEAD [3ms]
[2022-05-14T09:09:04.495Z] > git for-each-ref --format=%(refname)%00%(upstream:short)%00%(objectname)%00%(upstream:track)%00%(upstream:remotename)%00%(upstream:remoteref) refs/heads/main refs/remotes/main [7ms]
[2022-05-14T09:09:04.589Z] > git remote --verbose [55ms]
[2022-05-14T09:09:04.591Z] > git for-each-ref --sort -committerdate --format %(refname) %(objectname) %(*objectname) [79ms]
[2022-05-14T09:09:04.620Z] > git config --get commit.template [3ms]
[2022-05-14T09:09:05.114Z] > git check-ignore -v -z --stdin [2ms]
[2022-05-14T09:14:33.125Z] > git status -z -uall [10ms]
[2022-05-14T09:14:33.154Z] > git symbolic-ref --short HEAD [9ms]
[2022-05-14T09:14:33.173Z] > git for-each-ref --format=%(refname)%00%(upstream:short)%00%(objectname)%00%(upstream:track)%00%(upstream:remotename)%00%(upstream:remoteref) refs/heads/main refs/remotes/main [4ms]
[2022-05-14T09:14:33.193Z] > git for-each-ref --sort -committerdate --format %(refname) %(objectname) %(*objectname) [11ms]
[2022-05-14T09:14:33.195Z] > git remote --verbose [5ms]
[2022-05-14T09:14:33.213Z] > git config --get commit.template [3ms]
[2022-05-14T09:14:35.936Z] > git show --textconv :index.html [35ms]
[2022-05-14T09:14:35.936Z] > git ls-files --stage -- /home/alicja/my-first-website/index.html [25ms]
[2022-05-14T09:14:35.951Z] > git cat-file -s e69de29bb2d1d6434b8b29ae775ad8c2e48c5391 [6ms]
[2022-05-14T09:14:38.241Z] > git status -z -uall [5ms]
[2022-05-14T09:14:38.265Z] > git symbolic-ref --short HEAD [7ms]
[2022-05-14T09:14:38.287Z] > git for-each-ref --format=%(refname)%00%(upstream:short)%00%(objectname)%00%(upstream:track)%00%(upstream:remotename)%00%(upstream:remoteref) refs/heads/main refs/remotes/main [7ms]
[2022-05-14T09:14:38.324Z] > git remote --verbose [6ms]
[2022-05-14T09:14:38.327Z] > git for-each-ref --sort -committerdate --format %(refname) %(objectname) %(*objectname) [24ms]
[2022-05-14T09:14:38.375Z] > git config --get commit.template [10ms]
[2022-05-14T09:16:30.766Z] > git status -z -uall [11ms]
[2022-05-14T09:16:30.793Z] > git symbolic-ref --short HEAD [5ms]
[2022-05-14T09:16:30.810Z] > git for-each-ref --format=%(refname)%00%(upstream:short)%00%(objectname)%00%(upstream:track)%00%(upstream:remotename)%00%(upstream:remoteref) refs/heads/main refs/remotes/main [2ms]
[2022-05-14T09:16:30.830Z] > git remote --verbose [2ms]
[2022-05-14T09:16:30.830Z] > git for-each-ref --sort -committerdate --format %(refname) %(objectname) %(*objectname) [10ms]
[2022-05-14T09:16:30.841Z] > git config --get commit.template [1ms]
[2022-05-14T09:16:30.869Z] > git ls-files --stage -- /home/alicja/my-first-website/index.html [2ms]
[2022-05-14T09:16:30.898Z] > git cat-file -s e69de29bb2d1d6434b8b29ae775ad8c2e48c5391 [2ms]
[2022-05-14T09:16:30.919Z] > git show --textconv :index.html [2ms]
[2022-05-14T09:16:36.844Z] > git status -z -uall [9ms]
[2022-05-14T09:16:36.868Z] > git symbolic-ref --short HEAD [5ms]
[2022-05-14T09:16:36.889Z] > git for-each-ref --format=%(refname)%00%(upstream:short)%00%(objectname)%00%(upstream:track)%00%(upstream:remotename)%00%(upstream:remoteref) refs/heads/main refs/remotes/main [4ms]
[2022-05-14T09:16:36.916Z] > git for-each-ref --sort -committerdate --format %(refname) %(objectname) %(*objectname) [13ms]
[2022-05-14T09:16:36.917Z] > git remote --verbose [3ms]
[2022-05-14T09:16:36.931Z] > git config --get commit.template [2ms]
[2022-05-14T09:18:31.386Z] > git check-ignore -v -z --stdin [3ms]
[2022-05-14T09:19:09.230Z] > git status -z -uall [4ms]
[2022-05-14T09:19:09.255Z] > git ls-files --stage -- /home/alicja/my-first-website/index.html [3ms]
[2022-05-14T09:19:09.261Z] > git symbolic-ref --short HEAD [22ms]
[2022-05-14T09:19:09.269Z] > git cat-file -s f6deb626826f09a6cc242ae355018d91ee215c60 [8ms]
[2022-05-14T09:19:09.275Z] > git for-each-ref --format=%(refname)%00%(upstream:short)%00%(objectname)%00%(upstream:track)%00%(upstream:remotename)%00%(upstream:remoteref) refs/heads/main refs/remotes/main [7ms]
[2022-05-14T09:19:09.298Z] > git remote --verbose [3ms]
[2022-05-14T09:19:09.299Z] > git for-each-ref --sort -committerdate --format %(refname) %(objectname) %(*objectname) [16ms]
[2022-05-14T09:19:09.370Z] > git show --textconv :index.html [3ms]
[2022-05-14T09:19:09.371Z] > git config --get commit.template [14ms]
[2022-05-14T09:19:12.297Z] > git show --textconv :style.css [13ms]
[2022-05-14T09:19:12.298Z] > git ls-files --stage -- /home/alicja/my-first-website/style.css [4ms]
[2022-05-14T09:19:14.394Z] > git status -z -uall [5ms]
[2022-05-14T09:19:14.419Z] > git symbolic-ref --short HEAD [5ms]
[2022-05-14T09:19:14.440Z] > git for-each-ref --format=%(refname)%00%(upstream:short)%00%(objectname)%00%(upstream:track)%00%(upstream:remotename)%00%(upstream:remoteref) refs/heads/main refs/remotes/main [5ms]
[2022-05-14T09:19:14.474Z] > git remote --verbose [6ms]
[2022-05-14T09:19:14.477Z] > git for-each-ref --sort -committerdate --format %(refname) %(objectname) %(*objectname) [23ms]
[2022-05-14T09:19:14.508Z] > git config --get commit.template [5ms]
[2022-05-14T09:20:46.724Z] > git status -z -uall [3ms]
[2022-05-14T09:20:46.791Z] > git symbolic-ref --short HEAD [33ms]
[2022-05-14T09:20:46.813Z] > git ls-files --stage -- /home/alicja/my-first-website/style.css [24ms]
[2022-05-14T09:20:46.837Z] > git for-each-ref --format=%(refname)%00%(upstream:short)%00%(objectname)%00%(upstream:track)%00%(upstream:remotename)%00%(upstream:remoteref) refs/heads/main refs/remotes/main [28ms]
[2022-05-14T09:20:46.888Z] > git remote --verbose [2ms]
[2022-05-14T09:20:46.890Z] > git for-each-ref --sort -committerdate --format %(refname) %(objectname) %(*objectname) [31ms]
[2022-05-14T09:20:46.895Z] > git cat-file -s e69de29bb2d1d6434b8b29ae775ad8c2e48c5391 [59ms]
[2022-05-14T09:20:46.933Z] > git show --textconv :style.css [5ms]
[2022-05-14T09:20:46.935Z] > git config --get commit.template [24ms]
[2022-05-14T09:21:20.263Z] > git check-ignore -v -z --stdin [2ms]
[2022-05-14T09:21:46.137Z] > git status -z -uall [4ms]
[2022-05-14T09:21:46.166Z] > git symbolic-ref --short HEAD [15ms]
[2022-05-14T09:21:46.174Z] > git ls-files --stage -- /home/alicja/my-first-website/style.css [13ms]
[2022-05-14T09:21:46.181Z] > git for-each-ref --format=%(refname)%00%(upstream:short)%00%(objectname)%00%(upstream:track)%00%(upstream:remotename)%00%(upstream:remoteref) refs/heads/main refs/remotes/main [7ms]
[2022-05-14T09:21:46.207Z] > git remote --verbose [3ms]
[2022-05-14T09:21:46.208Z] > git for-each-ref --sort -committerdate --format %(refname) %(objectname) %(*objectname) [17ms]
[2022-05-14T09:21:46.213Z] > git cat-file -s e69de29bb2d1d6434b8b29ae775ad8c2e48c5391 [33ms]
[2022-05-14T09:21:46.224Z] > git config --get commit.template [1ms]
[2022-05-14T09:21:46.238Z] > git show --textconv :style.css [2ms]
[2022-05-14T09:21:51.246Z] > git status -z -uall [6ms]
[2022-05-14T09:21:51.264Z] > git symbolic-ref --short HEAD [4ms]
[2022-05-14T09:21:51.283Z] > git for-each-ref --format=%(refname)%00%(upstream:short)%00%(objectname)%00%(upstream:track)%00%(upstream:remotename)%00%(upstream:remoteref) refs/heads/main refs/remotes/main [5ms]
[2022-05-14T09:21:51.310Z] > git for-each-ref --sort -committerdate --format %(refname) %(objectname) %(*objectname) [15ms]
[2022-05-14T09:21:51.313Z] > git remote --verbose [6ms]
[2022-05-14T09:21:51.338Z] > git config --get commit.template [3ms]
[2022-05-14T09:21:53.412Z] > git show --textconv :script.js [10ms]
[2022-05-14T09:21:53.413Z] > git ls-files --stage -- /home/alicja/my-first-website/script.js [3ms]
[2022-05-14T09:22:30.036Z] > git status -z -uall [14ms]
[2022-05-14T09:22:30.061Z] > git symbolic-ref --short HEAD [3ms]
[2022-05-14T09:22:30.137Z] > git for-each-ref --format=%(refname)%00%(upstream:short)%00%(objectname)%00%(upstream:track)%00%(upstream:remotename)%00%(upstream:remoteref) refs/heads/main refs/remotes/main [59ms]
[2022-05-14T09:22:30.172Z] > git remote --verbose [2ms]
[2022-05-14T09:22:30.172Z] > git for-each-ref --sort -committerdate --format %(refname) %(objectname) %(*objectname) [13ms]
[2022-05-14T09:22:30.211Z] > git config --get commit.template [11ms]
[2022-05-14T09:22:30.554Z] > git show --textconv :style.css [23ms]
[2022-05-14T09:22:30.559Z] > git ls-files --stage -- /home/alicja/my-first-website/style.css [9ms]
[2022-05-14T09:22:30.578Z] > git cat-file -s e69de29bb2d1d6434b8b29ae775ad8c2e48c5391 [5ms]
[2022-05-14T09:22:35.223Z] > git status -z -uall [3ms]
[2022-05-14T09:22:35.232Z] > git symbolic-ref --short HEAD [2ms]
[2022-05-14T09:22:35.238Z] > git for-each-ref --format=%(refname)%00%(upstream:short)%00%(objectname)%00%(upstream:track)%00%(upstream:remotename)%00%(upstream:remoteref) refs/heads/main refs/remotes/main [1ms]
[2022-05-14T09:22:35.274Z] > git for-each-ref --sort -committerdate --format %(refname) %(objectname) %(*objectname) [17ms]
[2022-05-14T09:22:35.275Z] > git remote --verbose [3ms]
[2022-05-14T09:22:35.300Z] > git config --get commit.template [2ms]
[2022-05-14T09:22:50.135Z] > git show --textconv :index.html [14ms]
[2022-05-14T09:22:50.136Z] > git ls-files --stage -- /home/alicja/my-first-website/index.html [3ms]
[2022-05-14T09:22:50.148Z] > git cat-file -s f6deb626826f09a6cc242ae355018d91ee215c60 [2ms]
[2022-05-14T09:23:52.239Z] > git status -z -uall [8ms]
[2022-05-14T09:23:52.266Z] > git symbolic-ref --short HEAD [6ms]
[2022-05-14T09:23:52.292Z] > git for-each-ref --format=%(refname)%00%(upstream:short)%00%(objectname)%00%(upstream:track)%00%(upstream:remotename)%00%(upstream:remoteref) refs/heads/main refs/remotes/main [7ms]
[2022-05-14T09:23:52.335Z] > git for-each-ref --sort -committerdate --format %(refname) %(objectname) %(*objectname) [26ms]
[2022-05-14T09:23:52.337Z] > git remote --verbose [8ms]
[2022-05-14T09:23:52.376Z] > git config --get commit.template [6ms]
[2022-05-14T09:25:32.144Z] > git status -z -uall [6ms]
[2022-05-14T09:25:32.164Z] > git symbolic-ref --short HEAD [5ms]
[2022-05-14T09:25:32.190Z] > git for-each-ref --format=%(refname)%00%(upstream:short)%00%(objectname)%00%(upstream:track)%00%(upstream:remotename)%00%(upstream:remoteref) refs/heads/main refs/remotes/main [4ms]
[2022-05-14T09:25:32.228Z] > git for-each-ref --sort -committerdate --format %(refname) %(objectname) %(*objectname) [21ms]
[2022-05-14T09:25:32.230Z] > git remote --verbose [6ms]
[2022-05-14T09:25:32.272Z] > git config --get commit.template [6ms]
[2022-05-14T09:28:30.855Z] > git status -z -uall [6ms]
[2022-05-14T09:28:30.873Z] > git symbolic-ref --short HEAD [3ms]
[2022-05-14T09:28:30.888Z] > git for-each-ref --format=%(refname)%00%(upstream:short)%00%(objectname)%00%(upstream:track)%00%(upstream:remotename)%00%(upstream:remoteref) refs/heads/main refs/remotes/main [3ms]
[2022-05-14T09:28:30.909Z] > git for-each-ref --sort -committerdate --format %(refname) %(objectname) %(*objectname) [14ms]
[2022-05-14T09:28:30.917Z] > git remote --verbose [12ms]
[2022-05-14T09:28:30.942Z] > git config --get commit.template [2ms]
[2022-05-14T09:28:30.974Z] > git ls-files --stage -- /home/alicja/my-first-website/index.html [3ms]
[2022-05-14T09:28:30.999Z] > git cat-file -s 1d5f8c1687a42e44f2658a9a735dbf899ad014f5 [5ms]
[2022-05-14T09:28:31.044Z] > git show --textconv :index.html [15ms]
[2022-05-14T09:28:35.956Z] > git status -z -uall [4ms]
[2022-05-14T09:28:35.965Z] > git symbolic-ref --short HEAD [2ms]
[2022-05-14T09:28:35.976Z] > git for-each-ref --format=%(refname)%00%(upstream:short)%00%(objectname)%00%(upstream:track)%00%(upstream:remotename)%00%(upstream:remoteref) refs/heads/main refs/remotes/main [2ms]
[2022-05-14T09:28:36.005Z] > git remote --verbose [5ms]
[2022-05-14T09:28:36.006Z] > git for-each-ref --sort -committerdate --format %(refname) %(objectname) %(*objectname) [23ms]
[2022-05-14T09:28:36.050Z] > git config --get commit.template [5ms]
[2022-05-14T09:42:35.875Z] > git show --textconv :index.html [34ms]
[2022-05-14T09:42:35.876Z] > git ls-files --stage -- /home/alicja/my-first-website/index.html [15ms]
[2022-05-14T09:42:35.907Z] > git cat-file -s 1d5f8c1687a42e44f2658a9a735dbf899ad014f5 [8ms]
[2022-05-14T11:27:08.231Z] > git status -z -uall [114ms]
[2022-05-14T11:27:08.258Z] > git symbolic-ref --short HEAD [5ms]
[2022-05-14T11:27:08.304Z] > git for-each-ref --format=%(refname)%00%(upstream:short)%00%(objectname)%00%(upstream:track)%00%(upstream:remotename)%00%(upstream:remoteref) refs/heads/main refs/remotes/main [6ms]
[2022-05-14T11:27:08.351Z] > git remote --verbose [5ms]
[2022-05-14T11:27:08.352Z] > git for-each-ref --sort -committerdate --format %(refname) %(objectname) %(*objectname) [20ms]
[2022-05-14T11:27:08.422Z] > git config --get commit.template [23ms]
[2022-05-14T11:28:54.172Z] > git status -z -uall [3ms]
[2022-05-14T11:28:54.186Z] > git symbolic-ref --short HEAD [3ms]
[2022-05-14T11:28:54.195Z] > git for-each-ref --format=%(refname)%00%(upstream:short)%00%(objectname)%00%(upstream:track)%00%(upstream:remotename)%00%(upstream:remoteref) refs/heads/main refs/remotes/main [1ms]
[2022-05-14T11:28:54.223Z] > git for-each-ref --sort -committerdate --format %(refname) %(objectname) %(*objectname) [15ms]
[2022-05-14T11:28:54.224Z] > git remote --verbose [2ms]
[2022-05-14T11:28:54.256Z] > git config --get commit.template [10ms]
[2022-05-14T11:31:10.485Z] > git status -z -uall [3ms]
[2022-05-14T11:31:10.503Z] > git symbolic-ref --short HEAD [4ms]
[2022-05-14T11:31:10.514Z] > git for-each-ref --format=%(refname)%00%(upstream:short)%00%(objectname)%00%(upstream:track)%00%(upstream:remotename)%00%(upstream:remoteref) refs/heads/main refs/remotes/main [2ms]
[2022-05-14T11:31:10.539Z] > git for-each-ref --sort -committerdate --format %(refname) %(objectname) %(*objectname) [15ms]
[2022-05-14T11:31:10.558Z] > git remote --verbose [21ms]
[2022-05-14T11:31:10.580Z] > git ls-files --stage -- /home/alicja/my-first-website/index.html [23ms]
[2022-05-14T11:31:10.591Z] > git config --get commit.template [12ms]
[2022-05-14T11:31:10.593Z] > git cat-file -s 2560fa1d64f21344ada79c0ef93bb4b6f01c38eb [4ms]
[2022-05-14T11:31:10.622Z] > git show --textconv :index.html [8ms]
[2022-05-14T11:31:15.605Z] > git status -z -uall [2ms]
[2022-05-14T11:31:15.612Z] > git symbolic-ref --short HEAD [1ms]
[2022-05-14T11:31:15.618Z] > git for-each-ref --format=%(refname)%00%(upstream:short)%00%(objectname)%00%(upstream:track)%00%(upstream:remotename)%00%(upstream:remoteref) refs/heads/main refs/remotes/main [1ms]
[2022-05-14T11:31:15.628Z] > git for-each-ref --sort -committerdate --format %(refname) %(objectname) %(*objectname) [5ms]
[2022-05-14T11:31:15.629Z] > git remote --verbose [2ms]
[2022-05-14T11:31:15.656Z] > git config --get commit.template [0ms]
[2022-05-14T11:32:38.456Z] > git status -z -uall [2ms]
[2022-05-14T11:32:38.467Z] > git symbolic-ref --short HEAD [2ms]
[2022-05-14T11:32:38.475Z] > git for-each-ref --format=%(refname)%00%(upstream:short)%00%(objectname)%00%(upstream:track)%00%(upstream:remotename)%00%(upstream:remoteref) refs/heads/main refs/remotes/main [1ms]
[2022-05-14T11:32:38.490Z] > git for-each-ref --sort -committerdate --format %(refname) %(objectname) %(*objectname) [9ms]
[2022-05-14T11:32:38.491Z] > git remote --verbose [2ms]
[2022-05-14T11:32:38.503Z] > git config --get commit.template [1ms]
[2022-05-14T11:34:39.506Z] > git status -z -uall [15ms]
[2022-05-14T11:34:39.541Z] > git symbolic-ref --short HEAD [12ms]
[2022-05-14T11:34:39.579Z] > git for-each-ref --format=%(refname)%00%(upstream:short)%00%(objectname)%00%(upstream:track)%00%(upstream:remotename)%00%(upstream:remoteref) refs/heads/main refs/remotes/main [11ms]
[2022-05-14T11:34:39.660Z] > git for-each-ref --sort -committerdate --format %(refname) %(objectname) %(*objectname) [52ms]
[2022-05-14T11:34:39.664Z] > git remote --verbose [12ms]
[2022-05-14T11:34:39.700Z] > git config --get commit.template [5ms]
[2022-05-14T11:40:20.893Z] > git status -z -uall [7ms]
[2022-05-14T11:40:20.954Z] > git symbolic-ref --short HEAD [37ms]
[2022-05-14T11:40:20.970Z] > git ls-files --stage -- /home/alicja/my-first-website/index.html [17ms]
[2022-05-14T11:40:20.986Z] > git for-each-ref --format=%(refname)%00%(upstream:short)%00%(objectname)%00%(upstream:track)%00%(upstream:remotename)%00%(upstream:remoteref) refs/heads/main refs/remotes/main [17ms]
[2022-05-14T11:40:21.014Z] > git for-each-ref --sort -committerdate --format %(refname) %(objectname) %(*objectname) [15ms]
[2022-05-14T11:40:21.014Z] > git cat-file -s 0180f64d0d6f3fb433561d4895bb8058baf90b33 [30ms]
[2022-05-14T11:40:21.017Z] > git remote --verbose [6ms]
[2022-05-14T11:40:21.040Z] > git config --get commit.template [3ms]
[2022-05-14T11:40:21.053Z] > git show --textconv :index.html [3ms]
[2022-05-14T11:41:55.192Z] > git status -z -uall [18ms]
[2022-05-14T11:41:55.260Z] > git symbolic-ref --short HEAD [17ms]
[2022-05-14T11:41:55.289Z] > git for-each-ref --format=%(refname)%00%(upstream:short)%00%(objectname)%00%(upstream:track)%00%(upstream:remotename)%00%(upstream:remoteref) refs/heads/main refs/remotes/main [5ms]
[2022-05-14T11:41:55.318Z] > git for-each-ref --sort -committerdate --format %(refname) %(objectname) %(*objectname) [13ms]
[2022-05-14T11:41:55.319Z] > git remote --verbose [5ms]
[2022-05-14T11:41:55.332Z] > git config --get commit.template [2ms]
[2022-05-14T11:46:20.828Z] > git status -z -uall [3ms]
[2022-05-14T11:46:20.892Z] > git symbolic-ref --short HEAD [50ms]
[2022-05-14T11:46:20.921Z] > git ls-files --stage -- /home/alicja/my-first-website/index.html [31ms]
[2022-05-14T11:46:20.955Z] > git for-each-ref --format=%(refname)%00%(upstream:short)%00%(objectname)%00%(upstream:track)%00%(upstream:remotename)%00%(upstream:remoteref) refs/heads/main refs/remotes/main [38ms]
[2022-05-14T11:46:21.006Z] > git remote --verbose [10ms]
[2022-05-14T11:46:21.006Z] > git for-each-ref --sort -committerdate --format %(refname) %(objectname) %(*objectname) [28ms]
[2022-05-14T11:46:21.018Z] > git cat-file -s a39c0fc2a67ca78e26ecfdae71e067f6932b3b61 [65ms]
[2022-05-14T11:46:21.045Z] > git config --get commit.template [3ms]
[2022-05-14T11:46:21.181Z] > git show --textconv :index.html [41ms]
[2022-05-14T11:46:26.076Z] > git status -z -uall [7ms]
[2022-05-14T11:46:26.107Z] > git symbolic-ref --short HEAD [7ms]
[2022-05-14T11:46:26.127Z] > git for-each-ref --format=%(refname)%00%(upstream:short)%00%(objectname)%00%(upstream:track)%00%(upstream:remotename)%00%(upstream:remoteref) refs/heads/main refs/remotes/main [3ms]
[2022-05-14T11:46:26.163Z] > git for-each-ref --sort -committerdate --format %(refname) %(objectname) %(*objectname) [19ms]
[2022-05-14T11:46:26.164Z] > git remote --verbose [4ms]
[2022-05-14T11:46:26.195Z] > git config --get commit.template [5ms]
[2022-05-14T11:47:46.485Z] > git check-ignore -v -z --stdin [15ms]
[2022-05-14T11:47:54.010Z] > git check-ignore -v -z --stdin [2ms]
[2022-05-14T11:48:48.931Z] > git check-ignore -v -z --stdin [2ms]
[2022-05-14T11:48:51.083Z] > git status -z -uall [10ms]
[2022-05-14T11:48:51.104Z] > git symbolic-ref --short HEAD [3ms]
[2022-05-14T11:48:51.115Z] > git for-each-ref --format=%(refname)%00%(upstream:short)%00%(objectname)%00%(upstream:track)%00%(upstream:remotename)%00%(upstream:remoteref) refs/heads/main refs/remotes/main [2ms]
[2022-05-14T11:48:51.136Z] > git for-each-ref --sort -committerdate --format %(refname) %(objectname) %(*objectname) [10ms]
[2022-05-14T11:48:51.136Z] > git remote --verbose [2ms]
[2022-05-14T11:48:51.153Z] > git config --get commit.template [1ms]
[2022-05-14T11:48:56.181Z] > git status -z -uall [5ms]
[2022-05-14T11:48:56.201Z] > git symbolic-ref --short HEAD [3ms]
[2022-05-14T11:48:56.229Z] > git for-each-ref --format=%(refname)%00%(upstream:short)%00%(objectname)%00%(upstream:track)%00%(upstream:remotename)%00%(upstream:remoteref) refs/heads/main refs/remotes/main [2ms]
[2022-05-14T11:48:56.289Z] > git remote --verbose [30ms]
[2022-05-14T11:48:56.290Z] > git for-each-ref --sort -committerdate --format %(refname) %(objectname) %(*objectname) [46ms]
[2022-05-14T11:48:56.319Z] > git check-ignore -v -z --stdin [32ms]
[2022-05-14T11:48:56.325Z] > git config --get commit.template [7ms]
[2022-05-14T11:48:58.381Z] > git show --textconv :script.js [17ms]
[2022-05-14T11:48:58.387Z] > git ls-files --stage -- /home/alicja/my-first-website/script.js [8ms]
[2022-05-14T11:48:58.411Z] > git cat-file -s 1c5e100ffe098367d6292f2fad410e91efd81011 [8ms]
[2022-05-14T11:49:06.165Z] > git show --textconv :index.html [26ms]
[2022-05-14T11:49:06.169Z] > git ls-files --stage -- /home/alicja/my-first-website/index.html [14ms]
[2022-05-14T11:49:06.187Z] > git cat-file -s a39c0fc2a67ca78e26ecfdae71e067f6932b3b61 [3ms]
[2022-05-14T11:49:28.099Z] > git show --textconv :index.html [13ms]
[2022-05-14T11:49:28.101Z] > git ls-files --stage -- /home/alicja/my-first-website/index.html [6ms]
[2022-05-14T11:49:28.111Z] > git cat-file -s a39c0fc2a67ca78e26ecfdae71e067f6932b3b61 [3ms]
[2022-05-14T11:51:11.200Z] > git status -z -uall [8ms]
[2022-05-14T11:51:11.225Z] > git symbolic-ref --short HEAD [4ms]
[2022-05-14T11:51:11.253Z] > git for-each-ref --format=%(refname)%00%(upstream:short)%00%(objectname)%00%(upstream:track)%00%(upstream:remotename)%00%(upstream:remoteref) refs/heads/main refs/remotes/main [6ms]
[2022-05-14T11:51:11.295Z] > git remote --verbose [5ms]
[2022-05-14T11:51:11.296Z] > git for-each-ref --sort -committerdate --format %(refname) %(objectname) %(*objectname) [25ms]
[2022-05-14T11:51:11.339Z] > git config --get commit.template [4ms]
[2022-05-14T11:54:28.671Z] > git check-ignore -v -z --stdin [3ms]
[2022-05-14T11:54:28.874Z] > git show --textconv :.html [32ms]
[2022-05-14T11:54:28.878Z] > git ls-files --stage -- /home/alicja/my-first-website/.html [11ms]
[2022-05-14T11:54:29.370Z] > git status -z -uall [3ms]
[2022-05-14T11:54:29.384Z] > git symbolic-ref --short HEAD [3ms]
[2022-05-14T11:54:29.399Z] > git for-each-ref --format=%(refname)%00%(upstream:short)%00%(objectname)%00%(upstream:track)%00%(upstream:remotename)%00%(upstream:remoteref) refs/heads/main refs/remotes/main [3ms]
[2022-05-14T11:54:29.425Z] > git for-each-ref --sort -committerdate --format %(refname) %(objectname) %(*objectname) [14ms]
[2022-05-14T11:54:29.425Z] > git remote --verbose [3ms]
[2022-05-14T11:54:29.454Z] > git config --get commit.template [3ms]
[2022-05-14T11:54:34.152Z] > git show --textconv :index.html [18ms]
[2022-05-14T11:54:34.157Z] > git ls-files --stage -- /home/alicja/my-first-website/index.html [8ms]
[2022-05-14T11:54:34.176Z] > git cat-file -s a39c0fc2a67ca78e26ecfdae71e067f6932b3b61 [3ms]
[2022-05-14T11:54:40.929Z] > git status -z -uall [18ms]
[2022-05-14T11:54:40.952Z] > git symbolic-ref --short HEAD [5ms]
[2022-05-14T11:54:40.973Z] > git for-each-ref --format=%(refname)%00%(upstream:short)%00%(objectname)%00%(upstream:track)%00%(upstream:remotename)%00%(upstream:remoteref) refs/heads/main refs/remotes/main [4ms]
[2022-05-14T11:54:41.006Z] > git for-each-ref --sort -committerdate --format %(refname) %(objectname) %(*objectname) [18ms]
[2022-05-14T11:54:41.007Z] > git remote --verbose [5ms]
[2022-05-14T11:54:41.035Z] > git config --get commit.template [4ms]
[2022-05-14T11:56:07.415Z] > git show --textconv :.html [20ms]
[2022-05-14T11:56:07.419Z] > git ls-files --stage -- /home/alicja/my-first-website/.html [8ms]
[2022-05-14T11:56:17.570Z] > git show --textconv :index.html [22ms]
[2022-05-14T11:56:17.573Z] > git ls-files --stage -- /home/alicja/my-first-website/index.html [5ms]
[2022-05-14T11:56:17.597Z] > git cat-file -s a39c0fc2a67ca78e26ecfdae71e067f6932b3b61 [4ms]
[2022-05-14T11:56:18.383Z] > git status -z -uall [6ms]
[2022-05-14T11:56:18.405Z] > git symbolic-ref --short HEAD [3ms]
[2022-05-14T11:56:18.426Z] > git for-each-ref --format=%(refname)%00%(upstream:short)%00%(objectname)%00%(upstream:track)%00%(upstream:remotename)%00%(upstream:remoteref) refs/heads/main refs/remotes/main [5ms]
[2022-05-14T11:56:18.466Z] > git for-each-ref --sort -committerdate --format %(refname) %(objectname) %(*objectname) [25ms]
[2022-05-14T11:56:18.467Z] > git remote --verbose [5ms]
[2022-05-14T11:56:18.496Z] > git config --get commit.template [4ms]
[2022-05-14T11:56:47.091Z] > git status -z -uall [3ms]
[2022-05-14T11:56:47.101Z] > git symbolic-ref --short HEAD [1ms]
[2022-05-14T11:56:47.113Z] > git for-each-ref --format=%(refname)%00%(upstream:short)%00%(objectname)%00%(upstream:track)%00%(upstream:remotename)%00%(upstream:remoteref) refs/heads/main refs/remotes/main [2ms]
[2022-05-14T11:56:47.129Z] > git remote --verbose [2ms]
[2022-05-14T11:56:47.130Z] > git for-each-ref --sort -committerdate --format %(refname) %(objectname) %(*objectname) [10ms]
[2022-05-14T11:56:47.149Z] > git config --get commit.template [1ms]
[2022-05-14T11:57:03.424Z] > git status -z -uall [9ms]
[2022-05-14T11:57:03.467Z] > git symbolic-ref --short HEAD [11ms]
[2022-05-14T11:57:03.486Z] > git for-each-ref --format=%(refname)%00%(upstream:short)%00%(objectname)%00%(upstream:track)%00%(upstream:remotename)%00%(upstream:remoteref) refs/heads/main refs/remotes/main [2ms]
[2022-05-14T11:57:03.510Z] > git remote --verbose [2ms]
[2022-05-14T11:57:03.511Z] > git for-each-ref --sort -committerdate --format %(refname) %(objectname) %(*objectname) [14ms]
[2022-05-14T11:57:03.524Z] > git config --get commit.template [2ms]
[2022-05-14T11:57:33.408Z] > git status -z -uall [3ms]
[2022-05-14T11:57:33.416Z] > git symbolic-ref --short HEAD [1ms]
[2022-05-14T11:57:33.426Z] > git for-each-ref --format=%(refname)%00%(upstream:short)%00%(objectname)%00%(upstream:track)%00%(upstream:remotename)%00%(upstream:remoteref) refs/heads/main refs/remotes/main [2ms]
[2022-05-14T11:57:33.446Z] > git remote --verbose [3ms]
[2022-05-14T11:57:33.446Z] > git for-each-ref --sort -committerdate --format %(refname) %(objectname) %(*objectname) [12ms]
[2022-05-14T11:57:33.461Z] > git config --get commit.template [2ms]
[2022-05-14T11:59:45.537Z] > git status -z -uall [8ms]
[2022-05-14T11:59:45.562Z] > git symbolic-ref --short HEAD [5ms]
[2022-05-14T11:59:45.588Z] > git for-each-ref --format=%(refname)%00%(upstream:short)%00%(objectname)%00%(upstream:track)%00%(upstream:remotename)%00%(upstream:remoteref) refs/heads/main refs/remotes/main [5ms]
[2022-05-14T11:59:45.629Z] > git remote --verbose [4ms]
[2022-05-14T11:59:45.630Z] > git for-each-ref --sort -committerdate --format %(refname) %(objectname) %(*objectname) [25ms]
[2022-05-14T11:59:45.661Z] > git config --get commit.template [7ms]
[2022-05-14T12:02:03.385Z] > git status -z -uall [9ms]
[2022-05-14T12:02:03.408Z] > git symbolic-ref --short HEAD [4ms]
[2022-05-14T12:02:03.429Z] > git for-each-ref --format=%(refname)%00%(upstream:short)%00%(objectname)%00%(upstream:track)%00%(upstream:remotename)%00%(upstream:remoteref) refs/heads/main refs/remotes/main [4ms]
[2022-05-14T12:02:03.466Z] > git for-each-ref --sort -committerdate --format %(refname) %(objectname) %(*objectname) [20ms]
[2022-05-14T12:02:03.467Z] > git remote --verbose [6ms]
[2022-05-14T12:02:03.506Z] > git config --get commit.template [3ms]
[2022-05-14T12:38:32.279Z] > git check-ignore -v -z --stdin [3ms]
[2022-05-14T12:38:35.254Z] > git check-ignore -v -z --stdin [1ms]
[2022-05-14T12:46:00.402Z] > git check-ignore -v -z --stdin [1ms]
[2022-05-14T12:46:30.310Z] > git status -z -uall [6ms]
[2022-05-14T12:46:30.338Z] > git symbolic-ref --short HEAD [2ms]
[2022-05-14T12:46:30.361Z] > git for-each-ref --format=%(refname)%00%(upstream:short)%00%(objectname)%00%(upstream:track)%00%(upstream:remotename)%00%(upstream:remoteref) refs/heads/main refs/remotes/main [1ms]
[2022-05-14T12:46:30.401Z] > git remote --verbose [5ms]
[2022-05-14T12:46:30.402Z] > git for-each-ref --sort -committerdate --format %(refname) %(objectname) %(*objectname) [17ms]
[2022-05-14T12:46:30.427Z] > git config --get commit.template [1ms]
[2022-05-14T12:46:35.436Z] > git status -z -uall [2ms]
[2022-05-14T12:46:35.442Z] > git symbolic-ref --short HEAD [1ms]
[2022-05-14T12:46:35.451Z] > git for-each-ref --format=%(refname)%00%(upstream:short)%00%(objectname)%00%(upstream:track)%00%(upstream:remotename)%00%(upstream:remoteref) refs/heads/main refs/remotes/main [4ms]
[2022-05-14T12:46:35.461Z] > git for-each-ref --sort -committerdate --format %(refname) %(objectname) %(*objectname) [5ms]
[2022-05-14T12:46:35.462Z] > git remote --verbose [2ms]
[2022-05-14T12:46:35.486Z] > git config --get commit.template [0ms]
[2022-05-14T12:49:23.928Z] > git status -z -uall [2ms]
[2022-05-14T12:49:23.938Z] > git symbolic-ref --short HEAD [2ms]
[2022-05-14T12:49:23.948Z] > git for-each-ref --format=%(refname)%00%(upstream:short)%00%(objectname)%00%(upstream:track)%00%(upstream:remotename)%00%(upstream:remoteref) refs/heads/main refs/remotes/main [1ms]
[2022-05-14T12:49:23.963Z] > git remote --verbose [1ms]
[2022-05-14T12:49:23.964Z] > git for-each-ref --sort -committerdate --format %(refname) %(objectname) %(*objectname) [8ms]
[2022-05-14T12:49:23.980Z] > git config --get commit.template [1ms]
[2022-05-14T12:50:28.604Z] > git status -z -uall [5ms]
[2022-05-14T12:50:28.625Z] > git symbolic-ref --short HEAD [2ms]
[2022-05-14T12:50:28.637Z] > git for-each-ref --format=%(refname)%00%(upstream:short)%00%(objectname)%00%(upstream:track)%00%(upstream:remotename)%00%(upstream:remoteref) refs/heads/main refs/remotes/main [1ms]
[2022-05-14T12:50:28.655Z] > git remote --verbose [2ms]
[2022-05-14T12:50:28.656Z] > git for-each-ref --sort -committerdate --format %(refname) %(objectname) %(*objectname) [11ms]
[2022-05-14T12:50:28.670Z] > git config --get commit.template [1ms]
[2022-05-14T12:51:26.466Z] > git status -z -uall [5ms]
[2022-05-14T12:51:26.481Z] > git symbolic-ref --short HEAD [2ms]
[2022-05-14T12:51:26.495Z] > git for-each-ref --format=%(refname)%00%(upstream:short)%00%(objectname)%00%(upstream:track)%00%(upstream:remotename)%00%(upstream:remoteref) refs/heads/main refs/remotes/main [1ms]
[2022-05-14T12:51:26.513Z] > git remote --verbose [1ms]
[2022-05-14T12:51:26.514Z] > git for-each-ref --sort -committerdate --format %(refname) %(objectname) %(*objectname) [13ms]
[2022-05-14T12:51:26.526Z] > git config --get commit.template [1ms]
[2022-05-14T12:51:39.958Z] > git status -z -uall [1ms]
[2022-05-14T12:51:39.969Z] > git symbolic-ref --short HEAD [1ms]
[2022-05-14T12:51:39.975Z] > git for-each-ref --format=%(refname)%00%(upstream:short)%00%(objectname)%00%(upstream:track)%00%(upstream:remotename)%00%(upstream:remoteref) refs/heads/main refs/remotes/main [1ms]
[2022-05-14T12:51:39.989Z] > git remote --verbose [1ms]
[2022-05-14T12:51:39.990Z] > git for-each-ref --sort -committerdate --format %(refname) %(objectname) %(*objectname) [7ms]
[2022-05-14T12:51:40.004Z] > git config --get commit.template [2ms]
[2022-05-14T12:53:41.834Z] > git status -z -uall [3ms]
[2022-05-14T12:53:41.841Z] > git symbolic-ref --short HEAD [1ms]
[2022-05-14T12:53:41.851Z] > git for-each-ref --format=%(refname)%00%(upstream:short)%00%(objectname)%00%(upstream:track)%00%(upstream:remotename)%00%(upstream:remoteref) refs/heads/main refs/remotes/main [1ms]
[2022-05-14T12:53:41.870Z] > git for-each-ref --sort -committerdate --format %(refname) %(objectname) %(*objectname) [13ms]
[2022-05-14T12:53:41.870Z] > git remote --verbose [1ms]
[2022-05-14T12:53:41.882Z] > git config --get commit.template [1ms]
[2022-05-14T12:54:10.354Z] > git status -z -uall [2ms]
[2022-05-14T12:54:10.362Z] > git symbolic-ref --short HEAD [2ms]
[2022-05-14T12:54:10.370Z] > git for-each-ref --format=%(refname)%00%(upstream:short)%00%(objectname)%00%(upstream:track)%00%(upstream:remotename)%00%(upstream:remoteref) refs/heads/main refs/remotes/main [1ms]
[2022-05-14T12:54:10.385Z] > git remote --verbose [2ms]
[2022-05-14T12:54:10.386Z] > git for-each-ref --sort -committerdate --format %(refname) %(objectname) %(*objectname) [10ms]
[2022-05-14T12:54:10.399Z] > git config --get commit.template [2ms]
[2022-05-14T12:56:16.401Z] > git status -z -uall [5ms]
[2022-05-14T12:56:16.416Z] > git symbolic-ref --short HEAD [3ms]
[2022-05-14T12:56:16.430Z] > git for-each-ref --format=%(refname)%00%(upstream:short)%00%(objectname)%00%(upstream:track)%00%(upstream:remotename)%00%(upstream:remoteref) refs/heads/main refs/remotes/main [2ms]
[2022-05-14T12:56:16.454Z] > git for-each-ref --sort -committerdate --format %(refname) %(objectname) %(*objectname) [12ms]
[2022-05-14T12:56:16.454Z] > git remote --verbose [2ms]
[2022-05-14T12:56:16.465Z] > git config --get commit.template [1ms]
[2022-05-14T12:58:13.835Z] > git status -z -uall [2ms]
[2022-05-14T12:58:13.842Z] > git symbolic-ref --short HEAD [1ms]
[2022-05-14T12:58:13.849Z] > git for-each-ref --format=%(refname)%00%(upstream:short)%00%(objectname)%00%(upstream:track)%00%(upstream:remotename)%00%(upstream:remoteref) refs/heads/main refs/remotes/main [1ms]
[2022-05-14T12:58:13.860Z] > git for-each-ref --sort -committerdate --format %(refname) %(objectname) %(*objectname) [5ms]
[2022-05-14T12:58:13.860Z] > git remote --verbose [1ms]
[2022-05-14T12:58:13.874Z] > git config --get commit.template [1ms]
[2022-05-14T13:02:13.839Z] > git status -z -uall [3ms]
[2022-05-14T13:02:13.847Z] > git symbolic-ref --short HEAD [2ms]
[2022-05-14T13:02:13.854Z] > git for-each-ref --format=%(refname)%00%(upstream:short)%00%(objectname)%00%(upstream:track)%00%(upstream:remotename)%00%(upstream:remoteref) refs/heads/main refs/remotes/main [1ms]
[2022-05-14T13:02:13.868Z] > git remote --verbose [1ms]
[2022-05-14T13:02:13.869Z] > git for-each-ref --sort -committerdate --format %(refname) %(objectname) %(*objectname) [9ms]
[2022-05-14T13:02:13.881Z] > git config --get commit.template [1ms]
[2022-05-14T13:05:54.851Z] > git status -z -uall [3ms]
[2022-05-14T13:05:54.866Z] > git symbolic-ref --short HEAD [3ms]
[2022-05-14T13:05:54.878Z] > git for-each-ref --format=%(refname)%00%(upstream:short)%00%(objectname)%00%(upstream:track)%00%(upstream:remotename)%00%(upstream:remoteref) refs/heads/main refs/remotes/main [2ms]
[2022-05-14T13:05:54.897Z] > git remote --verbose [1ms]
[2022-05-14T13:05:54.897Z] > git for-each-ref --sort -committerdate --format %(refname) %(objectname) %(*objectname) [10ms]
[2022-05-14T13:05:54.920Z] > git config --get commit.template [6ms]
[2022-05-14T13:16:16.970Z] > git status -z -uall [2ms]
[2022-05-14T13:16:16.981Z] > git symbolic-ref --short HEAD [3ms]
[2022-05-14T13:16:16.989Z] > git for-each-ref --format=%(refname)%00%(upstream:short)%00%(objectname)%00%(upstream:track)%00%(upstream:remotename)%00%(upstream:remoteref) refs/heads/main refs/remotes/main [1ms]
[2022-05-14T13:16:17.005Z] > git remote --verbose [1ms]
[2022-05-14T13:16:17.006Z] > git for-each-ref --sort -committerdate --format %(refname) %(objectname) %(*objectname) [8ms]
[2022-05-14T13:16:17.021Z] > git config --get commit.template [2ms]
[2022-05-14T13:16:19.932Z] > git check-ignore -v -z --stdin [1ms]
[2022-05-14T13:16:25.251Z] > git ls-files --stage -- /home/alicja/my-first-website/style.css [1ms]
[2022-05-14T13:16:25.270Z] > git show --textconv :style.css [25ms]
[2022-05-14T13:16:25.271Z] > git cat-file -s e69de29bb2d1d6434b8b29ae775ad8c2e48c5391 [12ms]
[2022-05-14T13:17:11.625Z] > git status -z -uall [3ms]
[2022-05-14T13:17:11.638Z] > git symbolic-ref --short HEAD [2ms]
[2022-05-14T13:17:11.652Z] > git for-each-ref --format=%(refname)%00%(upstream:short)%00%(objectname)%00%(upstream:track)%00%(upstream:remotename)%00%(upstream:remoteref) refs/heads/main refs/remotes/main [1ms]
[2022-05-14T13:17:11.674Z] > git for-each-ref --sort -committerdate --format %(refname) %(objectname) %(*objectname) [12ms]
[2022-05-14T13:17:11.675Z] > git remote --verbose [3ms]
[2022-05-14T13:17:11.687Z] > git config --get commit.template [2ms]
[2022-05-14T13:17:20.745Z] > git show --textconv :index.html [6ms]
[2022-05-14T13:17:20.746Z] > git ls-files --stage -- /home/alicja/my-first-website/index.html [2ms]
[2022-05-14T13:17:20.755Z] > git cat-file -s a39c0fc2a67ca78e26ecfdae71e067f6932b3b61 [1ms]
[2022-05-14T13:17:24.885Z] > git status -z -uall [2ms]
[2022-05-14T13:17:24.892Z] > git symbolic-ref --short HEAD [1ms]
[2022-05-14T13:17:24.899Z] > git for-each-ref --format=%(refname)%00%(upstream:short)%00%(objectname)%00%(upstream:track)%00%(upstream:remotename)%00%(upstream:remoteref) refs/heads/main refs/remotes/main [1ms]
[2022-05-14T13:17:24.911Z] > git remote --verbose [1ms]
[2022-05-14T13:17:24.911Z] > git for-each-ref --sort -committerdate --format %(refname) %(objectname) %(*objectname) [7ms]
[2022-05-14T13:17:24.940Z] > git config --get commit.template [3ms]
[2022-05-14T13:19:22.125Z] > git status -z -uall [5ms]
[2022-05-14T13:19:22.136Z] > git symbolic-ref --short HEAD [2ms]
[2022-05-14T13:19:22.148Z] > git for-each-ref --format=%(refname)%00%(upstream:short)%00%(objectname)%00%(upstream:track)%00%(upstream:remotename)%00%(upstream:remoteref) refs/heads/main refs/remotes/main [3ms]
[2022-05-14T13:19:22.164Z] > git remote --verbose [2ms]
[2022-05-14T13:19:22.164Z] > git for-each-ref --sort -committerdate --format %(refname) %(objectname) %(*objectname) [9ms]
[2022-05-14T13:19:22.177Z] > git config --get commit.template [1ms]
[2022-05-14T13:20:24.914Z] > git status -z -uall [5ms]
[2022-05-14T13:20:24.928Z] > git symbolic-ref --short HEAD [2ms]
[2022-05-14T13:20:24.954Z] > git for-each-ref --format=%(refname)%00%(upstream:short)%00%(objectname)%00%(upstream:track)%00%(upstream:remotename)%00%(upstream:remoteref) refs/heads/main refs/remotes/main [3ms]
[2022-05-14T13:20:24.983Z] > git for-each-ref --sort -committerdate --format %(refname) %(objectname) %(*objectname) [14ms]
[2022-05-14T13:20:24.983Z] > git remote --verbose [2ms]
[2022-05-14T13:20:24.999Z] > git config --get commit.template [1ms]
[2022-05-14T13:22:12.240Z] > git status -z -uall [6ms]
[2022-05-14T13:22:12.247Z] > git symbolic-ref --short HEAD [1ms]
[2022-05-14T13:22:12.254Z] > git for-each-ref --format=%(refname)%00%(upstream:short)%00%(objectname)%00%(upstream:track)%00%(upstream:remotename)%00%(upstream:remoteref) refs/heads/main refs/remotes/main [1ms]
[2022-05-14T13:22:12.268Z] > git remote --verbose [1ms]
[2022-05-14T13:22:12.268Z] > git for-each-ref --sort -committerdate --format %(refname) %(objectname) %(*objectname) [8ms]
[2022-05-14T13:22:12.283Z] > git config --get commit.template [3ms]
[2022-05-14T13:23:18.160Z] > git status -z -uall [2ms]
[2022-05-14T13:23:18.168Z] > git symbolic-ref --short HEAD [3ms]
[2022-05-14T13:23:18.176Z] > git for-each-ref --format=%(refname)%00%(upstream:short)%00%(objectname)%00%(upstream:track)%00%(upstream:remotename)%00%(upstream:remoteref) refs/heads/main refs/remotes/main [1ms]
[2022-05-14T13:23:18.190Z] > git remote --verbose [2ms]
[2022-05-14T13:23:18.190Z] > git for-each-ref --sort -committerdate --format %(refname) %(objectname) %(*objectname) [10ms]
[2022-05-14T13:23:18.206Z] > git config --get commit.template [3ms]
[2022-05-14T13:25:14.147Z] > git status -z -uall [4ms]
[2022-05-14T13:25:14.159Z] > git symbolic-ref --short HEAD [1ms]
[2022-05-14T13:25:14.171Z] > git for-each-ref --format=%(refname)%00%(upstream:short)%00%(objectname)%00%(upstream:track)%00%(upstream:remotename)%00%(upstream:remoteref) refs/heads/main refs/remotes/main [3ms]
[2022-05-14T13:25:14.188Z] > git for-each-ref --sort -committerdate --format %(refname) %(objectname) %(*objectname) [9ms]
[2022-05-14T13:25:14.188Z] > git remote --verbose [1ms]
[2022-05-14T13:25:14.198Z] > git config --get commit.template [1ms]
[2022-05-14T13:25:54.622Z] > git status -z -uall [3ms]
[2022-05-14T13:25:54.632Z] > git symbolic-ref --short HEAD [2ms]
[2022-05-14T13:25:54.642Z] > git for-each-ref --format=%(refname)%00%(upstream:short)%00%(objectname)%00%(upstream:track)%00%(upstream:remotename)%00%(upstream:remoteref) refs/heads/main refs/remotes/main [3ms]
[2022-05-14T13:25:54.655Z] > git remote --verbose [1ms]
[2022-05-14T13:25:54.655Z] > git for-each-ref --sort -committerdate --format %(refname) %(objectname) %(*objectname) [7ms]
[2022-05-14T13:25:54.666Z] > git config --get commit.template [1ms]
[2022-05-14T13:26:55.034Z] > git status -z -uall [11ms]
[2022-05-14T13:26:55.051Z] > git symbolic-ref --short HEAD [4ms]
[2022-05-14T13:26:55.067Z] > git for-each-ref --format=%(refname)%00%(upstream:short)%00%(objectname)%00%(upstream:track)%00%(upstream:remotename)%00%(upstream:remoteref) refs/heads/main refs/remotes/main [3ms]
[2022-05-14T13:26:55.088Z] > git for-each-ref --sort -committerdate --format %(refname) %(objectname) %(*objectname) [12ms]
[2022-05-14T13:26:55.089Z] > git remote --verbose [2ms]
[2022-05-14T13:26:55.105Z] > git config --get commit.template [1ms]
[2022-05-14T13:54:57.103Z] > git status -z -uall [3ms]
[2022-05-14T13:54:57.124Z] > git symbolic-ref --short HEAD [1ms]
[2022-05-14T13:54:57.146Z] > git for-each-ref --format=%(refname)%00%(upstream:short)%00%(objectname)%00%(upstream:track)%00%(upstream:remotename)%00%(upstream:remoteref) refs/heads/main refs/remotes/main [1ms]
[2022-05-14T13:54:57.171Z] > git remote --verbose [1ms]
[2022-05-14T13:54:57.171Z] > git for-each-ref --sort -committerdate --format %(refname) %(objectname) %(*objectname) [5ms]
[2022-05-14T13:54:57.184Z] > git config --get commit.template [1ms]
[2022-05-14T13:55:02.976Z] > git show --textconv :style.css [6ms]
[2022-05-14T13:55:02.977Z] > git ls-files --stage -- /home/alicja/my-first-website/style.css [1ms]
[2022-05-14T13:55:02.984Z] > git cat-file -s e69de29bb2d1d6434b8b29ae775ad8c2e48c5391 [2ms]
[2022-05-14T14:00:55.831Z] > git status -z -uall [3ms]
[2022-05-14T14:00:55.852Z] > git symbolic-ref --short HEAD [2ms]
[2022-05-14T14:00:55.872Z] > git for-each-ref --format=%(refname)%00%(upstream:short)%00%(objectname)%00%(upstream:track)%00%(upstream:remotename)%00%(upstream:remoteref) refs/heads/main refs/remotes/main [4ms]
[2022-05-14T14:00:55.897Z] > git for-each-ref --sort -committerdate --format %(refname) %(objectname) %(*objectname) [13ms]
[2022-05-14T14:00:55.898Z] > git remote --verbose [6ms]
[2022-05-14T14:00:55.918Z] > git config --get commit.template [1ms]
[2022-05-14T14:05:25.506Z] > git status -z -uall [5ms]
[2022-05-14T14:05:25.526Z] > git symbolic-ref --short HEAD [3ms]
[2022-05-14T14:05:25.543Z] > git for-each-ref --format=%(refname)%00%(upstream:short)%00%(objectname)%00%(upstream:track)%00%(upstream:remotename)%00%(upstream:remoteref) refs/heads/main refs/remotes/main [2ms]
[2022-05-14T14:05:25.563Z] > git for-each-ref --sort -committerdate --format %(refname) %(objectname) %(*objectname) [11ms]
[2022-05-14T14:05:25.564Z] > git remote --verbose [2ms]
[2022-05-14T14:05:25.599Z] > git config --get commit.template [2ms]
[2022-05-14T14:09:29.598Z] > git status -z -uall [2ms]
[2022-05-14T14:09:29.606Z] > git symbolic-ref --short HEAD [1ms]
[2022-05-14T14:09:29.613Z] > git for-each-ref --format=%(refname)%00%(upstream:short)%00%(objectname)%00%(upstream:track)%00%(upstream:remotename)%00%(upstream:remoteref) refs/heads/main refs/remotes/main [1ms]
[2022-05-14T14:09:29.627Z] > git for-each-ref --sort -committerdate --format %(refname) %(objectname) %(*objectname) [9ms]
[2022-05-14T14:09:29.627Z] > git remote --verbose [2ms]
[2022-05-14T14:09:29.644Z] > git config --get commit.template [2ms]
[2022-05-14T14:09:39.819Z] > git show --textconv :index.html [8ms]
[2022-05-14T14:09:39.821Z] > git ls-files --stage -- /home/alicja/my-first-website/index.html [3ms]
[2022-05-14T14:09:39.829Z] > git cat-file -s a39c0fc2a67ca78e26ecfdae71e067f6932b3b61 [2ms]
[2022-05-14T14:09:49.887Z] > git status -z -uall [6ms]
[2022-05-14T14:09:49.917Z] > git symbolic-ref --short HEAD [5ms]
[2022-05-14T14:09:49.938Z] > git for-each-ref --format=%(refname)%00%(upstream:short)%00%(objectname)%00%(upstream:track)%00%(upstream:remotename)%00%(upstream:remoteref) refs/heads/main refs/remotes/main [3ms]
[2022-05-14T14:09:49.971Z] > git remote --verbose [3ms]
[2022-05-14T14:09:49.972Z] > git for-each-ref --sort -committerdate --format %(refname) %(objectname) %(*objectname) [19ms]
[2022-05-14T14:09:49.992Z] > git config --get commit.template [3ms]
[2022-05-14T14:11:18.181Z] > git show --textconv :style.css [15ms]
[2022-05-14T14:11:18.182Z] > git ls-files --stage -- /home/alicja/my-first-website/style.css [4ms]
[2022-05-14T14:11:18.191Z] > git cat-file -s e69de29bb2d1d6434b8b29ae775ad8c2e48c5391 [2ms]
[2022-05-14T14:18:17.371Z] > git status -z -uall [3ms]
[2022-05-14T14:18:17.379Z] > git symbolic-ref --short HEAD [1ms]
[2022-05-14T14:18:17.390Z] > git for-each-ref --format=%(refname)%00%(upstream:short)%00%(objectname)%00%(upstream:track)%00%(upstream:remotename)%00%(upstream:remoteref) refs/heads/main refs/remotes/main [2ms]
[2022-05-14T14:18:17.407Z] > git remote --verbose [2ms]
[2022-05-14T14:18:17.407Z] > git for-each-ref --sort -committerdate --format %(refname) %(objectname) %(*objectname) [9ms]
[2022-05-14T14:18:17.424Z] > git config --get commit.template [1ms]
[2022-05-14T14:23:18.247Z] > git status -z -uall [4ms]
[2022-05-14T14:23:18.258Z] > git symbolic-ref --short HEAD [1ms]
[2022-05-14T14:23:18.265Z] > git for-each-ref --format=%(refname)%00%(upstream:short)%00%(objectname)%00%(upstream:track)%00%(upstream:remotename)%00%(upstream:remoteref) refs/heads/main refs/remotes/main [0ms]
[2022-05-14T14:23:18.274Z] > git remote --verbose [1ms]
[2022-05-14T14:23:18.275Z] > git for-each-ref --sort -committerdate --format %(refname) %(objectname) %(*objectname) [6ms]
[2022-05-14T14:23:18.297Z] > git config --get commit.template [1ms]
[2022-05-14T14:27:37.370Z] > git status -z -uall [4ms]
[2022-05-14T14:27:37.388Z] > git symbolic-ref --short HEAD [2ms]
[2022-05-14T14:27:37.410Z] > git for-each-ref --format=%(refname)%00%(upstream:short)%00%(objectname)%00%(upstream:track)%00%(upstream:remotename)%00%(upstream:remoteref) refs/heads/main refs/remotes/main [4ms]
[2022-05-14T14:27:37.433Z] > git for-each-ref --sort -committerdate --format %(refname) %(objectname) %(*objectname) [12ms]
[2022-05-14T14:27:37.434Z] > git remote --verbose [2ms]
[2022-05-14T14:27:37.451Z] > git config --get commit.template [1ms]
[2022-05-14T14:28:57.433Z] > git status -z -uall [13ms]
[2022-05-14T14:28:57.447Z] > git symbolic-ref --short HEAD [2ms]
[2022-05-14T14:28:57.463Z] > git for-each-ref --format=%(refname)%00%(upstream:short)%00%(objectname)%00%(upstream:track)%00%(upstream:remotename)%00%(upstream:remoteref) refs/heads/main refs/remotes/main [4ms]
[2022-05-14T14:28:57.483Z] > git remote --verbose [2ms]
[2022-05-14T14:28:57.483Z] > git for-each-ref --sort -committerdate --format %(refname) %(objectname) %(*objectname) [12ms]
[2022-05-14T14:28:57.500Z] > git config --get commit.template [3ms]
[2022-05-14T14:29:16.805Z] > git status -z -uall [11ms]
[2022-05-14T14:29:16.812Z] > git symbolic-ref --short HEAD [2ms]
[2022-05-14T14:29:16.818Z] > git for-each-ref --format=%(refname)%00%(upstream:short)%00%(objectname)%00%(upstream:track)%00%(upstream:remotename)%00%(upstream:remoteref) refs/heads/main refs/remotes/main [1ms]
[2022-05-14T14:29:16.829Z] > git for-each-ref --sort -committerdate --format %(refname) %(objectname) %(*objectname) [6ms]
[2022-05-14T14:29:16.829Z] > git remote --verbose [1ms]
[2022-05-14T14:29:16.856Z] > git config --get commit.template [2ms]
[2022-05-14T14:33:04.026Z] > git status -z -uall [9ms]
[2022-05-14T14:33:04.040Z] > git symbolic-ref --short HEAD [3ms]
[2022-05-14T14:33:04.058Z] > git for-each-ref --format=%(refname)%00%(upstream:short)%00%(objectname)%00%(upstream:track)%00%(upstream:remotename)%00%(upstream:remoteref) refs/heads/main refs/remotes/main [3ms]
[2022-05-14T14:33:04.088Z] > git for-each-ref --sort -committerdate --format %(refname) %(objectname) %(*objectname) [12ms]
[2022-05-14T14:33:04.089Z] > git remote --verbose [3ms]
[2022-05-14T14:33:04.106Z] > git config --get commit.template [2ms]
[2022-05-14T14:36:16.968Z] > git status -z -uall [4ms]
[2022-05-14T14:36:16.985Z] > git symbolic-ref --short HEAD [3ms]
[2022-05-14T14:36:16.998Z] > git for-each-ref --format=%(refname)%00%(upstream:short)%00%(objectname)%00%(upstream:track)%00%(upstream:remotename)%00%(upstream:remoteref) refs/heads/main refs/remotes/main [2ms]
[2022-05-14T14:36:17.015Z] > git for-each-ref --sort -committerdate --format %(refname) %(objectname) %(*objectname) [9ms]
[2022-05-14T14:36:17.016Z] > git remote --verbose [3ms]
[2022-05-14T14:36:17.027Z] > git config --get commit.template [1ms]
[2022-05-14T14:38:12.146Z] > git status -z -uall [6ms]
[2022-05-14T14:38:12.167Z] > git symbolic-ref --short HEAD [7ms]
[2022-05-14T14:38:12.182Z] > git for-each-ref --format=%(refname)%00%(upstream:short)%00%(objectname)%00%(upstream:track)%00%(upstream:remotename)%00%(upstream:remoteref) refs/heads/main refs/remotes/main [4ms]
[2022-05-14T14:38:12.200Z] > git for-each-ref --sort -committerdate --format %(refname) %(objectname) %(*objectname) [7ms]
[2022-05-14T14:38:12.200Z] > git remote --verbose [1ms]
[2022-05-14T14:38:12.211Z] > git config --get commit.template [3ms]
[2022-05-14T14:38:47.068Z] > git status -z -uall [29ms]
[2022-05-14T14:38:47.081Z] > git symbolic-ref --short HEAD [3ms]
[2022-05-14T14:38:47.096Z] > git for-each-ref --format=%(refname)%00%(upstream:short)%00%(objectname)%00%(upstream:track)%00%(upstream:remotename)%00%(upstream:remoteref) refs/heads/main refs/remotes/main [2ms]
[2022-05-14T14:38:47.122Z] > git remote --verbose [5ms]
[2022-05-14T14:38:47.123Z] > git for-each-ref --sort -committerdate --format %(refname) %(objectname) %(*objectname) [13ms]
[2022-05-14T14:38:47.152Z] > git config --get commit.template [2ms]
[2022-05-14T14:39:10.547Z] > git status -z -uall [4ms]
[2022-05-14T14:39:10.565Z] > git symbolic-ref --short HEAD [4ms]
[2022-05-14T14:39:10.578Z] > git for-each-ref --format=%(refname)%00%(upstream:short)%00%(objectname)%00%(upstream:track)%00%(upstream:remotename)%00%(upstream:remoteref) refs/heads/main refs/remotes/main [2ms]
[2022-05-14T14:39:10.596Z] > git remote --verbose [1ms]
[2022-05-14T14:39:10.597Z] > git for-each-ref --sort -committerdate --format %(refname) %(objectname) %(*objectname) [11ms]
[2022-05-14T14:39:10.614Z] > git config --get commit.template [2ms]
[2022-05-14T14:39:37.935Z] > git status -z -uall [6ms]
[2022-05-14T14:39:37.950Z] > git symbolic-ref --short HEAD [2ms]
[2022-05-14T14:39:37.968Z] > git for-each-ref --format=%(refname)%00%(upstream:short)%00%(objectname)%00%(upstream:track)%00%(upstream:remotename)%00%(upstream:remoteref) refs/heads/main refs/remotes/main [3ms]
[2022-05-14T14:39:37.997Z] > git for-each-ref --sort -committerdate --format %(refname) %(objectname) %(*objectname) [16ms]
[2022-05-14T14:39:37.997Z] > git remote --verbose [4ms]
[2022-05-14T14:39:38.015Z] > git config --get commit.template [1ms]
[2022-05-14T14:40:43.462Z] > git status -z -uall [3ms]
[2022-05-14T14:40:43.471Z] > git symbolic-ref --short HEAD [2ms]
[2022-05-14T14:40:43.483Z] > git for-each-ref --format=%(refname)%00%(upstream:short)%00%(objectname)%00%(upstream:track)%00%(upstream:remotename)%00%(upstream:remoteref) refs/heads/main refs/remotes/main [3ms]
[2022-05-14T14:40:43.497Z] > git for-each-ref --sort -committerdate --format %(refname) %(objectname) %(*objectname) [7ms]
[2022-05-14T14:40:43.497Z] > git remote --verbose [2ms]
[2022-05-14T14:40:43.507Z] > git config --get commit.template [1ms]
[2022-05-14T14:42:09.663Z] > git status -z -uall [2ms]
[2022-05-14T14:42:09.670Z] > git symbolic-ref --short HEAD [1ms]
[2022-05-14T14:42:09.678Z] > git for-each-ref --format=%(refname)%00%(upstream:short)%00%(objectname)%00%(upstream:track)%00%(upstream:remotename)%00%(upstream:remoteref) refs/heads/main refs/remotes/main [1ms]
[2022-05-14T14:42:09.692Z] > git remote --verbose [2ms]
[2022-05-14T14:42:09.693Z] > git for-each-ref --sort -committerdate --format %(refname) %(objectname) %(*objectname) [9ms]
[2022-05-14T14:42:09.711Z] > git config --get commit.template [6ms]
[2022-05-14T14:43:34.861Z] > git status -z -uall [5ms]
[2022-05-14T14:43:34.876Z] > git symbolic-ref --short HEAD [2ms]
[2022-05-14T14:43:34.892Z] > git for-each-ref --format=%(refname)%00%(upstream:short)%00%(objectname)%00%(upstream:track)%00%(upstream:remotename)%00%(upstream:remoteref) refs/heads/main refs/remotes/main [1ms]
[2022-05-14T14:43:34.908Z] > git for-each-ref --sort -committerdate --format %(refname) %(objectname) %(*objectname) [8ms]
[2022-05-14T14:43:34.909Z] > git remote --verbose [2ms]
[2022-05-14T14:43:34.924Z] > git config --get commit.template [2ms]
[2022-05-14T14:44:01.198Z] > git status -z -uall [4ms]
[2022-05-14T14:44:01.215Z] > git symbolic-ref --short HEAD [2ms]
[2022-05-14T14:44:01.225Z] > git for-each-ref --format=%(refname)%00%(upstream:short)%00%(objectname)%00%(upstream:track)%00%(upstream:remotename)%00%(upstream:remoteref) refs/heads/main refs/remotes/main [2ms]
[2022-05-14T14:44:01.237Z] > git for-each-ref --sort -committerdate --format %(refname) %(objectname) %(*objectname) [7ms]
[2022-05-14T14:44:01.237Z] > git remote --verbose [1ms]
[2022-05-14T14:44:01.250Z] > git config --get commit.template [0ms]
[2022-05-14T14:46:33.932Z] > git status -z -uall [4ms]
[2022-05-14T14:46:33.948Z] > git symbolic-ref --short HEAD [1ms]
[2022-05-14T14:46:33.961Z] > git for-each-ref --format=%(refname)%00%(upstream:short)%00%(objectname)%00%(upstream:track)%00%(upstream:remotename)%00%(upstream:remoteref) refs/heads/main refs/remotes/main [2ms]
[2022-05-14T14:46:33.982Z] > git for-each-ref --sort -committerdate --format %(refname) %(objectname) %(*objectname) [14ms]
[2022-05-14T14:46:33.982Z] > git remote --verbose [3ms]
[2022-05-14T14:46:34.002Z] > git config --get commit.template [2ms]
[2022-05-14T14:47:02.261Z] > git show --textconv :index.html [7ms]
[2022-05-14T14:47:02.262Z] > git ls-files --stage -- /home/alicja/my-first-website/index.html [2ms]
[2022-05-14T14:47:02.270Z] > git cat-file -s a39c0fc2a67ca78e26ecfdae71e067f6932b3b61 [1ms]
[2022-05-14T14:47:06.159Z] > git show --textconv :style.css [6ms]
[2022-05-14T14:47:06.160Z] > git ls-files --stage -- /home/alicja/my-first-website/style.css [2ms]
[2022-05-14T14:47:06.168Z] > git cat-file -s e69de29bb2d1d6434b8b29ae775ad8c2e48c5391 [2ms]
[2022-05-14T14:47:35.341Z] > git status -z -uall [1ms]
[2022-05-14T14:47:35.349Z] > git symbolic-ref --short HEAD [1ms]
[2022-05-14T14:47:35.355Z] > git for-each-ref --format=%(refname)%00%(upstream:short)%00%(objectname)%00%(upstream:track)%00%(upstream:remotename)%00%(upstream:remoteref) refs/heads/main refs/remotes/main [1ms]
[2022-05-14T14:47:35.375Z] > git remote --verbose [1ms]
[2022-05-14T14:47:35.376Z] > git for-each-ref --sort -committerdate --format %(refname) %(objectname) %(*objectname) [15ms]
[2022-05-14T14:47:35.393Z] > git config --get commit.template [1ms]
[2022-05-14T14:51:13.982Z] > git status -z -uall [2ms]
[2022-05-14T14:51:14.000Z] > git symbolic-ref --short HEAD [1ms]
[2022-05-14T14:51:14.016Z] > git for-each-ref --format=%(refname)%00%(upstream:short)%00%(objectname)%00%(upstream:track)%00%(upstream:remotename)%00%(upstream:remoteref) refs/heads/main refs/remotes/main [1ms]
[2022-05-14T14:51:14.037Z] > git for-each-ref --sort -committerdate --format %(refname) %(objectname) %(*objectname) [8ms]
[2022-05-14T14:51:14.037Z] > git remote --verbose [1ms]
[2022-05-14T14:51:14.054Z] > git config --get commit.template [1ms]
[2022-05-14T14:54:12.160Z] > git status -z -uall [2ms]
[2022-05-14T14:54:12.170Z] > git symbolic-ref --short HEAD [3ms]
[2022-05-14T14:54:12.180Z] > git for-each-ref --format=%(refname)%00%(upstream:short)%00%(objectname)%00%(upstream:track)%00%(upstream:remotename)%00%(upstream:remoteref) refs/heads/main refs/remotes/main [1ms]
[2022-05-14T14:54:12.203Z] > git for-each-ref --sort -committerdate --format %(refname) %(objectname) %(*objectname) [14ms]
[2022-05-14T14:54:12.204Z] > git remote --verbose [5ms]
[2022-05-14T14:54:12.237Z] > git config --get commit.template [7ms]
[2022-05-14T14:57:03.376Z] > git status -z -uall [2ms]
[2022-05-14T14:57:03.383Z] > git symbolic-ref --short HEAD [1ms]
[2022-05-14T14:57:03.392Z] > git for-each-ref --format=%(refname)%00%(upstream:short)%00%(objectname)%00%(upstream:track)%00%(upstream:remotename)%00%(upstream:remoteref) refs/heads/main refs/remotes/main [2ms]
[2022-05-14T14:57:03.418Z] > git remote --verbose [2ms]
[2022-05-14T14:57:03.418Z] > git for-each-ref --sort -committerdate --format %(refname) %(objectname) %(*objectname) [16ms]
[2022-05-14T14:57:03.446Z] > git config --get commit.template [2ms]
[2022-05-14T14:59:26.010Z] > git status -z -uall [2ms]
[2022-05-14T14:59:26.018Z] > git symbolic-ref --short HEAD [1ms]
[2022-05-14T14:59:26.026Z] > git for-each-ref --format=%(refname)%00%(upstream:short)%00%(objectname)%00%(upstream:track)%00%(upstream:remotename)%00%(upstream:remoteref) refs/heads/main refs/remotes/main [1ms]
[2022-05-14T14:59:26.041Z] > git for-each-ref --sort -committerdate --format %(refname) %(objectname) %(*objectname) [8ms]
[2022-05-14T14:59:26.041Z] > git remote --verbose [1ms]
[2022-05-14T14:59:26.055Z] > git config --get commit.template [1ms]
[2022-05-14T15:00:18.724Z] > git show --textconv :script.js [8ms]
[2022-05-14T15:00:18.724Z] > git ls-files --stage -- /home/alicja/my-first-website/script.js [1ms]
[2022-05-14T15:00:18.736Z] > git cat-file -s 1c5e100ffe098367d6292f2fad410e91efd81011 [7ms]
[2022-05-14T15:02:12.861Z] > git show --textconv :style.css [10ms]
[2022-05-14T15:02:12.862Z] > git ls-files --stage -- /home/alicja/my-first-website/style.css [5ms]
[2022-05-14T15:02:12.870Z] > git cat-file -s e69de29bb2d1d6434b8b29ae775ad8c2e48c5391 [1ms]
[2022-05-14T15:02:26.519Z] > git show --textconv :script.js [6ms]
[2022-05-14T15:02:26.520Z] > git ls-files --stage -- /home/alicja/my-first-website/script.js [2ms]
[2022-05-14T15:02:26.530Z] > git cat-file -s 1c5e100ffe098367d6292f2fad410e91efd81011 [2ms]
[2022-05-14T15:04:11.130Z] > git show --textconv :style.css [12ms]
[2022-05-14T15:04:11.130Z] > git ls-files --stage -- /home/alicja/my-first-website/style.css [3ms]
[2022-05-14T15:04:11.139Z] > git cat-file -s e69de29bb2d1d6434b8b29ae775ad8c2e48c5391 [2ms]
[2022-05-14T15:04:20.350Z] > git show --textconv :script.js [5ms]
[2022-05-14T15:04:20.355Z] > git ls-files --stage -- /home/alicja/my-first-website/script.js [5ms]
[2022-05-14T15:04:20.367Z] > git cat-file -s 1c5e100ffe098367d6292f2fad410e91efd81011 [3ms]
[2022-05-14T15:05:54.522Z] > git show --textconv :style.css [9ms]
[2022-05-14T15:05:54.524Z] > git ls-files --stage -- /home/alicja/my-first-website/style.css [3ms]
[2022-05-14T15:05:54.532Z] > git cat-file -s e69de29bb2d1d6434b8b29ae775ad8c2e48c5391 [1ms]
[2022-05-14T15:05:59.614Z] > git show --textconv :script.js [5ms]
[2022-05-14T15:05:59.615Z] > git ls-files --stage -- /home/alicja/my-first-website/script.js [1ms]
[2022-05-14T15:05:59.632Z] > git cat-file -s 1c5e100ffe098367d6292f2fad410e91efd81011 [6ms]
[2022-05-14T15:18:05.779Z] > git status -z -uall [2ms]
[2022-05-14T15:18:05.794Z] > git symbolic-ref --short HEAD [2ms]
[2022-05-14T15:18:05.807Z] > git for-each-ref --format=%(refname)%00%(upstream:short)%00%(objectname)%00%(upstream:track)%00%(upstream:remotename)%00%(upstream:remoteref) refs/heads/main refs/remotes/main [2ms]
[2022-05-14T15:18:05.829Z] > git for-each-ref --sort -committerdate --format %(refname) %(objectname) %(*objectname) [14ms]
[2022-05-14T15:18:05.829Z] > git remote --verbose [2ms]
[2022-05-14T15:18:05.847Z] > git config --get commit.template [1ms]
[2022-05-14T15:18:43.921Z] > git status -z -uall [9ms]
[2022-05-14T15:18:43.950Z] > git symbolic-ref --short HEAD [5ms]
[2022-05-14T15:18:43.983Z] > git for-each-ref --format=%(refname)%00%(upstream:short)%00%(objectname)%00%(upstream:track)%00%(upstream:remotename)%00%(upstream:remoteref) refs/heads/main refs/remotes/main [6ms]
[2022-05-14T15:18:44.030Z] > git for-each-ref --sort -committerdate --format %(refname) %(objectname) %(*objectname) [24ms]
[2022-05-14T15:18:44.040Z] > git remote --verbose [14ms]
[2022-05-14T15:18:44.088Z] > git config --get commit.template [11ms]
[2022-05-14T15:20:17.557Z] > git status -z -uall [10ms]
[2022-05-14T15:20:17.591Z] > git symbolic-ref --short HEAD [7ms]
[2022-05-14T15:20:17.635Z] > git for-each-ref --format=%(refname)%00%(upstream:short)%00%(objectname)%00%(upstream:track)%00%(upstream:remotename)%00%(upstream:remoteref) refs/heads/main refs/remotes/main [12ms]
[2022-05-14T15:20:17.673Z] > git for-each-ref --sort -committerdate --format %(refname) %(objectname) %(*objectname) [18ms]
[2022-05-14T15:20:17.676Z] > git remote --verbose [7ms]
[2022-05-14T15:20:17.708Z] > git config --get commit.template [4ms]
[2022-05-14T15:20:35.871Z] > git status -z -uall [5ms]
[2022-05-14T15:20:35.895Z] > git symbolic-ref --short HEAD [4ms]
[2022-05-14T15:20:35.917Z] > git for-each-ref --format=%(refname)%00%(upstream:short)%00%(objectname)%00%(upstream:track)%00%(upstream:remotename)%00%(upstream:remoteref) refs/heads/main refs/remotes/main [4ms]
[2022-05-14T15:20:35.963Z] > git for-each-ref --sort -committerdate --format %(refname) %(objectname) %(*objectname) [27ms]
[2022-05-14T15:20:35.968Z] > git remote --verbose [9ms]
[2022-05-14T15:20:36.007Z] > git config --get commit.template [6ms]
[2022-05-14T15:20:36.812Z] > git show --textconv :README.md [9ms]
[2022-05-14T15:20:36.812Z] > git ls-files --stage -- /home/alicja/my-first-website/README.md [2ms]
[2022-05-14T15:20:36.821Z] > git cat-file -s 251ced5280f2198c3b1c93b2d1d31e591bb71b86 [3ms]
[2022-05-14T15:20:37.558Z] > git show --textconv :index.html [13ms]
[2022-05-14T15:20:37.561Z] > git ls-files --stage -- /home/alicja/my-first-website/index.html [5ms]
[2022-05-14T15:20:37.576Z] > git cat-file -s a39c0fc2a67ca78e26ecfdae71e067f6932b3b61 [3ms]
[2022-05-14T15:20:41.044Z] > git status -z -uall [9ms]
[2022-05-14T15:20:41.068Z] > git symbolic-ref --short HEAD [5ms]
[2022-05-14T15:20:41.094Z] > git for-each-ref --format=%(refname)%00%(upstream:short)%00%(objectname)%00%(upstream:track)%00%(upstream:remotename)%00%(upstream:remoteref) refs/heads/main refs/remotes/main [5ms]
[2022-05-14T15:20:41.140Z] > git for-each-ref --sort -committerdate --format %(refname) %(objectname) %(*objectname) [28ms]
[2022-05-14T15:20:41.142Z] > git remote --verbose [7ms]
[2022-05-14T15:20:41.194Z] > git config --get commit.template [9ms]
[2022-05-14T15:20:48.635Z] > git show --textconv :script.js [30ms]
[2022-05-14T15:20:48.639Z] > git ls-files --stage -- /home/alicja/my-first-website/script.js [9ms]
[2022-05-14T15:20:48.666Z] > git cat-file -s 1c5e100ffe098367d6292f2fad410e91efd81011 [4ms]
[2022-05-14T15:21:01.583Z] > git status -z -uall [6ms]
[2022-05-14T15:21:01.605Z] > git symbolic-ref --short HEAD [3ms]
[2022-05-14T15:21:01.629Z] > git for-each-ref --format=%(refname)%00%(upstream:short)%00%(objectname)%00%(upstream:track)%00%(upstream:remotename)%00%(upstream:remoteref) refs/heads/main refs/remotes/main [5ms]
[2022-05-14T15:21:01.677Z] > git for-each-ref --sort -committerdate --format %(refname) %(objectname) %(*objectname) [30ms]
[2022-05-14T15:21:01.678Z] > git remote --verbose [15ms]
[2022-05-14T15:21:01.716Z] > git config --get commit.template [6ms]
[2022-05-14T15:23:52.331Z] > git status -z -uall [6ms]
[2022-05-14T15:23:52.357Z] > git symbolic-ref --short HEAD [5ms]
[2022-05-14T15:23:52.386Z] > git for-each-ref --format=%(refname)%00%(upstream:short)%00%(objectname)%00%(upstream:track)%00%(upstream:remotename)%00%(upstream:remoteref) refs/heads/main refs/remotes/main [5ms]
[2022-05-14T15:23:52.436Z] > git for-each-ref --sort -committerdate --format %(refname) %(objectname) %(*objectname) [27ms]
[2022-05-14T15:23:52.437Z] > git remote --verbose [5ms]
[2022-05-14T15:23:52.480Z] > git config --get commit.template [10ms]
[2022-05-14T15:26:27.627Z] > git status -z -uall [6ms]
[2022-05-14T15:26:27.655Z] > git symbolic-ref --short HEAD [5ms]
[2022-05-14T15:26:27.682Z] > git for-each-ref --format=%(refname)%00%(upstream:short)%00%(objectname)%00%(upstream:track)%00%(upstream:remotename)%00%(upstream:remoteref) refs/heads/main refs/remotes/main [5ms]
[2022-05-14T15:26:27.806Z] > git remote --verbose [60ms]
[2022-05-14T15:26:27.807Z] > git for-each-ref --sort -committerdate --format %(refname) %(objectname) %(*objectname) [104ms]
[2022-05-14T15:26:27.893Z] > git config --get commit.template [12ms]
[2022-05-14T15:27:01.583Z] > git show --textconv :style.css [24ms]
[2022-05-14T15:27:01.586Z] > git ls-files --stage -- /home/alicja/my-first-website/style.css [5ms]
[2022-05-14T15:27:01.612Z] > git cat-file -s e69de29bb2d1d6434b8b29ae775ad8c2e48c5391 [4ms]
[2022-05-14T15:27:42.634Z] > git status -z -uall [4ms]
[2022-05-14T15:27:42.649Z] > git symbolic-ref --short HEAD [2ms]
[2022-05-14T15:27:42.664Z] > git for-each-ref --format=%(refname)%00%(upstream:short)%00%(objectname)%00%(upstream:track)%00%(upstream:remotename)%00%(upstream:remoteref) refs/heads/main refs/remotes/main [2ms]
[2022-05-14T15:27:42.699Z] > git for-each-ref --sort -committerdate --format %(refname) %(objectname) %(*objectname) [23ms]
[2022-05-14T15:27:42.700Z] > git remote --verbose [3ms]
[2022-05-14T15:27:42.722Z] > git config --get commit.template [2ms]
[2022-05-14T15:28:00.689Z] > git show --textconv :script.js [25ms]
[2022-05-14T15:28:00.694Z] > git ls-files --stage -- /home/alicja/my-first-website/script.js [8ms]
[2022-05-14T15:28:00.717Z] > git cat-file -s 1c5e100ffe098367d6292f2fad410e91efd81011 [4ms]
[2022-05-14T15:37:53.493Z] > git show --textconv :style.css [29ms]
[2022-05-14T15:37:53.496Z] > git ls-files --stage -- /home/alicja/my-first-website/style.css [6ms]
[2022-05-14T15:37:53.519Z] > git cat-file -s e69de29bb2d1d6434b8b29ae775ad8c2e48c5391 [3ms]
[2022-05-14T15:38:02.460Z] > git show --textconv :script.js [25ms]
[2022-05-14T15:38:02.467Z] > git ls-files --stage -- /home/alicja/my-first-website/script.js [9ms]
[2022-05-14T15:38:02.495Z] > git cat-file -s 1c5e100ffe098367d6292f2fad410e91efd81011 [5ms]
[2022-05-14T15:38:53.685Z] > git status -z -uall [4ms]
[2022-05-14T15:38:53.698Z] > git symbolic-ref --short HEAD [3ms]
[2022-05-14T15:38:53.711Z] > git for-each-ref --format=%(refname)%00%(upstream:short)%00%(objectname)%00%(upstream:track)%00%(upstream:remotename)%00%(upstream:remoteref) refs/heads/main refs/remotes/main [3ms]
[2022-05-14T15:38:53.746Z] > git for-each-ref --sort -committerdate --format %(refname) %(objectname) %(*objectname) [19ms]
[2022-05-14T15:38:53.747Z] > git remote --verbose [4ms]
[2022-05-14T15:38:53.805Z] > git config --get commit.template [7ms]
[2022-05-14T15:47:52.915Z] > git status -z -uall [9ms]
[2022-05-14T15:47:52.934Z] > git symbolic-ref --short HEAD [4ms]
[2022-05-14T15:47:52.950Z] > git for-each-ref --format=%(refname)%00%(upstream:short)%00%(objectname)%00%(upstream:track)%00%(upstream:remotename)%00%(upstream:remoteref) refs/heads/main refs/remotes/main [3ms]
[2022-05-14T15:47:52.983Z] > git for-each-ref --sort -committerdate --format %(refname) %(objectname) %(*objectname) [20ms]
[2022-05-14T15:47:52.987Z] > git remote --verbose [7ms]
[2022-05-14T15:47:53.014Z] > git config --get commit.template [3ms]
[2022-05-14T15:51:02.027Z] > git status -z -uall [2ms]
[2022-05-14T15:51:02.036Z] > git symbolic-ref --short HEAD [2ms]
[2022-05-14T15:51:02.044Z] > git for-each-ref --format=%(refname)%00%(upstream:short)%00%(objectname)%00%(upstream:track)%00%(upstream:remotename)%00%(upstream:remoteref) refs/heads/main refs/remotes/main [2ms]
[2022-05-14T15:51:02.058Z] > git remote --verbose [2ms]
[2022-05-14T15:51:02.058Z] > git for-each-ref --sort -committerdate --format %(refname) %(objectname) %(*objectname) [7ms]
[2022-05-14T15:51:02.076Z] > git config --get commit.template [1ms]
[2022-05-14T15:57:09.108Z] > git status -z -uall [1ms]
[2022-05-14T15:57:09.116Z] > git symbolic-ref --short HEAD [2ms]
[2022-05-14T15:57:09.124Z] > git for-each-ref --format=%(refname)%00%(upstream:short)%00%(objectname)%00%(upstream:track)%00%(upstream:remotename)%00%(upstream:remoteref) refs/heads/main refs/remotes/main [1ms]
[2022-05-14T15:57:09.137Z] > git for-each-ref --sort -committerdate --format %(refname) %(objectname) %(*objectname) [8ms]
[2022-05-14T15:57:09.137Z] > git remote --verbose [1ms]
[2022-05-14T15:57:09.156Z] > git config --get commit.template [1ms]
[2022-05-14T15:58:35.203Z] > git status -z -uall [2ms]
[2022-05-14T15:58:35.214Z] > git symbolic-ref --short HEAD [4ms]
[2022-05-14T15:58:35.223Z] > git for-each-ref --format=%(refname)%00%(upstream:short)%00%(objectname)%00%(upstream:track)%00%(upstream:remotename)%00%(upstream:remoteref) refs/heads/main refs/remotes/main [2ms]
[2022-05-14T15:58:35.239Z] > git for-each-ref --sort -committerdate --format %(refname) %(objectname) %(*objectname) [8ms]
[2022-05-14T15:58:35.239Z] > git remote --verbose [1ms]
[2022-05-14T15:58:35.256Z] > git config --get commit.template [2ms]
[2022-05-14T15:59:39.565Z] > git show --textconv :index.html [7ms]
[2022-05-14T15:59:39.566Z] > git ls-files --stage -- /home/alicja/my-first-website/index.html [2ms]
[2022-05-14T15:59:39.574Z] > git cat-file -s a39c0fc2a67ca78e26ecfdae71e067f6932b3b61 [2ms]
[2022-05-14T15:59:51.444Z] > git status -z -uall [4ms]
[2022-05-14T15:59:51.453Z] > git symbolic-ref --short HEAD [2ms]
[2022-05-14T15:59:51.461Z] > git for-each-ref --format=%(refname)%00%(upstream:short)%00%(objectname)%00%(upstream:track)%00%(upstream:remotename)%00%(upstream:remoteref) refs/heads/main refs/remotes/main [2ms]
[2022-05-14T15:59:51.480Z] > git for-each-ref --sort -committerdate --format %(refname) %(objectname) %(*objectname) [7ms]
[2022-05-14T15:59:51.481Z] > git remote --verbose [2ms]
[2022-05-14T15:59:51.494Z] > git config --get commit.template [3ms]
[2022-05-14T16:00:10.782Z] > git show --textconv :README.md [7ms]
[2022-05-14T16:00:10.783Z] > git ls-files --stage -- /home/alicja/my-first-website/README.md [2ms]
[2022-05-14T16:00:10.789Z] > git cat-file -s 251ced5280f2198c3b1c93b2d1d31e591bb71b86 [2ms]
[2022-05-14T16:00:16.364Z] > git show --textconv :style.css [8ms]
[2022-05-14T16:00:16.365Z] > git ls-files --stage -- /home/alicja/my-first-website/style.css [2ms]
[2022-05-14T16:00:16.372Z] > git cat-file -s e69de29bb2d1d6434b8b29ae775ad8c2e48c5391 [1ms]
[2022-05-14T16:00:34.230Z] > git status -z -uall [2ms]
[2022-05-14T16:00:34.237Z] > git symbolic-ref --short HEAD [2ms]
[2022-05-14T16:00:34.245Z] > git for-each-ref --format=%(refname)%00%(upstream:short)%00%(objectname)%00%(upstream:track)%00%(upstream:remotename)%00%(upstream:remoteref) refs/heads/main refs/remotes/main [2ms]
[2022-05-14T16:00:34.255Z] > git for-each-ref --sort -committerdate --format %(refname) %(objectname) %(*objectname) [6ms]
[2022-05-14T16:00:34.255Z] > git remote --verbose [1ms]
[2022-05-14T16:00:34.281Z] > git config --get commit.template [4ms]
[2022-05-14T16:00:58.804Z] > git show --textconv :script.js [10ms]
[2022-05-14T16:00:58.805Z] > git ls-files --stage -- /home/alicja/my-first-website/script.js [1ms]
[2022-05-14T16:00:58.815Z] > git cat-file -s 1c5e100ffe098367d6292f2fad410e91efd81011 [1ms]
[2022-05-14T16:01:02.996Z] > git show --textconv :index.html [9ms]
[2022-05-14T16:01:02.998Z] > git ls-files --stage -- /home/alicja/my-first-website/index.html [2ms]
[2022-05-14T16:01:03.004Z] > git cat-file -s a39c0fc2a67ca78e26ecfdae71e067f6932b3b61 [1ms]
[2022-05-14T16:01:11.513Z] > git show --textconv :script.js [7ms]
[2022-05-14T16:01:11.514Z] > git ls-files --stage -- /home/alicja/my-first-website/script.js [2ms]
[2022-05-14T16:01:11.526Z] > git cat-file -s 1c5e100ffe098367d6292f2fad410e91efd81011 [3ms]
[2022-05-14T16:04:01.073Z] > git status -z -uall [0ms]
[2022-05-14T16:04:01.086Z] > git symbolic-ref --short HEAD [2ms]
[2022-05-14T16:04:01.100Z] > git for-each-ref --format=%(refname)%00%(upstream:short)%00%(objectname)%00%(upstream:track)%00%(upstream:remotename)%00%(upstream:remoteref) refs/heads/main refs/remotes/main [3ms]
[2022-05-14T16:04:01.119Z] > git for-each-ref --sort -committerdate --format %(refname) %(objectname) %(*objectname) [9ms]
[2022-05-14T16:04:01.120Z] > git remote --verbose [2ms]
[2022-05-14T16:04:01.136Z] > git config --get commit.template [2ms]
[2022-05-14T16:04:32.090Z] > git show --textconv :style.css [10ms]
[2022-05-14T16:04:32.092Z] > git ls-files --stage -- /home/alicja/my-first-website/style.css [4ms]
[2022-05-14T16:04:32.101Z] > git cat-file -s e69de29bb2d1d6434b8b29ae775ad8c2e48c5391 [2ms]
[2022-05-14T16:05:19.514Z] > git show --textconv :index.html [24ms]
[2022-05-14T16:05:19.516Z] > git ls-files --stage -- /home/alicja/my-first-website/index.html [3ms]
[2022-05-14T16:05:19.532Z] > git cat-file -s a39c0fc2a67ca78e26ecfdae71e067f6932b3b61 [1ms]
[2022-05-14T16:09:58.395Z] > git status -z -uall [4ms]
[2022-05-14T16:09:58.412Z] > git symbolic-ref --short HEAD [2ms]
[2022-05-14T16:09:58.434Z] > git for-each-ref --format=%(refname)%00%(upstream:short)%00%(objectname)%00%(upstream:track)%00%(upstream:remotename)%00%(upstream:remoteref) refs/heads/main refs/remotes/main [2ms]
[2022-05-14T16:09:58.458Z] > git for-each-ref --sort -committerdate --format %(refname) %(objectname) %(*objectname) [13ms]
[2022-05-14T16:09:58.458Z] > git remote --verbose [1ms]
[2022-05-14T16:09:58.484Z] > git config --get commit.template [3ms]
[2022-05-14T16:10:07.173Z] > git status -z -uall [2ms]
[2022-05-14T16:10:07.183Z] > git symbolic-ref --short HEAD [2ms]
[2022-05-14T16:10:07.192Z] > git for-each-ref --format=%(refname)%00%(upstream:short)%00%(objectname)%00%(upstream:track)%00%(upstream:remotename)%00%(upstream:remoteref) refs/heads/main refs/remotes/main [1ms]
[2022-05-14T16:10:07.212Z] > git for-each-ref --sort -committerdate --format %(refname) %(objectname) %(*objectname) [7ms]
[2022-05-14T16:10:07.213Z] > git remote --verbose [2ms]
[2022-05-14T16:10:07.244Z] > git config --get commit.template [4ms]
[2022-05-14T16:11:04.209Z] > git status -z -uall [4ms]
[2022-05-14T16:11:04.219Z] > git symbolic-ref --short HEAD [1ms]
[2022-05-14T16:11:04.229Z] > git for-each-ref --format=%(refname)%00%(upstream:short)%00%(objectname)%00%(upstream:track)%00%(upstream:remotename)%00%(upstream:remoteref) refs/heads/main refs/remotes/main [1ms]
[2022-05-14T16:11:04.248Z] > git for-each-ref --sort -committerdate --format %(refname) %(objectname) %(*objectname) [11ms]
[2022-05-14T16:11:04.248Z] > git remote --verbose [2ms]
[2022-05-14T16:11:04.272Z] > git config --get commit.template [3ms]
[2022-05-14T16:11:37.264Z] > git status -z -uall [4ms]
[2022-05-14T16:11:37.278Z] > git symbolic-ref --short HEAD [2ms]
[2022-05-14T16:11:37.288Z] > git for-each-ref --format=%(refname)%00%(upstream:short)%00%(objectname)%00%(upstream:track)%00%(upstream:remotename)%00%(upstream:remoteref) refs/heads/main refs/remotes/main [2ms]
[2022-05-14T16:11:37.303Z] > git for-each-ref --sort -committerdate --format %(refname) %(objectname) %(*objectname) [7ms]
[2022-05-14T16:11:37.304Z] > git remote --verbose [2ms]
[2022-05-14T16:11:37.315Z] > git config --get commit.template [1ms]
[2022-05-14T16:11:51.884Z] > git status -z -uall [3ms]
[2022-05-14T16:11:51.896Z] > git symbolic-ref --short HEAD [2ms]
[2022-05-14T16:11:51.910Z] > git for-each-ref --format=%(refname)%00%(upstream:short)%00%(objectname)%00%(upstream:track)%00%(upstream:remotename)%00%(upstream:remoteref) refs/heads/main refs/remotes/main [2ms]
[2022-05-14T16:11:51.938Z] > git remote --verbose [3ms]
[2022-05-14T16:11:51.939Z] > git for-each-ref --sort -committerdate --format %(refname) %(objectname) %(*objectname) [19ms]
[2022-05-14T16:11:51.959Z] > git config --get commit.template [3ms]
[2022-05-14T16:13:23.114Z] > git status -z -uall [2ms]
[2022-05-14T16:13:23.128Z] > git symbolic-ref --short HEAD [3ms]
[2022-05-14T16:13:23.140Z] > git for-each-ref --format=%(refname)%00%(upstream:short)%00%(objectname)%00%(upstream:track)%00%(upstream:remotename)%00%(upstream:remoteref) refs/heads/main refs/remotes/main [2ms]
[2022-05-14T16:13:23.156Z] > git for-each-ref --sort -committerdate --format %(refname) %(objectname) %(*objectname) [9ms]
[2022-05-14T16:13:23.156Z] > git remote --verbose [2ms]
[2022-05-14T16:13:23.166Z] > git config --get commit.template [1ms]
[2022-05-14T16:13:39.738Z] > git status -z -uall [2ms]
[2022-05-14T16:13:39.746Z] > git symbolic-ref --short HEAD [2ms]
[2022-05-14T16:13:39.754Z] > git for-each-ref --format=%(refname)%00%(upstream:short)%00%(objectname)%00%(upstream:track)%00%(upstream:remotename)%00%(upstream:remoteref) refs/heads/main refs/remotes/main [1ms]
[2022-05-14T16:13:39.767Z] > git remote --verbose [1ms]
[2022-05-14T16:13:39.767Z] > git for-each-ref --sort -committerdate --format %(refname) %(objectname) %(*objectname) [8ms]
[2022-05-14T16:13:39.787Z] > git config --get commit.template [1ms]
[2022-05-14T16:13:56.684Z] > git status -z -uall [2ms]
[2022-05-14T16:13:56.692Z] > git symbolic-ref --short HEAD [2ms]
[2022-05-14T16:13:56.700Z] > git for-each-ref --format=%(refname)%00%(upstream:short)%00%(objectname)%00%(upstream:track)%00%(upstream:remotename)%00%(upstream:remoteref) refs/heads/main refs/remotes/main [2ms]
[2022-05-14T16:13:56.714Z] > git for-each-ref --sort -committerdate --format %(refname) %(objectname) %(*objectname) [8ms]
[2022-05-14T16:13:56.714Z] > git remote --verbose [1ms]
[2022-05-14T16:13:56.733Z] > git config --get commit.template [5ms]
[2022-05-14T16:14:53.067Z] > git status -z -uall [3ms]
[2022-05-14T16:14:53.083Z] > git symbolic-ref --short HEAD [5ms]
[2022-05-14T16:14:53.099Z] > git for-each-ref --format=%(refname)%00%(upstream:short)%00%(objectname)%00%(upstream:track)%00%(upstream:remotename)%00%(upstream:remoteref) refs/heads/main refs/remotes/main [3ms]
[2022-05-14T16:14:53.120Z] > git remote --verbose [3ms]
[2022-05-14T16:14:53.121Z] > git for-each-ref --sort -committerdate --format %(refname) %(objectname) %(*objectname) [13ms]
[2022-05-14T16:14:53.137Z] > git config --get commit.template [2ms]
[2022-05-14T16:14:53.302Z] > git show --textconv :style.css [8ms]
[2022-05-14T16:14:53.303Z] > git ls-files --stage -- /home/alicja/my-first-website/style.css [2ms]
[2022-05-14T16:14:53.309Z] > git cat-file -s e69de29bb2d1d6434b8b29ae775ad8c2e48c5391 [1ms]
[2022-05-14T16:16:30.717Z] > git status -z -uall [3ms]
[2022-05-14T16:16:30.733Z] > git symbolic-ref --short HEAD [3ms]
[2022-05-14T16:16:30.745Z] > git for-each-ref --format=%(refname)%00%(upstream:short)%00%(objectname)%00%(upstream:track)%00%(upstream:remotename)%00%(upstream:remoteref) refs/heads/main refs/remotes/main [1ms]
[2022-05-14T16:16:30.764Z] > git for-each-ref --sort -committerdate --format %(refname) %(objectname) %(*objectname) [9ms]
[2022-05-14T16:16:30.765Z] > git remote --verbose [2ms]
[2022-05-14T16:16:30.778Z] > git config --get commit.template [2ms]
[2022-05-14T16:17:05.602Z] > git status -z -uall [3ms]
[2022-05-14T16:17:05.616Z] > git symbolic-ref --short HEAD [1ms]
[2022-05-14T16:17:05.632Z] > git for-each-ref --format=%(refname)%00%(upstream:short)%00%(objectname)%00%(upstream:track)%00%(upstream:remotename)%00%(upstream:remoteref) refs/heads/main refs/remotes/main [1ms]
[2022-05-14T16:17:05.653Z] > git for-each-ref --sort -committerdate --format %(refname) %(objectname) %(*objectname) [12ms]
[2022-05-14T16:17:05.654Z] > git remote --verbose [2ms]
[2022-05-14T16:17:05.673Z] > git config --get commit.template [3ms]
[2022-05-14T16:17:34.709Z] > git show --textconv :index.html [8ms]
[2022-05-14T16:17:34.711Z] > git ls-files --stage -- /home/alicja/my-first-website/index.html [3ms]
[2022-05-14T16:17:34.719Z] > git cat-file -s a39c0fc2a67ca78e26ecfdae71e067f6932b3b61 [1ms]
