[2022-05-04T08:51:29.040Z] Validating found git in: git
[2022-05-04T08:51:29.133Z] Using git 2.25.1 from git
[2022-05-04T08:51:29.174Z] > git rev-parse --git-dir [1ms]
[2022-05-04T08:51:29.186Z] Open repository: /home/alicja/development/code/phase-0-completing-assignments
[2022-05-04T08:51:29.310Z] > git symbolic-ref --short HEAD [26ms]
[2022-05-04T08:51:29.320Z] > git for-each-ref --format=%(refname)%00%(upstream:short)%00%(objectname)%00%(upstream:track) refs/heads/master refs/remotes/master [5ms]
[2022-05-04T08:51:29.334Z] > git remote --verbose [1ms]
[2022-05-04T08:51:29.335Z] > git for-each-ref --sort -committerdate --format %(refname) %(objectname) %(*objectname) [7ms]
[2022-05-04T08:51:29.350Z] > git config --get commit.template [6ms]
[2022-05-04T08:51:29.580Z] > git ls-files --stage -- /home/alicja/development/code/phase-0-completing-assignments/.canvas [2ms]
[2022-05-04T08:51:29.587Z] > git cat-file -s a2f73b530d4413f50f51dd1f8806942c9c186884 [2ms]
[2022-05-04T09:06:16.306Z] > git ls-files --stage -- /home/alicja/development/code/phase-0-completing-assignments/.canvas [6ms]
[2022-05-04T09:06:16.317Z] > git symbolic-ref --short HEAD [35ms]
[2022-05-04T09:06:16.327Z] > git cat-file -s a2f73b530d4413f50f51dd1f8806942c9c186884 [11ms]
[2022-05-04T09:06:16.329Z] > git for-each-ref --format=%(refname)%00%(upstream:short)%00%(objectname)%00%(upstream:track) refs/heads/master refs/remotes/master [3ms]
[2022-05-04T09:06:16.343Z] > git remote --verbose [3ms]
[2022-05-04T09:06:16.344Z] > git for-each-ref --sort -committerdate --format %(refname) %(objectname) %(*objectname) [9ms]
[2022-05-04T09:06:16.370Z] > git config --get commit.template [10ms]
[2022-05-04T09:08:48.001Z] > git symbolic-ref --short HEAD [2ms]
[2022-05-04T09:08:48.012Z] > git for-each-ref --format=%(refname)%00%(upstream:short)%00%(objectname)%00%(upstream:track) refs/heads/master refs/remotes/master [2ms]
[2022-05-04T09:08:48.023Z] > git remote --verbose [2ms]
[2022-05-04T09:08:48.023Z] > git for-each-ref --sort -committerdate --format %(refname) %(objectname) %(*objectname) [6ms]
[2022-05-04T09:08:48.031Z] > git config --get commit.template [1ms]
[2022-05-04T09:10:34.839Z] > git ls-files --stage -- /home/alicja/development/code/phase-0-completing-assignments/.github/workflows/canvas-sync-html.yml [2ms]
[2022-05-04T09:10:34.844Z] > git cat-file -s a4e40c1215147698113d4abbf62b45486df18d3f [1ms]
[2022-05-04T09:11:23.910Z] > git ls-files --stage -- /home/alicja/development/code/phase-0-completing-assignments/README.md [213ms]
[2022-05-04T09:11:23.918Z] > git cat-file -s 2c818843ce69a5a45943fbef0842648440fed51a [3ms]
[2022-05-04T09:11:36.724Z] > git ls-files --stage -- /home/alicja/development/code/phase-0-completing-assignments/test/index-test.js [6ms]
[2022-05-04T09:11:36.739Z] > git cat-file -s 218657a59c29a85f67784d1b7c157dd069b21608 [4ms]
[2022-05-04T09:12:31.672Z] > git ls-files --stage -- /home/alicja/development/code/phase-0-completing-assignments/test/Index.HTML [5ms]
[2022-05-04T09:12:32.171Z] > git symbolic-ref --short HEAD [3ms]
[2022-05-04T09:12:32.188Z] > git for-each-ref --format=%(refname)%00%(upstream:short)%00%(objectname)%00%(upstream:track) refs/heads/master refs/remotes/master [5ms]
[2022-05-04T09:12:32.207Z] > git remote --verbose [3ms]
[2022-05-04T09:12:32.208Z] > git for-each-ref --sort -committerdate --format %(refname) %(objectname) %(*objectname) [12ms]
[2022-05-04T09:12:32.221Z] > git config --get commit.template [2ms]
[2022-05-04T11:27:40.828Z] > git symbolic-ref --short HEAD [11ms]
[2022-05-04T11:27:40.851Z] > git for-each-ref --format=%(refname)%00%(upstream:short)%00%(objectname)%00%(upstream:track) refs/heads/master refs/remotes/master [3ms]
[2022-05-04T11:27:40.894Z] > git remote --verbose [7ms]
[2022-05-04T11:27:40.896Z] > git for-each-ref --sort -committerdate --format %(refname) %(objectname) %(*objectname) [29ms]
[2022-05-04T11:27:40.924Z] > git config --get commit.template [3ms]
[2022-05-04T11:27:45.537Z] > git ls-files --stage -- /home/alicja/development/code/phase-0-completing-assignments/README.md [5ms]
[2022-05-04T11:27:45.562Z] > git cat-file -s 2c818843ce69a5a45943fbef0842648440fed51a [5ms]
[2022-05-04T11:27:46.053Z] > git symbolic-ref --short HEAD [29ms]
[2022-05-04T11:27:46.152Z] > git for-each-ref --format=%(refname)%00%(upstream:short)%00%(objectname)%00%(upstream:track) refs/heads/master refs/remotes/master [12ms]
[2022-05-04T11:27:46.304Z] > git for-each-ref --sort -committerdate --format %(refname) %(objectname) %(*objectname) [137ms]
[2022-05-04T11:27:46.320Z] > git remote --verbose [45ms]
[2022-05-04T11:27:46.681Z] > git config --get commit.template [17ms]
