[2022-05-19 20:19:15.922] [exthost] [info] Extension host with pid 1386 started
[2022-05-19 20:19:15.946] [exthost] [info] Lock '/home/alicja/.vscode-server/data/User/workspaceStorage/7a3b22911c2ae20529ca2d6c5e2eac70/vscode.lock': Lock acquired.
[2022-05-19 20:19:15.977] [exthost] [info] ExtensionService#_doActivateExtension vscode.debug-auto-launch, startup: true, activationEvent: '*'
[2022-05-19 20:19:15.989] [exthost] [info] ExtensionService#_doActivateExtension vscode.git-base, startup: true, activationEvent: '*', root cause: vscode.git
[2022-05-19 20:19:15.997] [exthost] [info] ExtensionService#_doActivateExtension vscode.ipynb, startup: true, activationEvent: '*'
[2022-05-19 20:19:16.089] [exthost] [info] ExtensionService#_doActivateExtension vscode.git, startup: true, activationEvent: '*'
[2022-05-19 20:19:16.239] [exthost] [info] ExtensionService#_doActivateExtension vscode.github, startup: true, activationEvent: '*'
[2022-05-19 20:19:16.346] [exthost] [info] ExtensionService#_doActivateExtension vscode.emmet, startup: false, activationEvent: 'onStartupFinished'
[2022-05-19 20:19:16.375] [exthost] [info] ExtensionService#_doActivateExtension vscode.merge-conflict, startup: false, activationEvent: 'onStartupFinished'
[2022-05-19 20:19:16.383] [exthost] [info] Eager extensions activated
[2022-05-19 20:19:17.476] [exthost] [warning] [Decorations] CAPPING events from decorations provider vscode.git 3355
[2022-05-19 20:19:40.940] [exthost] [warning] [Decorations] CAPPING events from decorations provider vscode.git 3355
[2022-05-19 20:19:46.080] [exthost] [warning] [Decorations] CAPPING events from decorations provider vscode.git 3354
[2022-05-19 20:19:51.241] [exthost] [warning] [Decorations] CAPPING events from decorations provider vscode.git 3354
[2022-05-19 20:19:57.140] [exthost] [warning] [Decorations] CAPPING events from decorations provider vscode.git 3354
[2022-05-19 20:20:02.274] [exthost] [warning] [Decorations] CAPPING events from decorations provider vscode.git 3354
[2022-05-19 20:20:04.195] [exthost] [info] ExtensionService#_doActivateExtension vscode.typescript-language-features, startup: false, activationEvent: 'onLanguage:javascript'
[2022-05-19 20:20:32.847] [exthost] [warning] [Decorations] CAPPING events from decorations provider vscode.git 3357
[2022-05-19 20:20:38.039] [exthost] [warning] [Decorations] CAPPING events from decorations provider vscode.git 3355
[2022-05-19 20:20:43.179] [exthost] [warning] [Decorations] CAPPING events from decorations provider vscode.git 3355
[2022-05-19 20:20:48.333] [exthost] [warning] [Decorations] CAPPING events from decorations provider vscode.git 3355
[2022-05-19 20:20:53.487] [exthost] [warning] [Decorations] CAPPING events from decorations provider vscode.git 3355
[2022-05-19 20:20:58.663] [exthost] [warning] [Decorations] CAPPING events from decorations provider vscode.git 3355
[2022-05-19 20:21:29.646] [exthost] [warning] [Decorations] CAPPING events from decorations provider vscode.git 3355
[2022-05-19 20:21:34.766] [exthost] [warning] [Decorations] CAPPING events from decorations provider vscode.git 3355
[2022-05-19 20:21:39.918] [exthost] [warning] [Decorations] CAPPING events from decorations provider vscode.git 3355
[2022-05-19 20:21:45.054] [exthost] [warning] [Decorations] CAPPING events from decorations provider vscode.git 3355
[2022-05-19 20:22:17.028] [exthost] [warning] [Decorations] CAPPING events from decorations provider vscode.git 3355
[2022-05-19 20:22:22.160] [exthost] [warning] [Decorations] CAPPING events from decorations provider vscode.git 3355
[2022-05-19 20:22:27.307] [exthost] [warning] [Decorations] CAPPING events from decorations provider vscode.git 3355
[2022-05-19 20:22:40.007] [exthost] [warning] [Decorations] CAPPING events from decorations provider vscode.git 3355
[2022-05-19 20:22:45.188] [exthost] [warning] [Decorations] CAPPING events from decorations provider vscode.git 3357
[2022-05-19 20:22:54.702] [exthost] [warning] [Decorations] CAPPING events from decorations provider vscode.git 3357
[2022-05-19 20:22:59.838] [exthost] [warning] [Decorations] CAPPING events from decorations provider vscode.git 3357
[2022-05-19 20:23:05.024] [exthost] [warning] [Decorations] CAPPING events from decorations provider vscode.git 3357
[2022-05-19 20:23:10.145] [exthost] [warning] [Decorations] CAPPING events from decorations provider vscode.git 3358
[2022-05-19 20:23:15.274] [exthost] [warning] [Decorations] CAPPING events from decorations provider vscode.git 3358
[2022-05-19 20:25:09.306] [exthost] [warning] [Decorations] CAPPING events from decorations provider vscode.git 3358
[2022-05-19 20:25:14.494] [exthost] [warning] [Decorations] CAPPING events from decorations provider vscode.git 3358
[2022-05-19 20:25:19.703] [exthost] [warning] [Decorations] CAPPING events from decorations provider vscode.git 3358
[2022-05-19 20:25:26.370] [exthost] [warning] [Decorations] CAPPING events from decorations provider vscode.git 3358
[2022-05-19 20:25:31.541] [exthost] [warning] [Decorations] CAPPING events from decorations provider vscode.git 3358
[2022-05-19 20:25:38.276] [exthost] [warning] [Decorations] CAPPING events from decorations provider vscode.git 3358
[2022-05-19 20:25:43.435] [exthost] [warning] [Decorations] CAPPING events from decorations provider vscode.git 3358
[2022-05-19 20:25:48.589] [exthost] [warning] [Decorations] CAPPING events from decorations provider vscode.git 3358
[2022-05-19 20:25:53.790] [exthost] [warning] [Decorations] CAPPING events from decorations provider vscode.git 3358
[2022-05-19 20:25:58.958] [exthost] [warning] [Decorations] CAPPING events from decorations provider vscode.git 3358
[2022-05-19 20:26:04.152] [exthost] [warning] [Decorations] CAPPING events from decorations provider vscode.git 3358
[2022-05-19 20:26:09.286] [exthost] [warning] [Decorations] CAPPING events from decorations provider vscode.git 3358
[2022-05-19 20:26:14.463] [exthost] [warning] [Decorations] CAPPING events from decorations provider vscode.git 3358
[2022-05-19 20:26:19.587] [exthost] [warning] [Decorations] CAPPING events from decorations provider vscode.git 3358
[2022-05-19 20:26:24.792] [exthost] [warning] [Decorations] CAPPING events from decorations provider vscode.git 3358
[2022-05-19 20:26:30.388] [exthost] [warning] [Decorations] CAPPING events from decorations provider vscode.git 3358
[2022-05-19 20:26:35.672] [exthost] [warning] [Decorations] CAPPING events from decorations provider vscode.git 3358
[2022-05-19 20:26:43.058] [exthost] [warning] [Decorations] CAPPING events from decorations provider vscode.git 3358
[2022-05-19 20:26:52.164] [exthost] [warning] [Decorations] CAPPING events from decorations provider vscode.git 3358
[2022-05-19 20:26:57.321] [exthost] [warning] [Decorations] CAPPING events from decorations provider vscode.git 3358
[2022-05-19 20:28:05.741] [exthost] [warning] [Decorations] CAPPING events from decorations provider vscode.git 3358
[2022-05-19 20:28:10.896] [exthost] [warning] [Decorations] CAPPING events from decorations provider vscode.git 3358
[2022-05-19 20:28:17.690] [exthost] [warning] [Decorations] CAPPING events from decorations provider vscode.git 3358
[2022-05-19 20:28:22.838] [exthost] [warning] [Decorations] CAPPING events from decorations provider vscode.git 3358
[2022-05-19 20:28:27.992] [exthost] [warning] [Decorations] CAPPING events from decorations provider vscode.git 3358
[2022-05-19 20:28:33.161] [exthost] [warning] [Decorations] CAPPING events from decorations provider vscode.git 3358
[2022-05-19 20:28:38.295] [exthost] [warning] [Decorations] CAPPING events from decorations provider vscode.git 3358
[2022-05-19 20:28:43.444] [exthost] [warning] [Decorations] CAPPING events from decorations provider vscode.git 3358
[2022-05-19 20:28:49.473] [exthost] [warning] [Decorations] CAPPING events from decorations provider vscode.git 3358
[2022-05-19 20:28:54.636] [exthost] [warning] [Decorations] CAPPING events from decorations provider vscode.git 3359
[2022-05-19 20:28:59.839] [exthost] [warning] [Decorations] CAPPING events from decorations provider vscode.git 3359
[2022-05-19 20:29:04.978] [exthost] [warning] [Decorations] CAPPING events from decorations provider vscode.git 3359
[2022-05-19 20:29:10.171] [exthost] [warning] [Decorations] CAPPING events from decorations provider vscode.git 3359
[2022-05-19 20:29:15.315] [exthost] [warning] [Decorations] CAPPING events from decorations provider vscode.git 3359
[2022-05-19 20:29:20.456] [exthost] [warning] [Decorations] CAPPING events from decorations provider vscode.git 3359
[2022-05-19 20:29:25.704] [exthost] [warning] [Decorations] CAPPING events from decorations provider vscode.git 3359
[2022-05-19 20:29:32.265] [exthost] [warning] [Decorations] CAPPING events from decorations provider vscode.git 3359
[2022-05-19 20:29:37.445] [exthost] [warning] [Decorations] CAPPING events from decorations provider vscode.git 3359
[2022-05-19 20:29:42.586] [exthost] [warning] [Decorations] CAPPING events from decorations provider vscode.git 3359
[2022-05-19 20:30:54.182] [exthost] [warning] [Decorations] CAPPING events from decorations provider vscode.git 3359
[2022-05-19 20:30:59.341] [exthost] [warning] [Decorations] CAPPING events from decorations provider vscode.git 3359
[2022-05-19 20:31:06.218] [exthost] [warning] [Decorations] CAPPING events from decorations provider vscode.git 3359
[2022-05-19 20:31:11.373] [exthost] [warning] [Decorations] CAPPING events from decorations provider vscode.git 3359
[2022-05-19 20:31:16.544] [exthost] [warning] [Decorations] CAPPING events from decorations provider vscode.git 3359
[2022-05-19 20:31:21.695] [exthost] [warning] [Decorations] CAPPING events from decorations provider vscode.git 3359
[2022-05-19 20:31:26.898] [exthost] [warning] [Decorations] CAPPING events from decorations provider vscode.git 3359
[2022-05-19 20:31:32.130] [exthost] [warning] [Decorations] CAPPING events from decorations provider vscode.git 3359
[2022-05-19 20:31:37.284] [exthost] [warning] [Decorations] CAPPING events from decorations provider vscode.git 3359
[2022-05-19 20:31:42.458] [exthost] [warning] [Decorations] CAPPING events from decorations provider vscode.git 3359
[2022-05-19 20:31:47.691] [exthost] [warning] [Decorations] CAPPING events from decorations provider vscode.git 3359
[2022-05-19 20:31:52.861] [exthost] [warning] [Decorations] CAPPING events from decorations provider vscode.git 3359
[2022-05-19 20:31:58.052] [exthost] [warning] [Decorations] CAPPING events from decorations provider vscode.git 3359
[2022-05-19 20:32:03.805] [exthost] [warning] [Decorations] CAPPING events from decorations provider vscode.git 3359
[2022-05-19 20:32:08.952] [exthost] [warning] [Decorations] CAPPING events from decorations provider vscode.git 3359
[2022-05-19 20:32:14.094] [exthost] [warning] [Decorations] CAPPING events from decorations provider vscode.git 3359
[2022-05-19 20:32:21.776] [exthost] [warning] [Decorations] CAPPING events from decorations provider vscode.git 3359
[2022-05-19 20:32:26.904] [exthost] [warning] [Decorations] CAPPING events from decorations provider vscode.git 3359
[2022-05-19 20:32:32.035] [exthost] [warning] [Decorations] CAPPING events from decorations provider vscode.git 3359
[2022-05-19 20:32:37.678] [exthost] [warning] [Decorations] CAPPING events from decorations provider vscode.git 3359
[2022-05-19 20:36:11.695] [exthost] [warning] [Decorations] CAPPING events from decorations provider vscode.git 3359
[2022-05-19 20:36:16.895] [exthost] [warning] [Decorations] CAPPING events from decorations provider vscode.git 3359
[2022-05-19 20:36:22.097] [exthost] [warning] [Decorations] CAPPING events from decorations provider vscode.git 3359
[2022-05-19 20:36:30.531] [exthost] [warning] [Decorations] CAPPING events from decorations provider vscode.git 3359
[2022-05-19 20:41:52.091] [exthost] [warning] [Decorations] CAPPING events from decorations provider vscode.git 3359
[2022-05-19 20:42:00.885] [exthost] [warning] [Decorations] CAPPING events from decorations provider vscode.git 3359
[2022-05-19 20:42:08.535] [exthost] [warning] [Decorations] CAPPING events from decorations provider vscode.git 3359
[2022-05-19 20:48:53.827] [exthost] [warning] [Decorations] CAPPING events from decorations provider vscode.git 3359
[2022-05-19 20:49:02.565] [exthost] [warning] [Decorations] CAPPING events from decorations provider vscode.git 3359
[2022-05-19 20:49:07.749] [exthost] [warning] [Decorations] CAPPING events from decorations provider vscode.git 3359
[2022-05-19 20:49:13.012] [exthost] [warning] [Decorations] CAPPING events from decorations provider vscode.git 3359
[2022-05-19 20:49:18.777] [exthost] [warning] [Decorations] CAPPING events from decorations provider vscode.git 3359
[2022-05-19 20:49:29.127] [exthost] [warning] [Decorations] CAPPING events from decorations provider vscode.git 3359
[2022-05-19 20:49:34.271] [exthost] [warning] [Decorations] CAPPING events from decorations provider vscode.git 3359
[2022-05-19 20:49:39.397] [exthost] [warning] [Decorations] CAPPING events from decorations provider vscode.git 3359
[2022-05-19 20:49:44.531] [exthost] [warning] [Decorations] CAPPING events from decorations provider vscode.git 3359
[2022-05-19 20:49:49.668] [exthost] [warning] [Decorations] CAPPING events from decorations provider vscode.git 3359
[2022-05-19 20:49:54.796] [exthost] [warning] [Decorations] CAPPING events from decorations provider vscode.git 3359
[2022-05-19 20:49:59.925] [exthost] [warning] [Decorations] CAPPING events from decorations provider vscode.git 3359
[2022-05-19 20:50:05.071] [exthost] [warning] [Decorations] CAPPING events from decorations provider vscode.git 3359
[2022-05-19 20:50:13.745] [exthost] [warning] [Decorations] CAPPING events from decorations provider vscode.git 3359
[2022-05-19 20:51:44.798] [exthost] [warning] [Decorations] CAPPING events from decorations provider vscode.git 3359
[2022-05-19 20:53:11.519] [exthost] [warning] [Decorations] CAPPING events from decorations provider vscode.git 3359
[2022-05-21 21:36:30.534] [exthost] [warning] [Decorations] CAPPING events from decorations provider vscode.git 3359
[2022-05-21 21:36:35.910] [exthost] [warning] [Decorations] CAPPING events from decorations provider vscode.git 3359
[2022-05-22 15:33:59.091] [exthost] [warning] [Decorations] CAPPING events from decorations provider vscode.git 3359
[2022-05-22 15:34:04.507] [exthost] [info] Extension host terminating: received terminate message from renderer
[2022-05-22 15:34:04.515] [exthost] [info] Lock '/home/alicja/.vscode-server/data/User/workspaceStorage/7a3b22911c2ae20529ca2d6c5e2eac70/vscode.lock': Marking the lockfile as scheduled to be released in 6000 ms.
[2022-05-22 15:34:04.716] [exthost] [info] Extension host with pid 1386 exiting with code 0
